ARM GAS  C:\Users\Austina\AppData\Local\Temp\ccw05Ooy.s 			page 1


   1              		.syntax unified
   2              		.cpu cortex-m4
   3              		.eabi_attribute 27, 1
   4              		.fpu fpv4-sp-d16
   5              		.eabi_attribute 20, 1
   6              		.eabi_attribute 21, 1
   7              		.eabi_attribute 23, 3
   8              		.eabi_attribute 24, 1
   9              		.eabi_attribute 25, 1
  10              		.eabi_attribute 26, 1
  11              		.eabi_attribute 30, 1
  12              		.eabi_attribute 34, 1
  13              		.eabi_attribute 18, 4
  14              		.thumb
  15              		.syntax unified
  16              		.file	"BLE_custom_config.c"
  17              		.text
  18              	.Ltext0:
  19              		.cfi_sections	.debug_frame
  20              		.global	cy_ble_customConfig
  21              		.global	cy_ble_customCServ
  22              		.section	.rodata
  23              		.align	2
  24              		.type	cy_ble_customUuid16, %object
  25              		.size	cy_ble_customUuid16, 8
  26              	cy_ble_customUuid16:
  27 0000 0229     		.short	10498
  28 0002 0229     		.short	10498
  29 0004 0229     		.short	10498
  30 0006 0229     		.short	10498
  31              		.type	cy_ble_customUuid128, %object
  32              		.size	cy_ble_customUuid128, 272
  33              	cy_ble_customUuid128:
  34 0008 52       		.byte	82
  35 0009 08       		.byte	8
  36 000a 46       		.byte	70
  37 000b 60       		.byte	96
  38 000c F7       		.byte	-9
  39 000d CD       		.byte	-51
  40 000e 05       		.byte	5
  41 000f B8       		.byte	-72
  42 0010 A4       		.byte	-92
  43 0011 42       		.byte	66
  44 0012 A1       		.byte	-95
  45 0013 62       		.byte	98
  46 0014 09       		.byte	9
  47 0015 9F       		.byte	-97
  48 0016 89       		.byte	-119
  49 0017 02       		.byte	2
  50 0018 3F       		.byte	63
  51 0019 DA       		.byte	-38
  52 001a 0F       		.byte	15
  53 001b 3E       		.byte	62
  54 001c 44       		.byte	68
  55 001d 65       		.byte	101
  56 001e C5       		.byte	-59
  57 001f A4       		.byte	-92
ARM GAS  C:\Users\Austina\AppData\Local\Temp\ccw05Ooy.s 			page 2


  58 0020 67       		.byte	103
  59 0021 48       		.byte	72
  60 0022 7D       		.byte	125
  61 0023 AA       		.byte	-86
  62 0024 4B       		.byte	75
  63 0025 87       		.byte	-121
  64 0026 CF       		.byte	-49
  65 0027 EB       		.byte	-21
  66 0028 A3       		.byte	-93
  67 0029 CE       		.byte	-50
  68 002a E3       		.byte	-29
  69 002b 69       		.byte	105
  70 002c DB       		.byte	-37
  71 002d F9       		.byte	-7
  72 002e B1       		.byte	-79
  73 002f 98       		.byte	-104
  74 0030 C0       		.byte	-64
  75 0031 49       		.byte	73
  76 0032 84       		.byte	-124
  77 0033 43       		.byte	67
  78 0034 46       		.byte	70
  79 0035 99       		.byte	-103
  80 0036 E6       		.byte	-26
  81 0037 1A       		.byte	26
  82 0038 7F       		.byte	127
  83 0039 C5       		.byte	-59
  84 003a 4D       		.byte	77
  85 003b 39       		.byte	57
  86 003c 68       		.byte	104
  87 003d 7E       		.byte	126
  88 003e B4       		.byte	-76
  89 003f A8       		.byte	-88
  90 0040 7B       		.byte	123
  91 0041 4A       		.byte	74
  92 0042 48       		.byte	72
  93 0043 75       		.byte	117
  94 0044 A5       		.byte	-91
  95 0045 C2       		.byte	-62
  96 0046 12       		.byte	18
  97 0047 34       		.byte	52
  98 0048 A3       		.byte	-93
  99 0049 CE       		.byte	-50
 100 004a E3       		.byte	-29
 101 004b 69       		.byte	105
 102 004c DB       		.byte	-37
 103 004d F9       		.byte	-7
 104 004e B1       		.byte	-79
 105 004f 98       		.byte	-104
 106 0050 C0       		.byte	-64
 107 0051 49       		.byte	73
 108 0052 84       		.byte	-124
 109 0053 43       		.byte	67
 110 0054 46       		.byte	70
 111 0055 99       		.byte	-103
 112 0056 E6       		.byte	-26
 113 0057 1A       		.byte	26
 114 0058 37       		.byte	55
ARM GAS  C:\Users\Austina\AppData\Local\Temp\ccw05Ooy.s 			page 3


 115 0059 0D       		.byte	13
 116 005a 2C       		.byte	44
 117 005b 36       		.byte	54
 118 005c EE       		.byte	-18
 119 005d 90       		.byte	-112
 120 005e D7       		.byte	-41
 121 005f 8A       		.byte	-118
 122 0060 4B       		.byte	75
 123 0061 44       		.byte	68
 124 0062 C8       		.byte	-56
 125 0063 D1       		.byte	-47
 126 0064 11       		.byte	17
 127 0065 32       		.byte	50
 128 0066 32       		.byte	50
 129 0067 AD       		.byte	-83
 130 0068 A3       		.byte	-93
 131 0069 CE       		.byte	-50
 132 006a E3       		.byte	-29
 133 006b 69       		.byte	105
 134 006c DB       		.byte	-37
 135 006d F9       		.byte	-7
 136 006e B1       		.byte	-79
 137 006f 98       		.byte	-104
 138 0070 C0       		.byte	-64
 139 0071 49       		.byte	73
 140 0072 84       		.byte	-124
 141 0073 43       		.byte	67
 142 0074 46       		.byte	70
 143 0075 99       		.byte	-103
 144 0076 E6       		.byte	-26
 145 0077 1A       		.byte	26
 146 0078 36       		.byte	54
 147 0079 AC       		.byte	-84
 148 007a 71       		.byte	113
 149 007b 39       		.byte	57
 150 007c 21       		.byte	33
 151 007d 56       		.byte	86
 152 007e 80       		.byte	-128
 153 007f A8       		.byte	-88
 154 0080 91       		.byte	-111
 155 0081 41       		.byte	65
 156 0082 28       		.byte	40
 157 0083 AF       		.byte	-81
 158 0084 FD       		.byte	-3
 159 0085 8D       		.byte	-115
 160 0086 13       		.byte	19
 161 0087 BA       		.byte	-70
 162 0088 A3       		.byte	-93
 163 0089 CE       		.byte	-50
 164 008a E3       		.byte	-29
 165 008b 69       		.byte	105
 166 008c DB       		.byte	-37
 167 008d F9       		.byte	-7
 168 008e B1       		.byte	-79
 169 008f 98       		.byte	-104
 170 0090 C0       		.byte	-64
 171 0091 49       		.byte	73
ARM GAS  C:\Users\Austina\AppData\Local\Temp\ccw05Ooy.s 			page 4


 172 0092 84       		.byte	-124
 173 0093 43       		.byte	67
 174 0094 46       		.byte	70
 175 0095 99       		.byte	-103
 176 0096 E6       		.byte	-26
 177 0097 1A       		.byte	26
 178 0098 AF       		.byte	-81
 179 0099 14       		.byte	20
 180 009a C3       		.byte	-61
 181 009b 7F       		.byte	127
 182 009c C1       		.byte	-63
 183 009d 01       		.byte	1
 184 009e E9       		.byte	-23
 185 009f BA       		.byte	-70
 186 00a0 91       		.byte	-111
 187 00a1 40       		.byte	64
 188 00a2 B9       		.byte	-71
 189 00a3 20       		.byte	32
 190 00a4 20       		.byte	32
 191 00a5 C8       		.byte	-56
 192 00a6 58       		.byte	88
 193 00a7 DE       		.byte	-34
 194 00a8 A3       		.byte	-93
 195 00a9 CE       		.byte	-50
 196 00aa E3       		.byte	-29
 197 00ab 69       		.byte	105
 198 00ac DB       		.byte	-37
 199 00ad F9       		.byte	-7
 200 00ae B1       		.byte	-79
 201 00af 98       		.byte	-104
 202 00b0 C0       		.byte	-64
 203 00b1 49       		.byte	73
 204 00b2 84       		.byte	-124
 205 00b3 43       		.byte	67
 206 00b4 46       		.byte	70
 207 00b5 99       		.byte	-103
 208 00b6 E6       		.byte	-26
 209 00b7 1A       		.byte	26
 210 00b8 1C       		.byte	28
 211 00b9 2A       		.byte	42
 212 00ba 80       		.byte	-128
 213 00bb 59       		.byte	89
 214 00bc 6A       		.byte	106
 215 00bd A0       		.byte	-96
 216 00be FF       		.byte	-1
 217 00bf 8A       		.byte	-118
 218 00c0 66       		.byte	102
 219 00c1 4D       		.byte	77
 220 00c2 5B       		.byte	91
 221 00c3 E1       		.byte	-31
 222 00c4 25       		.byte	37
 223 00c5 54       		.byte	84
 224 00c6 17       		.byte	23
 225 00c7 15       		.byte	21
 226 00c8 A3       		.byte	-93
 227 00c9 CE       		.byte	-50
 228 00ca E3       		.byte	-29
ARM GAS  C:\Users\Austina\AppData\Local\Temp\ccw05Ooy.s 			page 5


 229 00cb 69       		.byte	105
 230 00cc DB       		.byte	-37
 231 00cd F9       		.byte	-7
 232 00ce B1       		.byte	-79
 233 00cf 98       		.byte	-104
 234 00d0 C0       		.byte	-64
 235 00d1 49       		.byte	73
 236 00d2 84       		.byte	-124
 237 00d3 43       		.byte	67
 238 00d4 46       		.byte	70
 239 00d5 99       		.byte	-103
 240 00d6 E6       		.byte	-26
 241 00d7 1A       		.byte	26
 242 00d8 25       		.byte	37
 243 00d9 9A       		.byte	-102
 244 00da 70       		.byte	112
 245 00db 12       		.byte	18
 246 00dc 46       		.byte	70
 247 00dd 8C       		.byte	-116
 248 00de 42       		.byte	66
 249 00df B9       		.byte	-71
 250 00e0 DE       		.byte	-34
 251 00e1 46       		.byte	70
 252 00e2 F1       		.byte	-15
 253 00e3 43       		.byte	67
 254 00e4 7C       		.byte	124
 255 00e5 35       		.byte	53
 256 00e6 D2       		.byte	-46
 257 00e7 BC       		.byte	-68
 258 00e8 A3       		.byte	-93
 259 00e9 CE       		.byte	-50
 260 00ea E3       		.byte	-29
 261 00eb 69       		.byte	105
 262 00ec DB       		.byte	-37
 263 00ed F9       		.byte	-7
 264 00ee B1       		.byte	-79
 265 00ef 98       		.byte	-104
 266 00f0 C0       		.byte	-64
 267 00f1 49       		.byte	73
 268 00f2 84       		.byte	-124
 269 00f3 43       		.byte	67
 270 00f4 46       		.byte	70
 271 00f5 99       		.byte	-103
 272 00f6 E6       		.byte	-26
 273 00f7 1A       		.byte	26
 274 00f8 A4       		.byte	-92
 275 00f9 B8       		.byte	-72
 276 00fa 24       		.byte	36
 277 00fb 5B       		.byte	91
 278 00fc 50       		.byte	80
 279 00fd 46       		.byte	70
 280 00fe FE       		.byte	-2
 281 00ff 9A       		.byte	-102
 282 0100 C0       		.byte	-64
 283 0101 41       		.byte	65
 284 0102 E4       		.byte	-28
 285 0103 84       		.byte	-124
ARM GAS  C:\Users\Austina\AppData\Local\Temp\ccw05Ooy.s 			page 6


 286 0104 24       		.byte	36
 287 0105 7C       		.byte	124
 288 0106 7D       		.byte	125
 289 0107 50       		.byte	80
 290 0108 A3       		.byte	-93
 291 0109 CE       		.byte	-50
 292 010a E3       		.byte	-29
 293 010b 69       		.byte	105
 294 010c DB       		.byte	-37
 295 010d F9       		.byte	-7
 296 010e B1       		.byte	-79
 297 010f 98       		.byte	-104
 298 0110 C0       		.byte	-64
 299 0111 49       		.byte	73
 300 0112 84       		.byte	-124
 301 0113 43       		.byte	67
 302 0114 46       		.byte	70
 303 0115 99       		.byte	-103
 304 0116 E6       		.byte	-26
 305 0117 1A       		.byte	26
 306              		.data
 307              		.align	2
 308              		.type	cy_ble_customConfig, %object
 309              		.size	cy_ble_customConfig, 4
 310              	cy_ble_customConfig:
 311 0000 00000000 		.word	cy_ble_customCServ
 312              		.type	cy_ble_customCServ, %object
 313              		.size	cy_ble_customCServ, 16
 314              	cy_ble_customCServ:
 315 0004 0000     		.short	0
 316 0006 0000     		.space	2
 317 0008 08000000 		.word	cy_ble_customUuid128
 318 000c 02       		.byte	2
 319 000d 08       		.byte	8
 320 000e 0000     		.space	2
 321 0010 14000000 		.word	cy_ble_customCChar
 322              		.type	cy_ble_customCChar, %object
 323              		.size	cy_ble_customCChar, 128
 324              	cy_ble_customCChar:
 325 0014 0000     		.short	0
 326 0016 0000     		.short	0
 327 0018 18000000 		.word	cy_ble_customUuid128+16
 328 001c 02       		.byte	2
 329 001d 00       		.byte	0
 330 001e 02       		.byte	2
 331 001f 00       		.space	1
 332 0020 94000000 		.word	cy_ble_customCDesc
 333 0024 0000     		.short	0
 334 0026 0000     		.short	0
 335 0028 38000000 		.word	cy_ble_customUuid128+48
 336 002c 02       		.byte	2
 337 002d 00       		.byte	0
 338 002e 02       		.byte	2
 339 002f 00       		.space	1
 340 0030 AC000000 		.word	cy_ble_customCDesc+24
 341 0034 0000     		.short	0
 342 0036 0000     		.short	0
ARM GAS  C:\Users\Austina\AppData\Local\Temp\ccw05Ooy.s 			page 7


 343 0038 58000000 		.word	cy_ble_customUuid128+80
 344 003c 02       		.byte	2
 345 003d 00       		.byte	0
 346 003e 01       		.byte	1
 347 003f 00       		.space	1
 348 0040 C4000000 		.word	cy_ble_customCDesc+48
 349 0044 0000     		.short	0
 350 0046 0000     		.short	0
 351 0048 78000000 		.word	cy_ble_customUuid128+112
 352 004c 02       		.byte	2
 353 004d 00       		.byte	0
 354 004e 01       		.byte	1
 355 004f 00       		.space	1
 356 0050 D0000000 		.word	cy_ble_customCDesc+60
 357 0054 0000     		.short	0
 358 0056 0000     		.short	0
 359 0058 98000000 		.word	cy_ble_customUuid128+144
 360 005c 02       		.byte	2
 361 005d 00       		.byte	0
 362 005e 02       		.byte	2
 363 005f 00       		.space	1
 364 0060 DC000000 		.word	cy_ble_customCDesc+72
 365 0064 0000     		.short	0
 366 0066 0000     		.short	0
 367 0068 B8000000 		.word	cy_ble_customUuid128+176
 368 006c 02       		.byte	2
 369 006d 00       		.byte	0
 370 006e 02       		.byte	2
 371 006f 00       		.space	1
 372 0070 F4000000 		.word	cy_ble_customCDesc+96
 373 0074 0000     		.short	0
 374 0076 0000     		.short	0
 375 0078 D8000000 		.word	cy_ble_customUuid128+208
 376 007c 02       		.byte	2
 377 007d 00       		.byte	0
 378 007e 01       		.byte	1
 379 007f 00       		.space	1
 380 0080 0C010000 		.word	cy_ble_customCDesc+120
 381 0084 0000     		.short	0
 382 0086 0000     		.short	0
 383 0088 F8000000 		.word	cy_ble_customUuid128+240
 384 008c 02       		.byte	2
 385 008d 00       		.byte	0
 386 008e 01       		.byte	1
 387 008f 00       		.space	1
 388 0090 18010000 		.word	cy_ble_customCDesc+132
 389              		.type	cy_ble_customCDesc, %object
 390              		.size	cy_ble_customCDesc, 144
 391              	cy_ble_customCDesc:
 392 0094 0000     		.short	0
 393 0096 0000     		.space	2
 394 0098 28000000 		.word	cy_ble_customUuid128+32
 395 009c 02       		.byte	2
 396 009d 000000   		.space	3
 397 00a0 0000     		.short	0
 398 00a2 0000     		.space	2
 399 00a4 00000000 		.word	cy_ble_customUuid16
ARM GAS  C:\Users\Austina\AppData\Local\Temp\ccw05Ooy.s 			page 8


 400 00a8 01       		.byte	1
 401 00a9 000000   		.space	3
 402 00ac 0000     		.short	0
 403 00ae 0000     		.space	2
 404 00b0 48000000 		.word	cy_ble_customUuid128+64
 405 00b4 02       		.byte	2
 406 00b5 000000   		.space	3
 407 00b8 0000     		.short	0
 408 00ba 0000     		.space	2
 409 00bc 02000000 		.word	cy_ble_customUuid16+2
 410 00c0 01       		.byte	1
 411 00c1 000000   		.space	3
 412 00c4 0000     		.short	0
 413 00c6 0000     		.space	2
 414 00c8 68000000 		.word	cy_ble_customUuid128+96
 415 00cc 02       		.byte	2
 416 00cd 000000   		.space	3
 417 00d0 0000     		.short	0
 418 00d2 0000     		.space	2
 419 00d4 88000000 		.word	cy_ble_customUuid128+128
 420 00d8 02       		.byte	2
 421 00d9 000000   		.space	3
 422 00dc 0000     		.short	0
 423 00de 0000     		.space	2
 424 00e0 A8000000 		.word	cy_ble_customUuid128+160
 425 00e4 02       		.byte	2
 426 00e5 000000   		.space	3
 427 00e8 0000     		.short	0
 428 00ea 0000     		.space	2
 429 00ec 04000000 		.word	cy_ble_customUuid16+4
 430 00f0 01       		.byte	1
 431 00f1 000000   		.space	3
 432 00f4 0000     		.short	0
 433 00f6 0000     		.space	2
 434 00f8 C8000000 		.word	cy_ble_customUuid128+192
 435 00fc 02       		.byte	2
 436 00fd 000000   		.space	3
 437 0100 0000     		.short	0
 438 0102 0000     		.space	2
 439 0104 06000000 		.word	cy_ble_customUuid16+6
 440 0108 01       		.byte	1
 441 0109 000000   		.space	3
 442 010c 0000     		.short	0
 443 010e 0000     		.space	2
 444 0110 E8000000 		.word	cy_ble_customUuid128+224
 445 0114 02       		.byte	2
 446 0115 000000   		.space	3
 447 0118 0000     		.short	0
 448 011a 0000     		.space	2
 449 011c 08010000 		.word	cy_ble_customUuid128+256
 450 0120 02       		.byte	2
 451 0121 000000   		.space	3
 452              		.text
 453              	.Letext0:
 454              		.file 1 "c:\\program files (x86)\\cypress\\psoc creator\\4.4\\psoc creator\\import\\gnu\\arm\\5.4.
 455              		.file 2 "c:\\program files (x86)\\cypress\\psoc creator\\4.4\\psoc creator\\import\\gnu\\arm\\5.4.
 456              		.file 3 "Generated_Source\\PSoC6\\pdl\\drivers/peripheral/device/cy_device.h"
ARM GAS  C:\Users\Austina\AppData\Local\Temp\ccw05Ooy.s 			page 9


 457              		.file 4 "Generated_Source\\PSoC6\\pdl\\middleware/ble/cy_ble_stack_host_main.h"
 458              		.file 5 "Generated_Source\\PSoC6\\pdl\\middleware/ble/cy_ble_stack_gatt.h"
 459              		.file 6 "Generated_Source\\PSoC6\\pdl\\middleware/ble/cy_ble_gap.h"
 460              		.file 7 "Generated_Source\\PSoC6\\pdl\\middleware/ble/cy_ble_custom.h"
 461              		.file 8 "Generated_Source\\PSoC6\\BLE_custom_config.c"
 462              		.file 9 "Generated_Source\\PSoC6\\pdl\\cmsis/include/core_cm4.h"
 463              		.section	.debug_info,"",%progbits
 464              	.Ldebug_info0:
 465 0000 93080000 		.4byte	0x893
 466 0004 0400     		.2byte	0x4
 467 0006 00000000 		.4byte	.Ldebug_abbrev0
 468 000a 04       		.byte	0x4
 469 000b 01       		.uleb128 0x1
 470 000c C7060000 		.4byte	.LASF161
 471 0010 0C       		.byte	0xc
 472 0011 7D040000 		.4byte	.LASF162
 473 0015 A5000000 		.4byte	.LASF163
 474 0019 00000000 		.4byte	.Ldebug_line0
 475 001d 02       		.uleb128 0x2
 476 001e 04       		.byte	0x4
 477 001f 05       		.byte	0x5
 478 0020 696E7400 		.ascii	"int\000"
 479 0024 03       		.uleb128 0x3
 480 0025 04       		.byte	0x4
 481 0026 07       		.byte	0x7
 482 0027 CE030000 		.4byte	.LASF0
 483 002b 03       		.uleb128 0x3
 484 002c 08       		.byte	0x8
 485 002d 05       		.byte	0x5
 486 002e D0010000 		.4byte	.LASF1
 487 0032 03       		.uleb128 0x3
 488 0033 08       		.byte	0x8
 489 0034 04       		.byte	0x4
 490 0035 45090000 		.4byte	.LASF2
 491 0039 03       		.uleb128 0x3
 492 003a 01       		.byte	0x1
 493 003b 06       		.byte	0x6
 494 003c DE010000 		.4byte	.LASF3
 495 0040 04       		.uleb128 0x4
 496 0041 86000000 		.4byte	.LASF5
 497 0045 01       		.byte	0x1
 498 0046 1D       		.byte	0x1d
 499 0047 4B000000 		.4byte	0x4b
 500 004b 03       		.uleb128 0x3
 501 004c 01       		.byte	0x1
 502 004d 08       		.byte	0x8
 503 004e 46080000 		.4byte	.LASF4
 504 0052 04       		.uleb128 0x4
 505 0053 5D030000 		.4byte	.LASF6
 506 0057 01       		.byte	0x1
 507 0058 29       		.byte	0x29
 508 0059 5D000000 		.4byte	0x5d
 509 005d 03       		.uleb128 0x3
 510 005e 02       		.byte	0x2
 511 005f 05       		.byte	0x5
 512 0060 68080000 		.4byte	.LASF7
 513 0064 04       		.uleb128 0x4
ARM GAS  C:\Users\Austina\AppData\Local\Temp\ccw05Ooy.s 			page 10


 514 0065 75090000 		.4byte	.LASF8
 515 0069 01       		.byte	0x1
 516 006a 2B       		.byte	0x2b
 517 006b 6F000000 		.4byte	0x6f
 518 006f 03       		.uleb128 0x3
 519 0070 02       		.byte	0x2
 520 0071 07       		.byte	0x7
 521 0072 030A0000 		.4byte	.LASF9
 522 0076 04       		.uleb128 0x4
 523 0077 AC090000 		.4byte	.LASF10
 524 007b 01       		.byte	0x1
 525 007c 3F       		.byte	0x3f
 526 007d 81000000 		.4byte	0x81
 527 0081 03       		.uleb128 0x3
 528 0082 04       		.byte	0x4
 529 0083 05       		.byte	0x5
 530 0084 32020000 		.4byte	.LASF11
 531 0088 04       		.uleb128 0x4
 532 0089 07030000 		.4byte	.LASF12
 533 008d 01       		.byte	0x1
 534 008e 41       		.byte	0x41
 535 008f 93000000 		.4byte	0x93
 536 0093 03       		.uleb128 0x3
 537 0094 04       		.byte	0x4
 538 0095 07       		.byte	0x7
 539 0096 3D040000 		.4byte	.LASF13
 540 009a 03       		.uleb128 0x3
 541 009b 08       		.byte	0x8
 542 009c 07       		.byte	0x7
 543 009d 4D010000 		.4byte	.LASF14
 544 00a1 03       		.uleb128 0x3
 545 00a2 04       		.byte	0x4
 546 00a3 07       		.byte	0x7
 547 00a4 05060000 		.4byte	.LASF15
 548 00a8 03       		.uleb128 0x3
 549 00a9 01       		.byte	0x1
 550 00aa 08       		.byte	0x8
 551 00ab 51090000 		.4byte	.LASF16
 552 00af 04       		.uleb128 0x4
 553 00b0 C10A0000 		.4byte	.LASF17
 554 00b4 02       		.byte	0x2
 555 00b5 18       		.byte	0x18
 556 00b6 40000000 		.4byte	0x40
 557 00ba 04       		.uleb128 0x4
 558 00bb C8010000 		.4byte	.LASF18
 559 00bf 02       		.byte	0x2
 560 00c0 20       		.byte	0x20
 561 00c1 52000000 		.4byte	0x52
 562 00c5 04       		.uleb128 0x4
 563 00c6 22040000 		.4byte	.LASF19
 564 00ca 02       		.byte	0x2
 565 00cb 24       		.byte	0x24
 566 00cc 64000000 		.4byte	0x64
 567 00d0 04       		.uleb128 0x4
 568 00d1 3E080000 		.4byte	.LASF20
 569 00d5 02       		.byte	0x2
 570 00d6 2C       		.byte	0x2c
ARM GAS  C:\Users\Austina\AppData\Local\Temp\ccw05Ooy.s 			page 11


 571 00d7 76000000 		.4byte	0x76
 572 00db 04       		.uleb128 0x4
 573 00dc 11090000 		.4byte	.LASF21
 574 00e0 02       		.byte	0x2
 575 00e1 30       		.byte	0x30
 576 00e2 88000000 		.4byte	0x88
 577 00e6 05       		.uleb128 0x5
 578 00e7 B8       		.byte	0xb8
 579 00e8 03       		.byte	0x3
 580 00e9 34       		.byte	0x34
 581 00ea F7040000 		.4byte	0x4f7
 582 00ee 06       		.uleb128 0x6
 583 00ef 1A010000 		.4byte	.LASF22
 584 00f3 03       		.byte	0x3
 585 00f4 37       		.byte	0x37
 586 00f5 DB000000 		.4byte	0xdb
 587 00f9 00       		.byte	0
 588 00fa 06       		.uleb128 0x6
 589 00fb FC020000 		.4byte	.LASF23
 590 00ff 03       		.byte	0x3
 591 0100 38       		.byte	0x38
 592 0101 DB000000 		.4byte	0xdb
 593 0105 04       		.byte	0x4
 594 0106 06       		.uleb128 0x6
 595 0107 60020000 		.4byte	.LASF24
 596 010b 03       		.byte	0x3
 597 010c 39       		.byte	0x39
 598 010d DB000000 		.4byte	0xdb
 599 0111 08       		.byte	0x8
 600 0112 06       		.uleb128 0x6
 601 0113 06080000 		.4byte	.LASF25
 602 0117 03       		.byte	0x3
 603 0118 3A       		.byte	0x3a
 604 0119 DB000000 		.4byte	0xdb
 605 011d 0C       		.byte	0xc
 606 011e 06       		.uleb128 0x6
 607 011f FF010000 		.4byte	.LASF26
 608 0123 03       		.byte	0x3
 609 0124 3B       		.byte	0x3b
 610 0125 DB000000 		.4byte	0xdb
 611 0129 10       		.byte	0x10
 612 012a 06       		.uleb128 0x6
 613 012b 28020000 		.4byte	.LASF27
 614 012f 03       		.byte	0x3
 615 0130 3C       		.byte	0x3c
 616 0131 DB000000 		.4byte	0xdb
 617 0135 14       		.byte	0x14
 618 0136 06       		.uleb128 0x6
 619 0137 74040000 		.4byte	.LASF28
 620 013b 03       		.byte	0x3
 621 013c 3D       		.byte	0x3d
 622 013d DB000000 		.4byte	0xdb
 623 0141 18       		.byte	0x18
 624 0142 06       		.uleb128 0x6
 625 0143 6F000000 		.4byte	.LASF29
 626 0147 03       		.byte	0x3
 627 0148 3E       		.byte	0x3e
ARM GAS  C:\Users\Austina\AppData\Local\Temp\ccw05Ooy.s 			page 12


 628 0149 DB000000 		.4byte	0xdb
 629 014d 1C       		.byte	0x1c
 630 014e 06       		.uleb128 0x6
 631 014f 2B0B0000 		.4byte	.LASF30
 632 0153 03       		.byte	0x3
 633 0154 3F       		.byte	0x3f
 634 0155 DB000000 		.4byte	0xdb
 635 0159 20       		.byte	0x20
 636 015a 06       		.uleb128 0x6
 637 015b AF060000 		.4byte	.LASF31
 638 015f 03       		.byte	0x3
 639 0160 40       		.byte	0x40
 640 0161 DB000000 		.4byte	0xdb
 641 0165 24       		.byte	0x24
 642 0166 06       		.uleb128 0x6
 643 0167 86050000 		.4byte	.LASF32
 644 016b 03       		.byte	0x3
 645 016c 43       		.byte	0x43
 646 016d AF000000 		.4byte	0xaf
 647 0171 28       		.byte	0x28
 648 0172 06       		.uleb128 0x6
 649 0173 55000000 		.4byte	.LASF33
 650 0177 03       		.byte	0x3
 651 0178 44       		.byte	0x44
 652 0179 AF000000 		.4byte	0xaf
 653 017d 29       		.byte	0x29
 654 017e 06       		.uleb128 0x6
 655 017f 210B0000 		.4byte	.LASF34
 656 0183 03       		.byte	0x3
 657 0184 45       		.byte	0x45
 658 0185 AF000000 		.4byte	0xaf
 659 0189 2A       		.byte	0x2a
 660 018a 06       		.uleb128 0x6
 661 018b A1060000 		.4byte	.LASF35
 662 018f 03       		.byte	0x3
 663 0190 46       		.byte	0x46
 664 0191 AF000000 		.4byte	0xaf
 665 0195 2B       		.byte	0x2b
 666 0196 06       		.uleb128 0x6
 667 0197 ED040000 		.4byte	.LASF36
 668 019b 03       		.byte	0x3
 669 019c 47       		.byte	0x47
 670 019d AF000000 		.4byte	0xaf
 671 01a1 2C       		.byte	0x2c
 672 01a2 06       		.uleb128 0x6
 673 01a3 B6090000 		.4byte	.LASF37
 674 01a7 03       		.byte	0x3
 675 01a8 48       		.byte	0x48
 676 01a9 AF000000 		.4byte	0xaf
 677 01ad 2D       		.byte	0x2d
 678 01ae 06       		.uleb128 0x6
 679 01af 08020000 		.4byte	.LASF38
 680 01b3 03       		.byte	0x3
 681 01b4 49       		.byte	0x49
 682 01b5 AF000000 		.4byte	0xaf
 683 01b9 2E       		.byte	0x2e
 684 01ba 06       		.uleb128 0x6
ARM GAS  C:\Users\Austina\AppData\Local\Temp\ccw05Ooy.s 			page 13


 685 01bb B0050000 		.4byte	.LASF39
 686 01bf 03       		.byte	0x3
 687 01c0 4A       		.byte	0x4a
 688 01c1 AF000000 		.4byte	0xaf
 689 01c5 2F       		.byte	0x2f
 690 01c6 06       		.uleb128 0x6
 691 01c7 5B090000 		.4byte	.LASF40
 692 01cb 03       		.byte	0x3
 693 01cc 4B       		.byte	0x4b
 694 01cd AF000000 		.4byte	0xaf
 695 01d1 30       		.byte	0x30
 696 01d2 06       		.uleb128 0x6
 697 01d3 69040000 		.4byte	.LASF41
 698 01d7 03       		.byte	0x3
 699 01d8 4E       		.byte	0x4e
 700 01d9 AF000000 		.4byte	0xaf
 701 01dd 31       		.byte	0x31
 702 01de 06       		.uleb128 0x6
 703 01df 78000000 		.4byte	.LASF42
 704 01e3 03       		.byte	0x3
 705 01e4 4F       		.byte	0x4f
 706 01e5 AF000000 		.4byte	0xaf
 707 01e9 32       		.byte	0x32
 708 01ea 06       		.uleb128 0x6
 709 01eb C2030000 		.4byte	.LASF43
 710 01ef 03       		.byte	0x3
 711 01f0 50       		.byte	0x50
 712 01f1 AF000000 		.4byte	0xaf
 713 01f5 33       		.byte	0x33
 714 01f6 06       		.uleb128 0x6
 715 01f7 24060000 		.4byte	.LASF44
 716 01fb 03       		.byte	0x3
 717 01fc 51       		.byte	0x51
 718 01fd AF000000 		.4byte	0xaf
 719 0201 34       		.byte	0x34
 720 0202 06       		.uleb128 0x6
 721 0203 2D0A0000 		.4byte	.LASF45
 722 0207 03       		.byte	0x3
 723 0208 52       		.byte	0x52
 724 0209 BA000000 		.4byte	0xba
 725 020d 36       		.byte	0x36
 726 020e 06       		.uleb128 0x6
 727 020f 7A020000 		.4byte	.LASF46
 728 0213 03       		.byte	0x3
 729 0214 53       		.byte	0x53
 730 0215 BA000000 		.4byte	0xba
 731 0219 38       		.byte	0x38
 732 021a 06       		.uleb128 0x6
 733 021b 910A0000 		.4byte	.LASF47
 734 021f 03       		.byte	0x3
 735 0220 54       		.byte	0x54
 736 0221 BA000000 		.4byte	0xba
 737 0225 3A       		.byte	0x3a
 738 0226 06       		.uleb128 0x6
 739 0227 120B0000 		.4byte	.LASF48
 740 022b 03       		.byte	0x3
 741 022c 55       		.byte	0x55
ARM GAS  C:\Users\Austina\AppData\Local\Temp\ccw05Ooy.s 			page 14


 742 022d AF000000 		.4byte	0xaf
 743 0231 3C       		.byte	0x3c
 744 0232 06       		.uleb128 0x6
 745 0233 A1020000 		.4byte	.LASF49
 746 0237 03       		.byte	0x3
 747 0238 56       		.byte	0x56
 748 0239 AF000000 		.4byte	0xaf
 749 023d 3D       		.byte	0x3d
 750 023e 06       		.uleb128 0x6
 751 023f E8080000 		.4byte	.LASF50
 752 0243 03       		.byte	0x3
 753 0244 57       		.byte	0x57
 754 0245 AF000000 		.4byte	0xaf
 755 0249 3E       		.byte	0x3e
 756 024a 06       		.uleb128 0x6
 757 024b 63000000 		.4byte	.LASF51
 758 024f 03       		.byte	0x3
 759 0250 58       		.byte	0x58
 760 0251 AF000000 		.4byte	0xaf
 761 0255 3F       		.byte	0x3f
 762 0256 06       		.uleb128 0x6
 763 0257 BA060000 		.4byte	.LASF52
 764 025b 03       		.byte	0x3
 765 025c 59       		.byte	0x59
 766 025d AF000000 		.4byte	0xaf
 767 0261 40       		.byte	0x40
 768 0262 06       		.uleb128 0x6
 769 0263 2C030000 		.4byte	.LASF53
 770 0267 03       		.byte	0x3
 771 0268 5A       		.byte	0x5a
 772 0269 AF000000 		.4byte	0xaf
 773 026d 41       		.byte	0x41
 774 026e 06       		.uleb128 0x6
 775 026f 1E050000 		.4byte	.LASF54
 776 0273 03       		.byte	0x3
 777 0274 5B       		.byte	0x5b
 778 0275 AF000000 		.4byte	0xaf
 779 0279 42       		.byte	0x42
 780 027a 06       		.uleb128 0x6
 781 027b 7F060000 		.4byte	.LASF55
 782 027f 03       		.byte	0x3
 783 0280 5C       		.byte	0x5c
 784 0281 AF000000 		.4byte	0xaf
 785 0285 43       		.byte	0x43
 786 0286 06       		.uleb128 0x6
 787 0287 69020000 		.4byte	.LASF56
 788 028b 03       		.byte	0x3
 789 028c 5D       		.byte	0x5d
 790 028d AF000000 		.4byte	0xaf
 791 0291 44       		.byte	0x44
 792 0292 06       		.uleb128 0x6
 793 0293 00000000 		.4byte	.LASF57
 794 0297 03       		.byte	0x3
 795 0298 5E       		.byte	0x5e
 796 0299 DB000000 		.4byte	0xdb
 797 029d 48       		.byte	0x48
 798 029e 06       		.uleb128 0x6
ARM GAS  C:\Users\Austina\AppData\Local\Temp\ccw05Ooy.s 			page 15


 799 029f 52020000 		.4byte	.LASF58
 800 02a3 03       		.byte	0x3
 801 02a4 5F       		.byte	0x5f
 802 02a5 DB000000 		.4byte	0xdb
 803 02a9 4C       		.byte	0x4c
 804 02aa 06       		.uleb128 0x6
 805 02ab A40B0000 		.4byte	.LASF59
 806 02af 03       		.byte	0x3
 807 02b0 60       		.byte	0x60
 808 02b1 AF000000 		.4byte	0xaf
 809 02b5 50       		.byte	0x50
 810 02b6 06       		.uleb128 0x6
 811 02b7 A2010000 		.4byte	.LASF60
 812 02bb 03       		.byte	0x3
 813 02bc 61       		.byte	0x61
 814 02bd AF000000 		.4byte	0xaf
 815 02c1 51       		.byte	0x51
 816 02c2 06       		.uleb128 0x6
 817 02c3 7A070000 		.4byte	.LASF61
 818 02c7 03       		.byte	0x3
 819 02c8 62       		.byte	0x62
 820 02c9 AF000000 		.4byte	0xaf
 821 02cd 52       		.byte	0x52
 822 02ce 06       		.uleb128 0x6
 823 02cf C3090000 		.4byte	.LASF62
 824 02d3 03       		.byte	0x3
 825 02d4 63       		.byte	0x63
 826 02d5 AF000000 		.4byte	0xaf
 827 02d9 53       		.byte	0x53
 828 02da 06       		.uleb128 0x6
 829 02db F6080000 		.4byte	.LASF63
 830 02df 03       		.byte	0x3
 831 02e0 64       		.byte	0x64
 832 02e1 AF000000 		.4byte	0xaf
 833 02e5 54       		.byte	0x54
 834 02e6 06       		.uleb128 0x6
 835 02e7 B4010000 		.4byte	.LASF64
 836 02eb 03       		.byte	0x3
 837 02ec 65       		.byte	0x65
 838 02ed AF000000 		.4byte	0xaf
 839 02f1 55       		.byte	0x55
 840 02f2 06       		.uleb128 0x6
 841 02f3 EF090000 		.4byte	.LASF65
 842 02f7 03       		.byte	0x3
 843 02f8 66       		.byte	0x66
 844 02f9 AF000000 		.4byte	0xaf
 845 02fd 56       		.byte	0x56
 846 02fe 06       		.uleb128 0x6
 847 02ff 96080000 		.4byte	.LASF66
 848 0303 03       		.byte	0x3
 849 0304 67       		.byte	0x67
 850 0305 AF000000 		.4byte	0xaf
 851 0309 57       		.byte	0x57
 852 030a 06       		.uleb128 0x6
 853 030b 1A000000 		.4byte	.LASF67
 854 030f 03       		.byte	0x3
 855 0310 68       		.byte	0x68
ARM GAS  C:\Users\Austina\AppData\Local\Temp\ccw05Ooy.s 			page 16


 856 0311 AF000000 		.4byte	0xaf
 857 0315 58       		.byte	0x58
 858 0316 06       		.uleb128 0x6
 859 0317 54080000 		.4byte	.LASF68
 860 031b 03       		.byte	0x3
 861 031c 69       		.byte	0x69
 862 031d AF000000 		.4byte	0xaf
 863 0321 59       		.byte	0x59
 864 0322 06       		.uleb128 0x6
 865 0323 0E060000 		.4byte	.LASF69
 866 0327 03       		.byte	0x3
 867 0328 6E       		.byte	0x6e
 868 0329 C5000000 		.4byte	0xc5
 869 032d 5A       		.byte	0x5a
 870 032e 06       		.uleb128 0x6
 871 032f 160A0000 		.4byte	.LASF70
 872 0333 03       		.byte	0x3
 873 0334 6F       		.byte	0x6f
 874 0335 C5000000 		.4byte	0xc5
 875 0339 5C       		.byte	0x5c
 876 033a 06       		.uleb128 0x6
 877 033b 24010000 		.4byte	.LASF71
 878 033f 03       		.byte	0x3
 879 0340 70       		.byte	0x70
 880 0341 AF000000 		.4byte	0xaf
 881 0345 5E       		.byte	0x5e
 882 0346 06       		.uleb128 0x6
 883 0347 F0070000 		.4byte	.LASF72
 884 034b 03       		.byte	0x3
 885 034c 71       		.byte	0x71
 886 034d AF000000 		.4byte	0xaf
 887 0351 5F       		.byte	0x5f
 888 0352 06       		.uleb128 0x6
 889 0353 6E060000 		.4byte	.LASF73
 890 0357 03       		.byte	0x3
 891 0358 72       		.byte	0x72
 892 0359 AF000000 		.4byte	0xaf
 893 035d 60       		.byte	0x60
 894 035e 06       		.uleb128 0x6
 895 035f B4070000 		.4byte	.LASF74
 896 0363 03       		.byte	0x3
 897 0364 73       		.byte	0x73
 898 0365 DB000000 		.4byte	0xdb
 899 0369 64       		.byte	0x64
 900 036a 06       		.uleb128 0x6
 901 036b 72080000 		.4byte	.LASF75
 902 036f 03       		.byte	0x3
 903 0370 76       		.byte	0x76
 904 0371 C5000000 		.4byte	0xc5
 905 0375 68       		.byte	0x68
 906 0376 06       		.uleb128 0x6
 907 0377 2B040000 		.4byte	.LASF76
 908 037b 03       		.byte	0x3
 909 037c 77       		.byte	0x77
 910 037d C5000000 		.4byte	0xc5
 911 0381 6A       		.byte	0x6a
 912 0382 06       		.uleb128 0x6
ARM GAS  C:\Users\Austina\AppData\Local\Temp\ccw05Ooy.s 			page 17


 913 0383 B2040000 		.4byte	.LASF77
 914 0387 03       		.byte	0x3
 915 0388 78       		.byte	0x78
 916 0389 C5000000 		.4byte	0xc5
 917 038d 6C       		.byte	0x6c
 918 038e 06       		.uleb128 0x6
 919 038f E0040000 		.4byte	.LASF78
 920 0393 03       		.byte	0x3
 921 0394 79       		.byte	0x79
 922 0395 C5000000 		.4byte	0xc5
 923 0399 6E       		.byte	0x6e
 924 039a 06       		.uleb128 0x6
 925 039b 82080000 		.4byte	.LASF79
 926 039f 03       		.byte	0x3
 927 03a0 7B       		.byte	0x7b
 928 03a1 AF000000 		.4byte	0xaf
 929 03a5 70       		.byte	0x70
 930 03a6 06       		.uleb128 0x6
 931 03a7 EA010000 		.4byte	.LASF80
 932 03ab 03       		.byte	0x3
 933 03ac 7C       		.byte	0x7c
 934 03ad AF000000 		.4byte	0xaf
 935 03b1 71       		.byte	0x71
 936 03b2 06       		.uleb128 0x6
 937 03b3 330B0000 		.4byte	.LASF81
 938 03b7 03       		.byte	0x3
 939 03b8 7D       		.byte	0x7d
 940 03b9 AF000000 		.4byte	0xaf
 941 03bd 72       		.byte	0x72
 942 03be 06       		.uleb128 0x6
 943 03bf 35060000 		.4byte	.LASF82
 944 03c3 03       		.byte	0x3
 945 03c4 7E       		.byte	0x7e
 946 03c5 AF000000 		.4byte	0xaf
 947 03c9 73       		.byte	0x73
 948 03ca 06       		.uleb128 0x6
 949 03cb AC020000 		.4byte	.LASF83
 950 03cf 03       		.byte	0x3
 951 03d0 80       		.byte	0x80
 952 03d1 C5000000 		.4byte	0xc5
 953 03d5 74       		.byte	0x74
 954 03d6 06       		.uleb128 0x6
 955 03d7 99090000 		.4byte	.LASF84
 956 03db 03       		.byte	0x3
 957 03dc 81       		.byte	0x81
 958 03dd C5000000 		.4byte	0xc5
 959 03e1 76       		.byte	0x76
 960 03e2 06       		.uleb128 0x6
 961 03e3 3A0A0000 		.4byte	.LASF85
 962 03e7 03       		.byte	0x3
 963 03e8 82       		.byte	0x82
 964 03e9 C5000000 		.4byte	0xc5
 965 03ed 78       		.byte	0x78
 966 03ee 06       		.uleb128 0x6
 967 03ef 90000000 		.4byte	.LASF86
 968 03f3 03       		.byte	0x3
 969 03f4 83       		.byte	0x83
ARM GAS  C:\Users\Austina\AppData\Local\Temp\ccw05Ooy.s 			page 18


 970 03f5 C5000000 		.4byte	0xc5
 971 03f9 7A       		.byte	0x7a
 972 03fa 06       		.uleb128 0x6
 973 03fb DE0A0000 		.4byte	.LASF87
 974 03ff 03       		.byte	0x3
 975 0400 86       		.byte	0x86
 976 0401 AF000000 		.4byte	0xaf
 977 0405 7C       		.byte	0x7c
 978 0406 06       		.uleb128 0x6
 979 0407 4F0A0000 		.4byte	.LASF88
 980 040b 03       		.byte	0x3
 981 040c 87       		.byte	0x87
 982 040d AF000000 		.4byte	0xaf
 983 0411 7D       		.byte	0x7d
 984 0412 06       		.uleb128 0x6
 985 0413 2E000000 		.4byte	.LASF89
 986 0417 03       		.byte	0x3
 987 0418 88       		.byte	0x88
 988 0419 AF000000 		.4byte	0xaf
 989 041d 7E       		.byte	0x7e
 990 041e 06       		.uleb128 0x6
 991 041f E8020000 		.4byte	.LASF90
 992 0423 03       		.byte	0x3
 993 0424 89       		.byte	0x89
 994 0425 AF000000 		.4byte	0xaf
 995 0429 7F       		.byte	0x7f
 996 042a 06       		.uleb128 0x6
 997 042b AE030000 		.4byte	.LASF91
 998 042f 03       		.byte	0x3
 999 0430 8A       		.byte	0x8a
 1000 0431 AF000000 		.4byte	0xaf
 1001 0435 80       		.byte	0x80
 1002 0436 06       		.uleb128 0x6
 1003 0437 69050000 		.4byte	.LASF92
 1004 043b 03       		.byte	0x3
 1005 043c 8D       		.byte	0x8d
 1006 043d DB000000 		.4byte	0xdb
 1007 0441 84       		.byte	0x84
 1008 0442 06       		.uleb128 0x6
 1009 0443 3B020000 		.4byte	.LASF93
 1010 0447 03       		.byte	0x3
 1011 0448 8E       		.byte	0x8e
 1012 0449 DB000000 		.4byte	0xdb
 1013 044d 88       		.byte	0x88
 1014 044e 06       		.uleb128 0x6
 1015 044f C90A0000 		.4byte	.LASF94
 1016 0453 03       		.byte	0x3
 1017 0454 8F       		.byte	0x8f
 1018 0455 DB000000 		.4byte	0xdb
 1019 0459 8C       		.byte	0x8c
 1020 045a 06       		.uleb128 0x6
 1021 045b CF050000 		.4byte	.LASF95
 1022 045f 03       		.byte	0x3
 1023 0460 90       		.byte	0x90
 1024 0461 DB000000 		.4byte	0xdb
 1025 0465 90       		.byte	0x90
 1026 0466 06       		.uleb128 0x6
ARM GAS  C:\Users\Austina\AppData\Local\Temp\ccw05Ooy.s 			page 19


 1027 0467 09050000 		.4byte	.LASF96
 1028 046b 03       		.byte	0x3
 1029 046c 91       		.byte	0x91
 1030 046d DB000000 		.4byte	0xdb
 1031 0471 94       		.byte	0x94
 1032 0472 06       		.uleb128 0x6
 1033 0473 53050000 		.4byte	.LASF97
 1034 0477 03       		.byte	0x3
 1035 0478 92       		.byte	0x92
 1036 0479 DB000000 		.4byte	0xdb
 1037 047d 98       		.byte	0x98
 1038 047e 06       		.uleb128 0x6
 1039 047f F30A0000 		.4byte	.LASF98
 1040 0483 03       		.byte	0x3
 1041 0484 93       		.byte	0x93
 1042 0485 DB000000 		.4byte	0xdb
 1043 0489 9C       		.byte	0x9c
 1044 048a 06       		.uleb128 0x6
 1045 048b 6E010000 		.4byte	.LASF99
 1046 048f 03       		.byte	0x3
 1047 0490 94       		.byte	0x94
 1048 0491 DB000000 		.4byte	0xdb
 1049 0495 A0       		.byte	0xa0
 1050 0496 06       		.uleb128 0x6
 1051 0497 13020000 		.4byte	.LASF100
 1052 049b 03       		.byte	0x3
 1053 049c 95       		.byte	0x95
 1054 049d C5000000 		.4byte	0xc5
 1055 04a1 A4       		.byte	0xa4
 1056 04a2 06       		.uleb128 0x6
 1057 04a3 2A050000 		.4byte	.LASF101
 1058 04a7 03       		.byte	0x3
 1059 04a8 96       		.byte	0x96
 1060 04a9 C5000000 		.4byte	0xc5
 1061 04ad A6       		.byte	0xa6
 1062 04ae 06       		.uleb128 0x6
 1063 04af E4070000 		.4byte	.LASF102
 1064 04b3 03       		.byte	0x3
 1065 04b4 97       		.byte	0x97
 1066 04b5 C5000000 		.4byte	0xc5
 1067 04b9 A8       		.byte	0xa8
 1068 04ba 06       		.uleb128 0x6
 1069 04bb 67090000 		.4byte	.LASF103
 1070 04bf 03       		.byte	0x3
 1071 04c0 98       		.byte	0x98
 1072 04c1 C5000000 		.4byte	0xc5
 1073 04c5 AA       		.byte	0xaa
 1074 04c6 06       		.uleb128 0x6
 1075 04c7 C1040000 		.4byte	.LASF104
 1076 04cb 03       		.byte	0x3
 1077 04cc 99       		.byte	0x99
 1078 04cd C5000000 		.4byte	0xc5
 1079 04d1 AC       		.byte	0xac
 1080 04d2 06       		.uleb128 0x6
 1081 04d3 4C060000 		.4byte	.LASF105
 1082 04d7 03       		.byte	0x3
 1083 04d8 9A       		.byte	0x9a
ARM GAS  C:\Users\Austina\AppData\Local\Temp\ccw05Ooy.s 			page 20


 1084 04d9 C5000000 		.4byte	0xc5
 1085 04dd AE       		.byte	0xae
 1086 04de 06       		.uleb128 0x6
 1087 04df 1F0A0000 		.4byte	.LASF106
 1088 04e3 03       		.byte	0x3
 1089 04e4 9D       		.byte	0x9d
 1090 04e5 C5000000 		.4byte	0xc5
 1091 04e9 B0       		.byte	0xb0
 1092 04ea 06       		.uleb128 0x6
 1093 04eb 41000000 		.4byte	.LASF107
 1094 04ef 03       		.byte	0x3
 1095 04f0 9E       		.byte	0x9e
 1096 04f1 DB000000 		.4byte	0xdb
 1097 04f5 B4       		.byte	0xb4
 1098 04f6 00       		.byte	0
 1099 04f7 04       		.uleb128 0x4
 1100 04f8 F9040000 		.4byte	.LASF108
 1101 04fc 03       		.byte	0x3
 1102 04fd 9F       		.byte	0x9f
 1103 04fe E6000000 		.4byte	0xe6
 1104 0502 03       		.uleb128 0x3
 1105 0503 04       		.byte	0x4
 1106 0504 04       		.byte	0x4
 1107 0505 AE070000 		.4byte	.LASF109
 1108 0509 03       		.uleb128 0x3
 1109 050a 08       		.byte	0x8
 1110 050b 04       		.byte	0x4
 1111 050c 85020000 		.4byte	.LASF110
 1112 0510 07       		.uleb128 0x7
 1113 0511 02       		.byte	0x2
 1114 0512 04       		.byte	0x4
 1115 0513 6401     		.2byte	0x164
 1116 0515 34050000 		.4byte	0x534
 1117 0519 08       		.uleb128 0x8
 1118 051a 090B0000 		.4byte	.LASF111
 1119 051e 04       		.byte	0x4
 1120 051f 6E01     		.2byte	0x16e
 1121 0521 AF000000 		.4byte	0xaf
 1122 0525 00       		.byte	0
 1123 0526 08       		.uleb128 0x8
 1124 0527 80050000 		.4byte	.LASF112
 1125 052b 04       		.byte	0x4
 1126 052c 7201     		.2byte	0x172
 1127 052e AF000000 		.4byte	0xaf
 1128 0532 01       		.byte	0x1
 1129 0533 00       		.byte	0
 1130 0534 09       		.uleb128 0x9
 1131 0535 F0000000 		.4byte	.LASF113
 1132 0539 04       		.byte	0x4
 1133 053a 7401     		.2byte	0x174
 1134 053c 10050000 		.4byte	0x510
 1135 0540 0A       		.uleb128 0xa
 1136 0541 AF000000 		.4byte	0xaf
 1137 0545 50050000 		.4byte	0x550
 1138 0549 0B       		.uleb128 0xb
 1139 054a A1000000 		.4byte	0xa1
 1140 054e 0F       		.byte	0xf
ARM GAS  C:\Users\Austina\AppData\Local\Temp\ccw05Ooy.s 			page 21


 1141 054f 00       		.byte	0
 1142 0550 09       		.uleb128 0x9
 1143 0551 AA080000 		.4byte	.LASF114
 1144 0555 05       		.byte	0x5
 1145 0556 6901     		.2byte	0x169
 1146 0558 C5000000 		.4byte	0xc5
 1147 055c 07       		.uleb128 0x7
 1148 055d 10       		.byte	0x10
 1149 055e 05       		.byte	0x5
 1150 055f 6C01     		.2byte	0x16c
 1151 0561 73050000 		.4byte	0x573
 1152 0565 08       		.uleb128 0x8
 1153 0566 7E030000 		.4byte	.LASF115
 1154 056a 05       		.byte	0x5
 1155 056b 6F01     		.2byte	0x16f
 1156 056d 40050000 		.4byte	0x540
 1157 0571 00       		.byte	0
 1158 0572 00       		.byte	0
 1159 0573 09       		.uleb128 0x9
 1160 0574 490B0000 		.4byte	.LASF116
 1161 0578 05       		.byte	0x5
 1162 0579 7001     		.2byte	0x170
 1163 057b 5C050000 		.4byte	0x55c
 1164 057f 09       		.uleb128 0x9
 1165 0580 93050000 		.4byte	.LASF117
 1166 0584 05       		.byte	0x5
 1167 0585 7F01     		.2byte	0x17f
 1168 0587 C5000000 		.4byte	0xc5
 1169 058b 0C       		.uleb128 0xc
 1170 058c 01       		.byte	0x1
 1171 058d 4B000000 		.4byte	0x4b
 1172 0591 06       		.byte	0x6
 1173 0592 75       		.byte	0x75
 1174 0593 B0050000 		.4byte	0x5b0
 1175 0597 0D       		.uleb128 0xd
 1176 0598 12030000 		.4byte	.LASF118
 1177 059c 00       		.byte	0
 1178 059d 0D       		.uleb128 0xd
 1179 059e 3C030000 		.4byte	.LASF119
 1180 05a2 01       		.byte	0x1
 1181 05a3 0D       		.uleb128 0xd
 1182 05a4 A60A0000 		.4byte	.LASF120
 1183 05a8 02       		.byte	0x2
 1184 05a9 0D       		.uleb128 0xd
 1185 05aa E4050000 		.4byte	.LASF121
 1186 05ae 03       		.byte	0x3
 1187 05af 00       		.byte	0
 1188 05b0 04       		.uleb128 0x4
 1189 05b1 67030000 		.4byte	.LASF122
 1190 05b5 06       		.byte	0x6
 1191 05b6 7A       		.byte	0x7a
 1192 05b7 8B050000 		.4byte	0x58b
 1193 05bb 0C       		.uleb128 0xc
 1194 05bc 01       		.byte	0x1
 1195 05bd 4B000000 		.4byte	0x4b
 1196 05c1 06       		.byte	0x6
 1197 05c2 87       		.byte	0x87
ARM GAS  C:\Users\Austina\AppData\Local\Temp\ccw05Ooy.s 			page 22


 1198 05c3 F8050000 		.4byte	0x5f8
 1199 05c7 0D       		.uleb128 0xd
 1200 05c8 600A0000 		.4byte	.LASF123
 1201 05cc 00       		.byte	0
 1202 05cd 0D       		.uleb128 0xd
 1203 05ce 730B0000 		.4byte	.LASF124
 1204 05d2 01       		.byte	0x1
 1205 05d3 0D       		.uleb128 0xd
 1206 05d4 DB030000 		.4byte	.LASF125
 1207 05d8 02       		.byte	0x2
 1208 05d9 0D       		.uleb128 0xd
 1209 05da 84030000 		.4byte	.LASF126
 1210 05de 03       		.byte	0x3
 1211 05df 0D       		.uleb128 0xd
 1212 05e0 BE020000 		.4byte	.LASF127
 1213 05e4 04       		.byte	0x4
 1214 05e5 0D       		.uleb128 0xd
 1215 05e6 0E080000 		.4byte	.LASF128
 1216 05ea 05       		.byte	0x5
 1217 05eb 0D       		.uleb128 0xd
 1218 05ec F7030000 		.4byte	.LASF129
 1219 05f0 06       		.byte	0x6
 1220 05f1 0D       		.uleb128 0xd
 1221 05f2 8A070000 		.4byte	.LASF130
 1222 05f6 07       		.byte	0x7
 1223 05f7 00       		.byte	0
 1224 05f8 04       		.uleb128 0x4
 1225 05f9 8A060000 		.4byte	.LASF131
 1226 05fd 06       		.byte	0x6
 1227 05fe 90       		.byte	0x90
 1228 05ff BB050000 		.4byte	0x5bb
 1229 0603 03       		.uleb128 0x3
 1230 0604 01       		.byte	0x1
 1231 0605 02       		.byte	0x2
 1232 0606 38080000 		.4byte	.LASF132
 1233 060a 05       		.uleb128 0x5
 1234 060b 0C       		.byte	0xc
 1235 060c 07       		.byte	0x7
 1236 060d 55       		.byte	0x55
 1237 060e 37060000 		.4byte	0x637
 1238 0612 06       		.uleb128 0x6
 1239 0613 5E040000 		.4byte	.LASF133
 1240 0617 07       		.byte	0x7
 1241 0618 58       		.byte	0x58
 1242 0619 37060000 		.4byte	0x637
 1243 061d 00       		.byte	0
 1244 061e 06       		.uleb128 0x6
 1245 061f 56090000 		.4byte	.LASF134
 1246 0623 07       		.byte	0x7
 1247 0624 5B       		.byte	0x5b
 1248 0625 47060000 		.4byte	0x647
 1249 0629 04       		.byte	0x4
 1250 062a 06       		.uleb128 0x6
 1251 062b 19060000 		.4byte	.LASF135
 1252 062f 07       		.byte	0x7
 1253 0630 5E       		.byte	0x5e
 1254 0631 AF000000 		.4byte	0xaf
ARM GAS  C:\Users\Austina\AppData\Local\Temp\ccw05Ooy.s 			page 23


 1255 0635 08       		.byte	0x8
 1256 0636 00       		.byte	0
 1257 0637 0A       		.uleb128 0xa
 1258 0638 7F050000 		.4byte	0x57f
 1259 063c 47060000 		.4byte	0x647
 1260 0640 0B       		.uleb128 0xb
 1261 0641 A1000000 		.4byte	0xa1
 1262 0645 00       		.byte	0
 1263 0646 00       		.byte	0
 1264 0647 0E       		.uleb128 0xe
 1265 0648 04       		.byte	0x4
 1266 0649 4D060000 		.4byte	0x64d
 1267 064d 0F       		.uleb128 0xf
 1268 064e 04       		.uleb128 0x4
 1269 064f 33010000 		.4byte	.LASF136
 1270 0653 07       		.byte	0x7
 1271 0654 5F       		.byte	0x5f
 1272 0655 0A060000 		.4byte	0x60a
 1273 0659 05       		.uleb128 0x5
 1274 065a 10       		.byte	0x10
 1275 065b 07       		.byte	0x7
 1276 065c 62       		.byte	0x62
 1277 065d B6060000 		.4byte	0x6b6
 1278 0661 06       		.uleb128 0x6
 1279 0662 5E0B0000 		.4byte	.LASF137
 1280 0666 07       		.byte	0x7
 1281 0667 65       		.byte	0x65
 1282 0668 37060000 		.4byte	0x637
 1283 066c 00       		.byte	0
 1284 066d 06       		.uleb128 0x6
 1285 066e 1A090000 		.4byte	.LASF138
 1286 0672 07       		.byte	0x7
 1287 0673 68       		.byte	0x68
 1288 0674 37060000 		.4byte	0x637
 1289 0678 02       		.byte	0x2
 1290 0679 06       		.uleb128 0x6
 1291 067a 56090000 		.4byte	.LASF134
 1292 067e 07       		.byte	0x7
 1293 067f 6B       		.byte	0x6b
 1294 0680 47060000 		.4byte	0x647
 1295 0684 04       		.byte	0x4
 1296 0685 06       		.uleb128 0x6
 1297 0686 19060000 		.4byte	.LASF135
 1298 068a 07       		.byte	0x7
 1299 068b 6E       		.byte	0x6e
 1300 068c AF000000 		.4byte	0xaf
 1301 0690 08       		.byte	0x8
 1302 0691 06       		.uleb128 0x6
 1303 0692 06090000 		.4byte	.LASF139
 1304 0696 07       		.byte	0x7
 1305 0697 71       		.byte	0x71
 1306 0698 B6060000 		.4byte	0x6b6
 1307 069c 09       		.byte	0x9
 1308 069d 06       		.uleb128 0x6
 1309 069e A8040000 		.4byte	.LASF140
 1310 06a2 07       		.byte	0x7
 1311 06a3 74       		.byte	0x74
ARM GAS  C:\Users\Austina\AppData\Local\Temp\ccw05Ooy.s 			page 24


 1312 06a4 AF000000 		.4byte	0xaf
 1313 06a8 0A       		.byte	0xa
 1314 06a9 06       		.uleb128 0x6
 1315 06aa B50B0000 		.4byte	.LASF141
 1316 06ae 07       		.byte	0x7
 1317 06af 77       		.byte	0x77
 1318 06b0 C6060000 		.4byte	0x6c6
 1319 06b4 0C       		.byte	0xc
 1320 06b5 00       		.byte	0
 1321 06b6 0A       		.uleb128 0xa
 1322 06b7 AF000000 		.4byte	0xaf
 1323 06bb C6060000 		.4byte	0x6c6
 1324 06bf 0B       		.uleb128 0xb
 1325 06c0 A1000000 		.4byte	0xa1
 1326 06c4 00       		.byte	0
 1327 06c5 00       		.byte	0
 1328 06c6 0E       		.uleb128 0xe
 1329 06c7 04       		.byte	0x4
 1330 06c8 4E060000 		.4byte	0x64e
 1331 06cc 04       		.uleb128 0x4
 1332 06cd D5090000 		.4byte	.LASF142
 1333 06d1 07       		.byte	0x7
 1334 06d2 78       		.byte	0x78
 1335 06d3 59060000 		.4byte	0x659
 1336 06d7 05       		.uleb128 0x5
 1337 06d8 10       		.byte	0x10
 1338 06d9 07       		.byte	0x7
 1339 06da 7B       		.byte	0x7b
 1340 06db 1C070000 		.4byte	0x71c
 1341 06df 06       		.uleb128 0x6
 1342 06e0 09010000 		.4byte	.LASF143
 1343 06e4 07       		.byte	0x7
 1344 06e5 7E       		.byte	0x7e
 1345 06e6 37060000 		.4byte	0x637
 1346 06ea 00       		.byte	0
 1347 06eb 06       		.uleb128 0x6
 1348 06ec 56090000 		.4byte	.LASF134
 1349 06f0 07       		.byte	0x7
 1350 06f1 81       		.byte	0x81
 1351 06f2 47060000 		.4byte	0x647
 1352 06f6 04       		.byte	0x4
 1353 06f7 06       		.uleb128 0x6
 1354 06f8 19060000 		.4byte	.LASF135
 1355 06fc 07       		.byte	0x7
 1356 06fd 84       		.byte	0x84
 1357 06fe AF000000 		.4byte	0xaf
 1358 0702 08       		.byte	0x8
 1359 0703 06       		.uleb128 0x6
 1360 0704 64010000 		.4byte	.LASF144
 1361 0708 07       		.byte	0x7
 1362 0709 87       		.byte	0x87
 1363 070a AF000000 		.4byte	0xaf
 1364 070e 09       		.byte	0x9
 1365 070f 06       		.uleb128 0x6
 1366 0710 4F040000 		.4byte	.LASF145
 1367 0714 07       		.byte	0x7
 1368 0715 8A       		.byte	0x8a
ARM GAS  C:\Users\Austina\AppData\Local\Temp\ccw05Ooy.s 			page 25


 1369 0716 1C070000 		.4byte	0x71c
 1370 071a 0C       		.byte	0xc
 1371 071b 00       		.byte	0
 1372 071c 0E       		.uleb128 0xe
 1373 071d 04       		.byte	0x4
 1374 071e CC060000 		.4byte	0x6cc
 1375 0722 04       		.uleb128 0x4
 1376 0723 C5070000 		.4byte	.LASF146
 1377 0727 07       		.byte	0x7
 1378 0728 8B       		.byte	0x8b
 1379 0729 D7060000 		.4byte	0x6d7
 1380 072d 05       		.uleb128 0x5
 1381 072e 04       		.byte	0x4
 1382 072f 07       		.byte	0x7
 1383 0730 90       		.byte	0x90
 1384 0731 42070000 		.4byte	0x742
 1385 0735 06       		.uleb128 0x6
 1386 0736 12000000 		.4byte	.LASF147
 1387 073a 07       		.byte	0x7
 1388 073b 99       		.byte	0x99
 1389 073c 42070000 		.4byte	0x742
 1390 0740 00       		.byte	0
 1391 0741 00       		.byte	0
 1392 0742 0E       		.uleb128 0xe
 1393 0743 04       		.byte	0x4
 1394 0744 22070000 		.4byte	0x722
 1395 0748 04       		.uleb128 0x4
 1396 0749 CD080000 		.4byte	.LASF148
 1397 074d 07       		.byte	0x7
 1398 074e 9B       		.byte	0x9b
 1399 074f 2D070000 		.4byte	0x72d
 1400 0753 0A       		.uleb128 0xa
 1401 0754 63070000 		.4byte	0x763
 1402 0758 63070000 		.4byte	0x763
 1403 075c 0B       		.uleb128 0xb
 1404 075d A1000000 		.4byte	0xa1
 1405 0761 10       		.byte	0x10
 1406 0762 00       		.byte	0
 1407 0763 10       		.uleb128 0x10
 1408 0764 73050000 		.4byte	0x573
 1409 0768 11       		.uleb128 0x11
 1410 0769 8C020000 		.4byte	.LASF149
 1411 076d 08       		.byte	0x8
 1412 076e 20       		.byte	0x20
 1413 076f 79070000 		.4byte	0x779
 1414 0773 05       		.uleb128 0x5
 1415 0774 03       		.byte	0x3
 1416 0775 08000000 		.4byte	cy_ble_customUuid128
 1417 0779 10       		.uleb128 0x10
 1418 077a 53070000 		.4byte	0x753
 1419 077e 0A       		.uleb128 0xa
 1420 077f 8E070000 		.4byte	0x78e
 1421 0783 8E070000 		.4byte	0x78e
 1422 0787 0B       		.uleb128 0xb
 1423 0788 A1000000 		.4byte	0xa1
 1424 078c 03       		.byte	0x3
 1425 078d 00       		.byte	0
ARM GAS  C:\Users\Austina\AppData\Local\Temp\ccw05Ooy.s 			page 26


 1426 078e 10       		.uleb128 0x10
 1427 078f 50050000 		.4byte	0x550
 1428 0793 11       		.uleb128 0x11
 1429 0794 3F050000 		.4byte	.LASF150
 1430 0798 08       		.byte	0x8
 1431 0799 45       		.byte	0x45
 1432 079a A4070000 		.4byte	0x7a4
 1433 079e 05       		.uleb128 0x5
 1434 079f 03       		.byte	0x3
 1435 07a0 00000000 		.4byte	cy_ble_customUuid16
 1436 07a4 10       		.uleb128 0x10
 1437 07a5 7E070000 		.4byte	0x77e
 1438 07a9 0A       		.uleb128 0xa
 1439 07aa 4E060000 		.4byte	0x64e
 1440 07ae B9070000 		.4byte	0x7b9
 1441 07b2 0B       		.uleb128 0xb
 1442 07b3 A1000000 		.4byte	0xa1
 1443 07b7 0B       		.byte	0xb
 1444 07b8 00       		.byte	0
 1445 07b9 11       		.uleb128 0x11
 1446 07ba BC050000 		.4byte	.LASF151
 1447 07be 08       		.byte	0x8
 1448 07bf 50       		.byte	0x50
 1449 07c0 A9070000 		.4byte	0x7a9
 1450 07c4 05       		.uleb128 0x5
 1451 07c5 03       		.byte	0x3
 1452 07c6 94000000 		.4byte	cy_ble_customCDesc
 1453 07ca 0A       		.uleb128 0xa
 1454 07cb CC060000 		.4byte	0x6cc
 1455 07cf DA070000 		.4byte	0x7da
 1456 07d3 0B       		.uleb128 0xb
 1457 07d4 A1000000 		.4byte	0xa1
 1458 07d8 07       		.byte	0x7
 1459 07d9 00       		.byte	0
 1460 07da 11       		.uleb128 0x11
 1461 07db BA080000 		.4byte	.LASF152
 1462 07df 08       		.byte	0x8
 1463 07e0 A7       		.byte	0xa7
 1464 07e1 CA070000 		.4byte	0x7ca
 1465 07e5 05       		.uleb128 0x5
 1466 07e6 03       		.byte	0x3
 1467 07e7 14000000 		.4byte	cy_ble_customCChar
 1468 07eb 12       		.uleb128 0x12
 1469 07ec DA070000 		.4byte	.LASF153
 1470 07f0 03       		.byte	0x3
 1471 07f1 A7       		.byte	0xa7
 1472 07f2 F6070000 		.4byte	0x7f6
 1473 07f6 0E       		.uleb128 0xe
 1474 07f7 04       		.byte	0x4
 1475 07f8 FC070000 		.4byte	0x7fc
 1476 07fc 10       		.uleb128 0x10
 1477 07fd F7040000 		.4byte	0x4f7
 1478 0801 13       		.uleb128 0x13
 1479 0802 84010000 		.4byte	.LASF154
 1480 0806 09       		.byte	0x9
 1481 0807 F907     		.2byte	0x7f9
 1482 0809 0D080000 		.4byte	0x80d
ARM GAS  C:\Users\Austina\AppData\Local\Temp\ccw05Ooy.s 			page 27


 1483 080d 14       		.uleb128 0x14
 1484 080e D0000000 		.4byte	0xd0
 1485 0812 13       		.uleb128 0x13
 1486 0813 91010000 		.4byte	.LASF155
 1487 0817 06       		.byte	0x6
 1488 0818 2702     		.2byte	0x227
 1489 081a B0050000 		.4byte	0x5b0
 1490 081e 0A       		.uleb128 0xa
 1491 081f 34050000 		.4byte	0x534
 1492 0823 2E080000 		.4byte	0x82e
 1493 0827 0B       		.uleb128 0xb
 1494 0828 A1000000 		.4byte	0xa1
 1495 082c 00       		.byte	0
 1496 082d 00       		.byte	0
 1497 082e 13       		.uleb128 0x13
 1498 082f 7F0A0000 		.4byte	.LASF156
 1499 0833 06       		.byte	0x6
 1500 0834 2C02     		.2byte	0x22c
 1501 0836 1E080000 		.4byte	0x81e
 1502 083a 0A       		.uleb128 0xa
 1503 083b F8050000 		.4byte	0x5f8
 1504 083f 4A080000 		.4byte	0x84a
 1505 0843 0B       		.uleb128 0xb
 1506 0844 A1000000 		.4byte	0xa1
 1507 0848 00       		.byte	0
 1508 0849 00       		.byte	0
 1509 084a 13       		.uleb128 0x13
 1510 084b CF040000 		.4byte	.LASF157
 1511 084f 06       		.byte	0x6
 1512 0850 2D02     		.2byte	0x22d
 1513 0852 3A080000 		.4byte	0x83a
 1514 0856 13       		.uleb128 0x13
 1515 0857 80090000 		.4byte	.LASF158
 1516 085b 06       		.byte	0x6
 1517 085c 5202     		.2byte	0x252
 1518 085e AF000000 		.4byte	0xaf
 1519 0862 0A       		.uleb128 0xa
 1520 0863 22070000 		.4byte	0x722
 1521 0867 72080000 		.4byte	0x872
 1522 086b 0B       		.uleb128 0xb
 1523 086c A1000000 		.4byte	0xa1
 1524 0870 00       		.byte	0
 1525 0871 00       		.byte	0
 1526 0872 15       		.uleb128 0x15
 1527 0873 32090000 		.4byte	.LASF159
 1528 0877 08       		.byte	0x8
 1529 0878 0201     		.2byte	0x102
 1530 087a 62080000 		.4byte	0x862
 1531 087e 05       		.uleb128 0x5
 1532 087f 03       		.byte	0x3
 1533 0880 00000000 		.4byte	cy_ble_customCServ
 1534 0884 15       		.uleb128 0x15
 1535 0885 5A060000 		.4byte	.LASF160
 1536 0889 08       		.byte	0x8
 1537 088a 1701     		.2byte	0x117
 1538 088c 48070000 		.4byte	0x748
 1539 0890 05       		.uleb128 0x5
ARM GAS  C:\Users\Austina\AppData\Local\Temp\ccw05Ooy.s 			page 28


 1540 0891 03       		.byte	0x3
 1541 0892 00000000 		.4byte	cy_ble_customConfig
 1542 0896 00       		.byte	0
 1543              		.section	.debug_abbrev,"",%progbits
 1544              	.Ldebug_abbrev0:
 1545 0000 01       		.uleb128 0x1
 1546 0001 11       		.uleb128 0x11
 1547 0002 01       		.byte	0x1
 1548 0003 25       		.uleb128 0x25
 1549 0004 0E       		.uleb128 0xe
 1550 0005 13       		.uleb128 0x13
 1551 0006 0B       		.uleb128 0xb
 1552 0007 03       		.uleb128 0x3
 1553 0008 0E       		.uleb128 0xe
 1554 0009 1B       		.uleb128 0x1b
 1555 000a 0E       		.uleb128 0xe
 1556 000b 10       		.uleb128 0x10
 1557 000c 17       		.uleb128 0x17
 1558 000d 00       		.byte	0
 1559 000e 00       		.byte	0
 1560 000f 02       		.uleb128 0x2
 1561 0010 24       		.uleb128 0x24
 1562 0011 00       		.byte	0
 1563 0012 0B       		.uleb128 0xb
 1564 0013 0B       		.uleb128 0xb
 1565 0014 3E       		.uleb128 0x3e
 1566 0015 0B       		.uleb128 0xb
 1567 0016 03       		.uleb128 0x3
 1568 0017 08       		.uleb128 0x8
 1569 0018 00       		.byte	0
 1570 0019 00       		.byte	0
 1571 001a 03       		.uleb128 0x3
 1572 001b 24       		.uleb128 0x24
 1573 001c 00       		.byte	0
 1574 001d 0B       		.uleb128 0xb
 1575 001e 0B       		.uleb128 0xb
 1576 001f 3E       		.uleb128 0x3e
 1577 0020 0B       		.uleb128 0xb
 1578 0021 03       		.uleb128 0x3
 1579 0022 0E       		.uleb128 0xe
 1580 0023 00       		.byte	0
 1581 0024 00       		.byte	0
 1582 0025 04       		.uleb128 0x4
 1583 0026 16       		.uleb128 0x16
 1584 0027 00       		.byte	0
 1585 0028 03       		.uleb128 0x3
 1586 0029 0E       		.uleb128 0xe
 1587 002a 3A       		.uleb128 0x3a
 1588 002b 0B       		.uleb128 0xb
 1589 002c 3B       		.uleb128 0x3b
 1590 002d 0B       		.uleb128 0xb
 1591 002e 49       		.uleb128 0x49
 1592 002f 13       		.uleb128 0x13
 1593 0030 00       		.byte	0
 1594 0031 00       		.byte	0
 1595 0032 05       		.uleb128 0x5
 1596 0033 13       		.uleb128 0x13
ARM GAS  C:\Users\Austina\AppData\Local\Temp\ccw05Ooy.s 			page 29


 1597 0034 01       		.byte	0x1
 1598 0035 0B       		.uleb128 0xb
 1599 0036 0B       		.uleb128 0xb
 1600 0037 3A       		.uleb128 0x3a
 1601 0038 0B       		.uleb128 0xb
 1602 0039 3B       		.uleb128 0x3b
 1603 003a 0B       		.uleb128 0xb
 1604 003b 01       		.uleb128 0x1
 1605 003c 13       		.uleb128 0x13
 1606 003d 00       		.byte	0
 1607 003e 00       		.byte	0
 1608 003f 06       		.uleb128 0x6
 1609 0040 0D       		.uleb128 0xd
 1610 0041 00       		.byte	0
 1611 0042 03       		.uleb128 0x3
 1612 0043 0E       		.uleb128 0xe
 1613 0044 3A       		.uleb128 0x3a
 1614 0045 0B       		.uleb128 0xb
 1615 0046 3B       		.uleb128 0x3b
 1616 0047 0B       		.uleb128 0xb
 1617 0048 49       		.uleb128 0x49
 1618 0049 13       		.uleb128 0x13
 1619 004a 38       		.uleb128 0x38
 1620 004b 0B       		.uleb128 0xb
 1621 004c 00       		.byte	0
 1622 004d 00       		.byte	0
 1623 004e 07       		.uleb128 0x7
 1624 004f 13       		.uleb128 0x13
 1625 0050 01       		.byte	0x1
 1626 0051 0B       		.uleb128 0xb
 1627 0052 0B       		.uleb128 0xb
 1628 0053 3A       		.uleb128 0x3a
 1629 0054 0B       		.uleb128 0xb
 1630 0055 3B       		.uleb128 0x3b
 1631 0056 05       		.uleb128 0x5
 1632 0057 01       		.uleb128 0x1
 1633 0058 13       		.uleb128 0x13
 1634 0059 00       		.byte	0
 1635 005a 00       		.byte	0
 1636 005b 08       		.uleb128 0x8
 1637 005c 0D       		.uleb128 0xd
 1638 005d 00       		.byte	0
 1639 005e 03       		.uleb128 0x3
 1640 005f 0E       		.uleb128 0xe
 1641 0060 3A       		.uleb128 0x3a
 1642 0061 0B       		.uleb128 0xb
 1643 0062 3B       		.uleb128 0x3b
 1644 0063 05       		.uleb128 0x5
 1645 0064 49       		.uleb128 0x49
 1646 0065 13       		.uleb128 0x13
 1647 0066 38       		.uleb128 0x38
 1648 0067 0B       		.uleb128 0xb
 1649 0068 00       		.byte	0
 1650 0069 00       		.byte	0
 1651 006a 09       		.uleb128 0x9
 1652 006b 16       		.uleb128 0x16
 1653 006c 00       		.byte	0
ARM GAS  C:\Users\Austina\AppData\Local\Temp\ccw05Ooy.s 			page 30


 1654 006d 03       		.uleb128 0x3
 1655 006e 0E       		.uleb128 0xe
 1656 006f 3A       		.uleb128 0x3a
 1657 0070 0B       		.uleb128 0xb
 1658 0071 3B       		.uleb128 0x3b
 1659 0072 05       		.uleb128 0x5
 1660 0073 49       		.uleb128 0x49
 1661 0074 13       		.uleb128 0x13
 1662 0075 00       		.byte	0
 1663 0076 00       		.byte	0
 1664 0077 0A       		.uleb128 0xa
 1665 0078 01       		.uleb128 0x1
 1666 0079 01       		.byte	0x1
 1667 007a 49       		.uleb128 0x49
 1668 007b 13       		.uleb128 0x13
 1669 007c 01       		.uleb128 0x1
 1670 007d 13       		.uleb128 0x13
 1671 007e 00       		.byte	0
 1672 007f 00       		.byte	0
 1673 0080 0B       		.uleb128 0xb
 1674 0081 21       		.uleb128 0x21
 1675 0082 00       		.byte	0
 1676 0083 49       		.uleb128 0x49
 1677 0084 13       		.uleb128 0x13
 1678 0085 2F       		.uleb128 0x2f
 1679 0086 0B       		.uleb128 0xb
 1680 0087 00       		.byte	0
 1681 0088 00       		.byte	0
 1682 0089 0C       		.uleb128 0xc
 1683 008a 04       		.uleb128 0x4
 1684 008b 01       		.byte	0x1
 1685 008c 0B       		.uleb128 0xb
 1686 008d 0B       		.uleb128 0xb
 1687 008e 49       		.uleb128 0x49
 1688 008f 13       		.uleb128 0x13
 1689 0090 3A       		.uleb128 0x3a
 1690 0091 0B       		.uleb128 0xb
 1691 0092 3B       		.uleb128 0x3b
 1692 0093 0B       		.uleb128 0xb
 1693 0094 01       		.uleb128 0x1
 1694 0095 13       		.uleb128 0x13
 1695 0096 00       		.byte	0
 1696 0097 00       		.byte	0
 1697 0098 0D       		.uleb128 0xd
 1698 0099 28       		.uleb128 0x28
 1699 009a 00       		.byte	0
 1700 009b 03       		.uleb128 0x3
 1701 009c 0E       		.uleb128 0xe
 1702 009d 1C       		.uleb128 0x1c
 1703 009e 0B       		.uleb128 0xb
 1704 009f 00       		.byte	0
 1705 00a0 00       		.byte	0
 1706 00a1 0E       		.uleb128 0xe
 1707 00a2 0F       		.uleb128 0xf
 1708 00a3 00       		.byte	0
 1709 00a4 0B       		.uleb128 0xb
 1710 00a5 0B       		.uleb128 0xb
ARM GAS  C:\Users\Austina\AppData\Local\Temp\ccw05Ooy.s 			page 31


 1711 00a6 49       		.uleb128 0x49
 1712 00a7 13       		.uleb128 0x13
 1713 00a8 00       		.byte	0
 1714 00a9 00       		.byte	0
 1715 00aa 0F       		.uleb128 0xf
 1716 00ab 26       		.uleb128 0x26
 1717 00ac 00       		.byte	0
 1718 00ad 00       		.byte	0
 1719 00ae 00       		.byte	0
 1720 00af 10       		.uleb128 0x10
 1721 00b0 26       		.uleb128 0x26
 1722 00b1 00       		.byte	0
 1723 00b2 49       		.uleb128 0x49
 1724 00b3 13       		.uleb128 0x13
 1725 00b4 00       		.byte	0
 1726 00b5 00       		.byte	0
 1727 00b6 11       		.uleb128 0x11
 1728 00b7 34       		.uleb128 0x34
 1729 00b8 00       		.byte	0
 1730 00b9 03       		.uleb128 0x3
 1731 00ba 0E       		.uleb128 0xe
 1732 00bb 3A       		.uleb128 0x3a
 1733 00bc 0B       		.uleb128 0xb
 1734 00bd 3B       		.uleb128 0x3b
 1735 00be 0B       		.uleb128 0xb
 1736 00bf 49       		.uleb128 0x49
 1737 00c0 13       		.uleb128 0x13
 1738 00c1 02       		.uleb128 0x2
 1739 00c2 18       		.uleb128 0x18
 1740 00c3 00       		.byte	0
 1741 00c4 00       		.byte	0
 1742 00c5 12       		.uleb128 0x12
 1743 00c6 34       		.uleb128 0x34
 1744 00c7 00       		.byte	0
 1745 00c8 03       		.uleb128 0x3
 1746 00c9 0E       		.uleb128 0xe
 1747 00ca 3A       		.uleb128 0x3a
 1748 00cb 0B       		.uleb128 0xb
 1749 00cc 3B       		.uleb128 0x3b
 1750 00cd 0B       		.uleb128 0xb
 1751 00ce 49       		.uleb128 0x49
 1752 00cf 13       		.uleb128 0x13
 1753 00d0 3F       		.uleb128 0x3f
 1754 00d1 19       		.uleb128 0x19
 1755 00d2 3C       		.uleb128 0x3c
 1756 00d3 19       		.uleb128 0x19
 1757 00d4 00       		.byte	0
 1758 00d5 00       		.byte	0
 1759 00d6 13       		.uleb128 0x13
 1760 00d7 34       		.uleb128 0x34
 1761 00d8 00       		.byte	0
 1762 00d9 03       		.uleb128 0x3
 1763 00da 0E       		.uleb128 0xe
 1764 00db 3A       		.uleb128 0x3a
 1765 00dc 0B       		.uleb128 0xb
 1766 00dd 3B       		.uleb128 0x3b
 1767 00de 05       		.uleb128 0x5
ARM GAS  C:\Users\Austina\AppData\Local\Temp\ccw05Ooy.s 			page 32


 1768 00df 49       		.uleb128 0x49
 1769 00e0 13       		.uleb128 0x13
 1770 00e1 3F       		.uleb128 0x3f
 1771 00e2 19       		.uleb128 0x19
 1772 00e3 3C       		.uleb128 0x3c
 1773 00e4 19       		.uleb128 0x19
 1774 00e5 00       		.byte	0
 1775 00e6 00       		.byte	0
 1776 00e7 14       		.uleb128 0x14
 1777 00e8 35       		.uleb128 0x35
 1778 00e9 00       		.byte	0
 1779 00ea 49       		.uleb128 0x49
 1780 00eb 13       		.uleb128 0x13
 1781 00ec 00       		.byte	0
 1782 00ed 00       		.byte	0
 1783 00ee 15       		.uleb128 0x15
 1784 00ef 34       		.uleb128 0x34
 1785 00f0 00       		.byte	0
 1786 00f1 03       		.uleb128 0x3
 1787 00f2 0E       		.uleb128 0xe
 1788 00f3 3A       		.uleb128 0x3a
 1789 00f4 0B       		.uleb128 0xb
 1790 00f5 3B       		.uleb128 0x3b
 1791 00f6 05       		.uleb128 0x5
 1792 00f7 49       		.uleb128 0x49
 1793 00f8 13       		.uleb128 0x13
 1794 00f9 3F       		.uleb128 0x3f
 1795 00fa 19       		.uleb128 0x19
 1796 00fb 02       		.uleb128 0x2
 1797 00fc 18       		.uleb128 0x18
 1798 00fd 00       		.byte	0
 1799 00fe 00       		.byte	0
 1800 00ff 00       		.byte	0
 1801              		.section	.debug_aranges,"",%progbits
 1802 0000 14000000 		.4byte	0x14
 1803 0004 0200     		.2byte	0x2
 1804 0006 00000000 		.4byte	.Ldebug_info0
 1805 000a 04       		.byte	0x4
 1806 000b 00       		.byte	0
 1807 000c 0000     		.2byte	0
 1808 000e 0000     		.2byte	0
 1809 0010 00000000 		.4byte	0
 1810 0014 00000000 		.4byte	0
 1811              		.section	.debug_line,"",%progbits
 1812              	.Ldebug_line0:
 1813 0000 3F020000 		.section	.debug_str,"MS",%progbits,1
 1813      02003902 
 1813      00000201 
 1813      FB0E0D00 
 1813      01010101 
 1814              	.LASF57:
 1815 0000 70726F74 		.ascii	"protBusMasterMask\000"
 1815      4275734D 
 1815      61737465 
 1815      724D6173 
 1815      6B00
 1816              	.LASF147:
ARM GAS  C:\Users\Austina\AppData\Local\Temp\ccw05Ooy.s 			page 33


 1817 0012 63757374 		.ascii	"customc\000"
 1817      6F6D6300 
 1818              	.LASF67:
 1819 001a 666C6173 		.ascii	"flashCtlMainWs3Freq\000"
 1819      6843746C 
 1819      4D61696E 
 1819      57733346 
 1819      72657100 
 1820              	.LASF89:
 1821 002e 6770696F 		.ascii	"gpioPrtCfgInOffset\000"
 1821      50727443 
 1821      6667496E 
 1821      4F666673 
 1821      657400
 1822              	.LASF107:
 1823 0041 6970634C 		.ascii	"ipcLockStatusOffset\000"
 1823      6F636B53 
 1823      74617475 
 1823      734F6666 
 1823      73657400 
 1824              	.LASF33:
 1825 0055 63727970 		.ascii	"cryptoVersion\000"
 1825      746F5665 
 1825      7273696F 
 1825      6E00
 1826              	.LASF51:
 1827 0063 70657269 		.ascii	"periClockNr\000"
 1827      436C6F63 
 1827      6B4E7200 
 1828              	.LASF29:
 1829 006f 70617373 		.ascii	"passBase\000"
 1829      42617365 
 1829      00
 1830              	.LASF42:
 1831 0078 63707573 		.ascii	"cpussIpcIrqNr\000"
 1831      73497063 
 1831      4972714E 
 1831      7200
 1832              	.LASF5:
 1833 0086 5F5F7569 		.ascii	"__uint8_t\000"
 1833      6E74385F 
 1833      7400
 1834              	.LASF86:
 1835 0090 70657269 		.ascii	"periDiv24_5CtlOffset\000"
 1835      44697632 
 1835      345F3543 
 1835      746C4F66 
 1835      66736574 
 1836              	.LASF163:
 1837 00a5 433A5C41 		.ascii	"C:\\Alen\\GitHub_Denzerek\\PSoC-6-BLE-ARM\\MainProj"
 1837      6C656E5C 
 1837      47697448 
 1837      75625F44 
 1837      656E7A65 
 1838 00d4 6563745C 		.ascii	"ect\\BT_Central_Remote.cydsn\000"
 1838      42545F43 
 1838      656E7472 
ARM GAS  C:\Users\Austina\AppData\Local\Temp\ccw05Ooy.s 			page 34


 1838      616C5F52 
 1838      656D6F74 
 1839              	.LASF113:
 1840 00f0 63795F73 		.ascii	"cy_stc_ble_conn_handle_t\000"
 1840      74635F62 
 1840      6C655F63 
 1840      6F6E6E5F 
 1840      68616E64 
 1841              	.LASF143:
 1842 0109 63757374 		.ascii	"customServHandle\000"
 1842      6F6D5365 
 1842      72764861 
 1842      6E646C65 
 1842      00
 1843              	.LASF22:
 1844 011a 63707573 		.ascii	"cpussBase\000"
 1844      73426173 
 1844      6500
 1845              	.LASF71:
 1846 0124 64774368 		.ascii	"dwChCtlPrioPos\000"
 1846      43746C50 
 1846      72696F50 
 1846      6F7300
 1847              	.LASF136:
 1848 0133 63795F73 		.ascii	"cy_stc_ble_customc_desc_t\000"
 1848      74635F62 
 1848      6C655F63 
 1848      7573746F 
 1848      6D635F64 
 1849              	.LASF14:
 1850 014d 6C6F6E67 		.ascii	"long long unsigned int\000"
 1850      206C6F6E 
 1850      6720756E 
 1850      7369676E 
 1850      65642069 
 1851              	.LASF144:
 1852 0164 63686172 		.ascii	"charCount\000"
 1852      436F756E 
 1852      7400
 1853              	.LASF99:
 1854 016e 63707573 		.ascii	"cpussSysTickCtlOffset\000"
 1854      73537973 
 1854      5469636B 
 1854      43746C4F 
 1854      66667365 
 1855              	.LASF154:
 1856 0184 49544D5F 		.ascii	"ITM_RxBuffer\000"
 1856      52784275 
 1856      66666572 
 1856      00
 1857              	.LASF155:
 1858 0191 63795F62 		.ascii	"cy_ble_scanState\000"
 1858      6C655F73 
 1858      63616E53 
 1858      74617465 
 1858      00
 1859              	.LASF60:
ARM GAS  C:\Users\Austina\AppData\Local\Temp\ccw05Ooy.s 			page 35


 1860 01a2 666C6173 		.ascii	"flashPipeRequired\000"
 1860      68506970 
 1860      65526571 
 1860      75697265 
 1860      6400
 1861              	.LASF64:
 1862 01b4 666C6173 		.ascii	"flashCtlMainWs0Freq\000"
 1862      6843746C 
 1862      4D61696E 
 1862      57733046 
 1862      72657100 
 1863              	.LASF18:
 1864 01c8 696E7431 		.ascii	"int16_t\000"
 1864      365F7400 
 1865              	.LASF1:
 1866 01d0 6C6F6E67 		.ascii	"long long int\000"
 1866      206C6F6E 
 1866      6720696E 
 1866      7400
 1867              	.LASF3:
 1868 01de 7369676E 		.ascii	"signed char\000"
 1868      65642063 
 1868      68617200 
 1869              	.LASF80:
 1870 01ea 70657269 		.ascii	"periDivCmdTypeSelPos\000"
 1870      44697643 
 1870      6D645479 
 1870      70655365 
 1870      6C506F73 
 1871              	.LASF26:
 1872 01ff 70726F74 		.ascii	"protBase\000"
 1872      42617365 
 1872      00
 1873              	.LASF38:
 1874 0208 69706356 		.ascii	"ipcVersion\000"
 1874      65727369 
 1874      6F6E00
 1875              	.LASF100:
 1876 0213 63707573 		.ascii	"cpussCm0NmiCtlOffset\000"
 1876      73436D30 
 1876      4E6D6943 
 1876      746C4F66 
 1876      66736574 
 1877              	.LASF27:
 1878 0228 6873696F 		.ascii	"hsiomBase\000"
 1878      6D426173 
 1878      6500
 1879              	.LASF11:
 1880 0232 6C6F6E67 		.ascii	"long int\000"
 1880      20696E74 
 1880      00
 1881              	.LASF93:
 1882 023b 63707573 		.ascii	"cpussCm4ClockCtlOffset\000"
 1882      73436D34 
 1882      436C6F63 
 1882      6B43746C 
 1882      4F666673 
ARM GAS  C:\Users\Austina\AppData\Local\Temp\ccw05Ooy.s 			page 36


 1883              	.LASF58:
 1884 0252 63727970 		.ascii	"cryptoMemSize\000"
 1884      746F4D65 
 1884      6D53697A 
 1884      6500
 1885              	.LASF24:
 1886 0260 70657269 		.ascii	"periBase\000"
 1886      42617365 
 1886      00
 1887              	.LASF56:
 1888 0269 73797350 		.ascii	"sysPmSimoPresent\000"
 1888      6D53696D 
 1888      6F507265 
 1888      73656E74 
 1888      00
 1889              	.LASF46:
 1890 027a 63707573 		.ascii	"cpussFmIrq\000"
 1890      73466D49 
 1890      727100
 1891              	.LASF110:
 1892 0285 646F7562 		.ascii	"double\000"
 1892      6C6500
 1893              	.LASF149:
 1894 028c 63795F62 		.ascii	"cy_ble_customUuid128\000"
 1894      6C655F63 
 1894      7573746F 
 1894      6D557569 
 1894      64313238 
 1895              	.LASF49:
 1896 02a1 73727373 		.ascii	"srssNumPll\000"
 1896      4E756D50 
 1896      6C6C00
 1897              	.LASF83:
 1898 02ac 70657269 		.ascii	"periDiv8CtlOffset\000"
 1898      44697638 
 1898      43746C4F 
 1898      66667365 
 1898      7400
 1899              	.LASF127:
 1900 02be 43595F42 		.ascii	"CY_BLE_CONN_STATE_CLIENT_INCL_DISCOVERING\000"
 1900      4C455F43 
 1900      4F4E4E5F 
 1900      53544154 
 1900      455F434C 
 1901              	.LASF90:
 1902 02e8 6770696F 		.ascii	"gpioPrtCfgOutOffset\000"
 1902      50727443 
 1902      66674F75 
 1902      744F6666 
 1902      73657400 
 1903              	.LASF23:
 1904 02fc 666C6173 		.ascii	"flashcBase\000"
 1904      68634261 
 1904      736500
 1905              	.LASF12:
 1906 0307 5F5F7569 		.ascii	"__uint32_t\000"
 1906      6E743332 
ARM GAS  C:\Users\Austina\AppData\Local\Temp\ccw05Ooy.s 			page 37


 1906      5F7400
 1907              	.LASF118:
 1908 0312 43595F42 		.ascii	"CY_BLE_SCAN_STATE_STOPPED\000"
 1908      4C455F53 
 1908      43414E5F 
 1908      53544154 
 1908      455F5354 
 1909              	.LASF53:
 1910 032c 70617373 		.ascii	"passSarChannels\000"
 1910      53617243 
 1910      68616E6E 
 1910      656C7300 
 1911              	.LASF119:
 1912 033c 43595F42 		.ascii	"CY_BLE_SCAN_STATE_SCAN_INITIATED\000"
 1912      4C455F53 
 1912      43414E5F 
 1912      53544154 
 1912      455F5343 
 1913              	.LASF6:
 1914 035d 5F5F696E 		.ascii	"__int16_t\000"
 1914      7431365F 
 1914      7400
 1915              	.LASF122:
 1916 0367 63795F65 		.ascii	"cy_en_ble_scan_state_t\000"
 1916      6E5F626C 
 1916      655F7363 
 1916      616E5F73 
 1916      74617465 
 1917              	.LASF115:
 1918 037e 76616C75 		.ascii	"value\000"
 1918      6500
 1919              	.LASF126:
 1920 0384 43595F42 		.ascii	"CY_BLE_CONN_STATE_CLIENT_SRVC_DISCOVERING\000"
 1920      4C455F43 
 1920      4F4E4E5F 
 1920      53544154 
 1920      455F434C 
 1921              	.LASF91:
 1922 03ae 6770696F 		.ascii	"gpioPrtCfgSioOffset\000"
 1922      50727443 
 1922      66675369 
 1922      6F4F6666 
 1922      73657400 
 1923              	.LASF43:
 1924 03c2 63707573 		.ascii	"cpussDwChNr\000"
 1924      73447743 
 1924      684E7200 
 1925              	.LASF0:
 1926 03ce 756E7369 		.ascii	"unsigned int\000"
 1926      676E6564 
 1926      20696E74 
 1926      00
 1927              	.LASF125:
 1928 03db 43595F42 		.ascii	"CY_BLE_CONN_STATE_CONNECTED\000"
 1928      4C455F43 
 1928      4F4E4E5F 
 1928      53544154 
ARM GAS  C:\Users\Austina\AppData\Local\Temp\ccw05Ooy.s 			page 38


 1928      455F434F 
 1929              	.LASF129:
 1930 03f7 43595F42 		.ascii	"CY_BLE_CONN_STATE_CLIENT_DESCR_DISCOVERING\000"
 1930      4C455F43 
 1930      4F4E4E5F 
 1930      53544154 
 1930      455F434C 
 1931              	.LASF19:
 1932 0422 75696E74 		.ascii	"uint16_t\000"
 1932      31365F74 
 1932      00
 1933              	.LASF76:
 1934 042b 70657269 		.ascii	"periTrCmdGrSelMsk\000"
 1934      5472436D 
 1934      64477253 
 1934      656C4D73 
 1934      6B00
 1935              	.LASF13:
 1936 043d 6C6F6E67 		.ascii	"long unsigned int\000"
 1936      20756E73 
 1936      69676E65 
 1936      6420696E 
 1936      7400
 1937              	.LASF145:
 1938 044f 63757374 		.ascii	"customServChar\000"
 1938      6F6D5365 
 1938      72764368 
 1938      617200
 1939              	.LASF133:
 1940 045e 64657363 		.ascii	"descHandle\000"
 1940      48616E64 
 1940      6C6500
 1941              	.LASF41:
 1942 0469 63707573 		.ascii	"cpussIpcNr\000"
 1942      73497063 
 1942      4E7200
 1943              	.LASF28:
 1944 0474 6770696F 		.ascii	"gpioBase\000"
 1944      42617365 
 1944      00
 1945              	.LASF162:
 1946 047d 47656E65 		.ascii	"Generated_Source\\PSoC6\\BLE_custom_config.c\000"
 1946      72617465 
 1946      645F536F 
 1946      75726365 
 1946      5C50536F 
 1947              	.LASF140:
 1948 04a8 64657363 		.ascii	"descCount\000"
 1948      436F756E 
 1948      7400
 1949              	.LASF77:
 1950 04b2 70657269 		.ascii	"periTrGrOffset\000"
 1950      54724772 
 1950      4F666673 
 1950      657400
 1951              	.LASF104:
 1952 04c1 63707573 		.ascii	"cpussRam1Ctl0\000"
ARM GAS  C:\Users\Austina\AppData\Local\Temp\ccw05Ooy.s 			page 39


 1952      7352616D 
 1952      3143746C 
 1952      3000
 1953              	.LASF157:
 1954 04cf 63795F62 		.ascii	"cy_ble_connState\000"
 1954      6C655F63 
 1954      6F6E6E53 
 1954      74617465 
 1954      00
 1955              	.LASF78:
 1956 04e0 70657269 		.ascii	"periTrGrSize\000"
 1956      54724772 
 1956      53697A65 
 1956      00
 1957              	.LASF36:
 1958 04ed 6770696F 		.ascii	"gpioVersion\000"
 1958      56657273 
 1958      696F6E00 
 1959              	.LASF108:
 1960 04f9 63795F73 		.ascii	"cy_stc_device_t\000"
 1960      74635F64 
 1960      65766963 
 1960      655F7400 
 1961              	.LASF96:
 1962 0509 63707573 		.ascii	"cpussCm4PwrCtlOffset\000"
 1962      73436D34 
 1962      50777243 
 1962      746C4F66 
 1962      66736574 
 1963              	.LASF54:
 1964 051e 65704D6F 		.ascii	"epMonitorNr\000"
 1964      6E69746F 
 1964      724E7200 
 1965              	.LASF101:
 1966 052a 63707573 		.ascii	"cpussCm4NmiCtlOffset\000"
 1966      73436D34 
 1966      4E6D6943 
 1966      746C4F66 
 1966      66736574 
 1967              	.LASF150:
 1968 053f 63795F62 		.ascii	"cy_ble_customUuid16\000"
 1968      6C655F63 
 1968      7573746F 
 1968      6D557569 
 1968      64313600 
 1969              	.LASF97:
 1970 0553 63707573 		.ascii	"cpussTrimRamCtlOffset\000"
 1970      73547269 
 1970      6D52616D 
 1970      43746C4F 
 1970      66667365 
 1971              	.LASF92:
 1972 0569 63707573 		.ascii	"cpussCm0ClockCtlOffset\000"
 1972      73436D30 
 1972      436C6F63 
 1972      6B43746C 
 1972      4F666673 
ARM GAS  C:\Users\Austina\AppData\Local\Temp\ccw05Ooy.s 			page 40


 1973              	.LASF112:
 1974 0580 61747449 		.ascii	"attId\000"
 1974      6400
 1975              	.LASF32:
 1976 0586 63707573 		.ascii	"cpussVersion\000"
 1976      73566572 
 1976      73696F6E 
 1976      00
 1977              	.LASF117:
 1978 0593 63795F62 		.ascii	"cy_ble_gatt_db_attr_handle_t\000"
 1978      6C655F67 
 1978      6174745F 
 1978      64625F61 
 1978      7474725F 
 1979              	.LASF39:
 1980 05b0 70657269 		.ascii	"periVersion\000"
 1980      56657273 
 1980      696F6E00 
 1981              	.LASF151:
 1982 05bc 63795F62 		.ascii	"cy_ble_customCDesc\000"
 1982      6C655F63 
 1982      7573746F 
 1982      6D434465 
 1982      736300
 1983              	.LASF95:
 1984 05cf 63707573 		.ascii	"cpussCm0StatusOffset\000"
 1984      73436D30 
 1984      53746174 
 1984      75734F66 
 1984      66736574 
 1985              	.LASF121:
 1986 05e4 43595F42 		.ascii	"CY_BLE_SCAN_STATE_STOP_INITIATED\000"
 1986      4C455F53 
 1986      43414E5F 
 1986      53544154 
 1986      455F5354 
 1987              	.LASF15:
 1988 0605 73697A65 		.ascii	"sizetype\000"
 1988      74797065 
 1988      00
 1989              	.LASF69:
 1990 060e 64774368 		.ascii	"dwChOffset\000"
 1990      4F666673 
 1990      657400
 1991              	.LASF135:
 1992 0619 75756964 		.ascii	"uuidFormat\000"
 1992      466F726D 
 1992      617400
 1993              	.LASF44:
 1994 0624 63707573 		.ascii	"cpussFlashPaSize\000"
 1994      73466C61 
 1994      73685061 
 1994      53697A65 
 1994      00
 1995              	.LASF82:
 1996 0635 70657269 		.ascii	"periDivCmdPaTypeSelPos\000"
 1996      44697643 
ARM GAS  C:\Users\Austina\AppData\Local\Temp\ccw05Ooy.s 			page 41


 1996      6D645061 
 1996      54797065 
 1996      53656C50 
 1997              	.LASF105:
 1998 064c 63707573 		.ascii	"cpussRam2Ctl0\000"
 1998      7352616D 
 1998      3243746C 
 1998      3000
 1999              	.LASF160:
 2000 065a 63795F62 		.ascii	"cy_ble_customConfig\000"
 2000      6C655F63 
 2000      7573746F 
 2000      6D436F6E 
 2000      66696700 
 2001              	.LASF73:
 2002 066e 64775374 		.ascii	"dwStatusChIdxPos\000"
 2002      61747573 
 2002      43684964 
 2002      78506F73 
 2002      00
 2003              	.LASF55:
 2004 067f 75646250 		.ascii	"udbPresent\000"
 2004      72657365 
 2004      6E7400
 2005              	.LASF131:
 2006 068a 63795F65 		.ascii	"cy_en_ble_conn_state_t\000"
 2006      6E5F626C 
 2006      655F636F 
 2006      6E6E5F73 
 2006      74617465 
 2007              	.LASF35:
 2008 06a1 666C6173 		.ascii	"flashcVersion\000"
 2008      68635665 
 2008      7273696F 
 2008      6E00
 2009              	.LASF31:
 2010 06af 63727970 		.ascii	"cryptoBase\000"
 2010      746F4261 
 2010      736500
 2011              	.LASF52:
 2012 06ba 736D6966 		.ascii	"smifDeviceNr\000"
 2012      44657669 
 2012      63654E72 
 2012      00
 2013              	.LASF161:
 2014 06c7 474E5520 		.ascii	"GNU C11 5.4.1 20160609 (release) [ARM/embedded-5-br"
 2014      43313120 
 2014      352E342E 
 2014      31203230 
 2014      31363036 
 2015 06fa 616E6368 		.ascii	"anch revision 237715] -mcpu=cortex-m4 -mfloat-abi=s"
 2015      20726576 
 2015      6973696F 
 2015      6E203233 
 2015      37373135 
 2016 072d 6F667466 		.ascii	"oftfp -mfpu=fpv4-sp-d16 -mthumb -g -Og -ffunction-s"
 2016      70202D6D 
ARM GAS  C:\Users\Austina\AppData\Local\Temp\ccw05Ooy.s 			page 42


 2016      6670753D 
 2016      66707634 
 2016      2D73702D 
 2017 0760 65637469 		.ascii	"ections -ffat-lto-objects\000"
 2017      6F6E7320 
 2017      2D666661 
 2017      742D6C74 
 2017      6F2D6F62 
 2018              	.LASF61:
 2019 077a 666C6173 		.ascii	"flashWriteDelay\000"
 2019      68577269 
 2019      74654465 
 2019      6C617900 
 2020              	.LASF130:
 2021 078a 43595F42 		.ascii	"CY_BLE_CONN_STATE_CLIENT_DISCOVERED\000"
 2021      4C455F43 
 2021      4F4E4E5F 
 2021      53544154 
 2021      455F434C 
 2022              	.LASF109:
 2023 07ae 666C6F61 		.ascii	"float\000"
 2023      7400
 2024              	.LASF74:
 2025 07b4 64775374 		.ascii	"dwStatusChIdxMsk\000"
 2025      61747573 
 2025      43684964 
 2025      784D736B 
 2025      00
 2026              	.LASF146:
 2027 07c5 63795F73 		.ascii	"cy_stc_ble_customc_t\000"
 2027      74635F62 
 2027      6C655F63 
 2027      7573746F 
 2027      6D635F74 
 2028              	.LASF153:
 2029 07da 63795F64 		.ascii	"cy_device\000"
 2029      65766963 
 2029      6500
 2030              	.LASF102:
 2031 07e4 63707573 		.ascii	"cpussRomCtl\000"
 2031      73526F6D 
 2031      43746C00 
 2032              	.LASF72:
 2033 07f0 64774368 		.ascii	"dwChCtlPreemptablePos\000"
 2033      43746C50 
 2033      7265656D 
 2033      70746162 
 2033      6C65506F 
 2034              	.LASF25:
 2035 0806 75646242 		.ascii	"udbBase\000"
 2035      61736500 
 2036              	.LASF128:
 2037 080e 43595F42 		.ascii	"CY_BLE_CONN_STATE_CLIENT_CHAR_DISCOVERING\000"
 2037      4C455F43 
 2037      4F4E4E5F 
 2037      53544154 
 2037      455F434C 
ARM GAS  C:\Users\Austina\AppData\Local\Temp\ccw05Ooy.s 			page 43


 2038              	.LASF132:
 2039 0838 5F426F6F 		.ascii	"_Bool\000"
 2039      6C00
 2040              	.LASF20:
 2041 083e 696E7433 		.ascii	"int32_t\000"
 2041      325F7400 
 2042              	.LASF4:
 2043 0846 756E7369 		.ascii	"unsigned char\000"
 2043      676E6564 
 2043      20636861 
 2043      7200
 2044              	.LASF68:
 2045 0854 666C6173 		.ascii	"flashCtlMainWs4Freq\000"
 2045      6843746C 
 2045      4D61696E 
 2045      57733446 
 2045      72657100 
 2046              	.LASF7:
 2047 0868 73686F72 		.ascii	"short int\000"
 2047      7420696E 
 2047      7400
 2048              	.LASF75:
 2049 0872 70657269 		.ascii	"periTrCmdOffset\000"
 2049      5472436D 
 2049      644F6666 
 2049      73657400 
 2050              	.LASF79:
 2051 0882 70657269 		.ascii	"periDivCmdDivSelMsk\000"
 2051      44697643 
 2051      6D644469 
 2051      7653656C 
 2051      4D736B00 
 2052              	.LASF66:
 2053 0896 666C6173 		.ascii	"flashCtlMainWs2Freq\000"
 2053      6843746C 
 2053      4D61696E 
 2053      57733246 
 2053      72657100 
 2054              	.LASF114:
 2055 08aa 63795F62 		.ascii	"cy_ble_uuid16_t\000"
 2055      6C655F75 
 2055      75696431 
 2055      365F7400 
 2056              	.LASF152:
 2057 08ba 63795F62 		.ascii	"cy_ble_customCChar\000"
 2057      6C655F63 
 2057      7573746F 
 2057      6D434368 
 2057      617200
 2058              	.LASF148:
 2059 08cd 63795F73 		.ascii	"cy_stc_ble_custom_config_t\000"
 2059      74635F62 
 2059      6C655F63 
 2059      7573746F 
 2059      6D5F636F 
 2060              	.LASF50:
 2061 08e8 73727373 		.ascii	"srssNumHfroot\000"
ARM GAS  C:\Users\Austina\AppData\Local\Temp\ccw05Ooy.s 			page 44


 2061      4E756D48 
 2061      66726F6F 
 2061      7400
 2062              	.LASF63:
 2063 08f6 666C6173 		.ascii	"flashEraseDelay\000"
 2063      68457261 
 2063      73654465 
 2063      6C617900 
 2064              	.LASF139:
 2065 0906 70726F70 		.ascii	"properties\000"
 2065      65727469 
 2065      657300
 2066              	.LASF21:
 2067 0911 75696E74 		.ascii	"uint32_t\000"
 2067      33325F74 
 2067      00
 2068              	.LASF138:
 2069 091a 63757374 		.ascii	"customServCharEndHandle\000"
 2069      6F6D5365 
 2069      72764368 
 2069      6172456E 
 2069      6448616E 
 2070              	.LASF159:
 2071 0932 63795F62 		.ascii	"cy_ble_customCServ\000"
 2071      6C655F63 
 2071      7573746F 
 2071      6D435365 
 2071      727600
 2072              	.LASF2:
 2073 0945 6C6F6E67 		.ascii	"long double\000"
 2073      20646F75 
 2073      626C6500 
 2074              	.LASF16:
 2075 0951 63686172 		.ascii	"char\000"
 2075      00
 2076              	.LASF134:
 2077 0956 75756964 		.ascii	"uuid\000"
 2077      00
 2078              	.LASF40:
 2079 095b 70726F74 		.ascii	"protVersion\000"
 2079      56657273 
 2079      696F6E00 
 2080              	.LASF103:
 2081 0967 63707573 		.ascii	"cpussRam0Ctl0\000"
 2081      7352616D 
 2081      3043746C 
 2081      3000
 2082              	.LASF8:
 2083 0975 5F5F7569 		.ascii	"__uint16_t\000"
 2083      6E743136 
 2083      5F7400
 2084              	.LASF158:
 2085 0980 63795F62 		.ascii	"cy_ble_pendingFlashWrite\000"
 2085      6C655F70 
 2085      656E6469 
 2085      6E67466C 
 2085      61736857 
ARM GAS  C:\Users\Austina\AppData\Local\Temp\ccw05Ooy.s 			page 45


 2086              	.LASF84:
 2087 0999 70657269 		.ascii	"periDiv16CtlOffset\000"
 2087      44697631 
 2087      3643746C 
 2087      4F666673 
 2087      657400
 2088              	.LASF10:
 2089 09ac 5F5F696E 		.ascii	"__int32_t\000"
 2089      7433325F 
 2089      7400
 2090              	.LASF37:
 2091 09b6 6873696F 		.ascii	"hsiomVersion\000"
 2091      6D566572 
 2091      73696F6E 
 2091      00
 2092              	.LASF62:
 2093 09c3 666C6173 		.ascii	"flashProgramDelay\000"
 2093      6850726F 
 2093      6772616D 
 2093      44656C61 
 2093      7900
 2094              	.LASF142:
 2095 09d5 63795F73 		.ascii	"cy_stc_ble_customc_char_t\000"
 2095      74635F62 
 2095      6C655F63 
 2095      7573746F 
 2095      6D635F63 
 2096              	.LASF65:
 2097 09ef 666C6173 		.ascii	"flashCtlMainWs1Freq\000"
 2097      6843746C 
 2097      4D61696E 
 2097      57733146 
 2097      72657100 
 2098              	.LASF9:
 2099 0a03 73686F72 		.ascii	"short unsigned int\000"
 2099      7420756E 
 2099      7369676E 
 2099      65642069 
 2099      6E7400
 2100              	.LASF70:
 2101 0a16 64774368 		.ascii	"dwChSize\000"
 2101      53697A65 
 2101      00
 2102              	.LASF106:
 2103 0a1f 69706353 		.ascii	"ipcStructSize\000"
 2103      74727563 
 2103      7453697A 
 2103      6500
 2104              	.LASF45:
 2105 0a2d 63707573 		.ascii	"cpussIpc0Irq\000"
 2105      73497063 
 2105      30497271 
 2105      00
 2106              	.LASF85:
 2107 0a3a 70657269 		.ascii	"periDiv16_5CtlOffset\000"
 2107      44697631 
 2107      365F3543 
ARM GAS  C:\Users\Austina\AppData\Local\Temp\ccw05Ooy.s 			page 46


 2107      746C4F66 
 2107      66736574 
 2108              	.LASF88:
 2109 0a4f 6770696F 		.ascii	"gpioPrtCfgOffset\000"
 2109      50727443 
 2109      66674F66 
 2109      66736574 
 2109      00
 2110              	.LASF123:
 2111 0a60 43595F42 		.ascii	"CY_BLE_CONN_STATE_DISCONNECTED\000"
 2111      4C455F43 
 2111      4F4E4E5F 
 2111      53544154 
 2111      455F4449 
 2112              	.LASF156:
 2113 0a7f 63795F62 		.ascii	"cy_ble_connHandle\000"
 2113      6C655F63 
 2113      6F6E6E48 
 2113      616E646C 
 2113      6500
 2114              	.LASF47:
 2115 0a91 63707573 		.ascii	"cpussNotConnectedIrq\000"
 2115      734E6F74 
 2115      436F6E6E 
 2115      65637465 
 2115      64497271 
 2116              	.LASF120:
 2117 0aa6 43595F42 		.ascii	"CY_BLE_SCAN_STATE_SCANNING\000"
 2117      4C455F53 
 2117      43414E5F 
 2117      53544154 
 2117      455F5343 
 2118              	.LASF17:
 2119 0ac1 75696E74 		.ascii	"uint8_t\000"
 2119      385F7400 
 2120              	.LASF94:
 2121 0ac9 63707573 		.ascii	"cpussCm4StatusOffset\000"
 2121      73436D34 
 2121      53746174 
 2121      75734F66 
 2121      66736574 
 2122              	.LASF87:
 2123 0ade 6770696F 		.ascii	"gpioPrtIntrCfgOffset\000"
 2123      50727449 
 2123      6E747243 
 2123      66674F66 
 2123      66736574 
 2124              	.LASF98:
 2125 0af3 63707573 		.ascii	"cpussTrimRomCtlOffset\000"
 2125      73547269 
 2125      6D526F6D 
 2125      43746C4F 
 2125      66667365 
 2126              	.LASF111:
 2127 0b09 62644861 		.ascii	"bdHandle\000"
 2127      6E646C65 
 2127      00
ARM GAS  C:\Users\Austina\AppData\Local\Temp\ccw05Ooy.s 			page 47


 2128              	.LASF48:
 2129 0b12 73727373 		.ascii	"srssNumClkpath\000"
 2129      4E756D43 
 2129      6C6B7061 
 2129      746800
 2130              	.LASF34:
 2131 0b21 64775665 		.ascii	"dwVersion\000"
 2131      7273696F 
 2131      6E00
 2132              	.LASF30:
 2133 0b2b 69706342 		.ascii	"ipcBase\000"
 2133      61736500 
 2134              	.LASF81:
 2135 0b33 70657269 		.ascii	"periDivCmdPaDivSelPos\000"
 2135      44697643 
 2135      6D645061 
 2135      44697653 
 2135      656C506F 
 2136              	.LASF116:
 2137 0b49 63795F73 		.ascii	"cy_stc_ble_uuid128_t\000"
 2137      74635F62 
 2137      6C655F75 
 2137      75696431 
 2137      32385F74 
 2138              	.LASF137:
 2139 0b5e 63757374 		.ascii	"customServCharHandle\000"
 2139      6F6D5365 
 2139      72764368 
 2139      61724861 
 2139      6E646C65 
 2140              	.LASF124:
 2141 0b73 43595F42 		.ascii	"CY_BLE_CONN_STATE_CLIENT_DISCONNECTED_DISCOVERED\000"
 2141      4C455F43 
 2141      4F4E4E5F 
 2141      53544154 
 2141      455F434C 
 2142              	.LASF59:
 2143 0ba4 666C6173 		.ascii	"flashRwwRequired\000"
 2143      68527777 
 2143      52657175 
 2143      69726564 
 2143      00
 2144              	.LASF141:
 2145 0bb5 63757374 		.ascii	"customServCharDesc\000"
 2145      6F6D5365 
 2145      72764368 
 2145      61724465 
 2145      736300
 2146              		.ident	"GCC: (GNU Tools for ARM Embedded Processors) 5.4.1 20160609 (release) [ARM/embedded-5-bran
