ARM GAS  C:\Users\Austina\AppData\Local\Temp\cc7vF5qy.s 			page 1


   1              		.syntax unified
   2              		.cpu cortex-m0plus
   3              		.fpu softvfp
   4              		.eabi_attribute 20, 1
   5              		.eabi_attribute 21, 1
   6              		.eabi_attribute 23, 3
   7              		.eabi_attribute 24, 1
   8              		.eabi_attribute 25, 1
   9              		.eabi_attribute 26, 1
  10              		.eabi_attribute 30, 1
  11              		.eabi_attribute 34, 0
  12              		.eabi_attribute 18, 4
  13              		.thumb
  14              		.syntax unified
  15              		.file	"main_cm0p.c"
  16              		.text
  17              	.Ltext0:
  18              		.cfi_sections	.debug_frame
  19              		.section	.text.main,"ax",%progbits
  20              		.align	2
  21              		.global	main
  22              		.code	16
  23              		.thumb_func
  24              		.type	main, %function
  25              	main:
  26              	.LFB426:
  27              		.file 1 "main_cm0p.c"
   1:main_cm0p.c   **** /* ========================================
   2:main_cm0p.c   ****  *
   3:main_cm0p.c   ****  * Copyright YOUR COMPANY, THE YEAR
   4:main_cm0p.c   ****  * All Rights Reserved
   5:main_cm0p.c   ****  * UNPUBLISHED, LICENSED SOFTWARE.
   6:main_cm0p.c   ****  *
   7:main_cm0p.c   ****  * CONFIDENTIAL AND PROPRIETARY INFORMATION
   8:main_cm0p.c   ****  * WHICH IS THE PROPERTY OF your company.
   9:main_cm0p.c   ****  *
  10:main_cm0p.c   ****  * ========================================
  11:main_cm0p.c   **** */
  12:main_cm0p.c   **** #include "project.h"
  13:main_cm0p.c   **** 
  14:main_cm0p.c   **** int main(void)
  15:main_cm0p.c   **** {
  28              		.loc 1 15 0
  29              		.cfi_startproc
  30              		@ Volatile: function does not return.
  31              		@ args = 0, pretend = 0, frame = 0
  32              		@ frame_needed = 0, uses_anonymous_args = 0
  33 0000 10B5     		push	{r4, lr}
  34              		.cfi_def_cfa_offset 8
  35              		.cfi_offset 4, -8
  36              		.cfi_offset 14, -4
  37              	.LBB4:
  38              	.LBB5:
  39              		.file 2 "Generated_Source\\PSoC6\\pdl\\cmsis/include/cmsis_gcc.h"
   1:Generated_Source\PSoC6\pdl\cmsis/include/cmsis_gcc.h **** /**************************************************************************//**
   2:Generated_Source\PSoC6\pdl\cmsis/include/cmsis_gcc.h ****  * @file     cmsis_gcc.h
   3:Generated_Source\PSoC6\pdl\cmsis/include/cmsis_gcc.h ****  * @brief    CMSIS compiler GCC header file
ARM GAS  C:\Users\Austina\AppData\Local\Temp\cc7vF5qy.s 			page 2


   4:Generated_Source\PSoC6\pdl\cmsis/include/cmsis_gcc.h ****  * @version  V5.0.3
   5:Generated_Source\PSoC6\pdl\cmsis/include/cmsis_gcc.h ****  * @date     16. January 2018
   6:Generated_Source\PSoC6\pdl\cmsis/include/cmsis_gcc.h ****  ******************************************************************************/
   7:Generated_Source\PSoC6\pdl\cmsis/include/cmsis_gcc.h **** /*
   8:Generated_Source\PSoC6\pdl\cmsis/include/cmsis_gcc.h ****  * Copyright (c) 2009-2017 ARM Limited. All rights reserved.
   9:Generated_Source\PSoC6\pdl\cmsis/include/cmsis_gcc.h ****  *
  10:Generated_Source\PSoC6\pdl\cmsis/include/cmsis_gcc.h ****  * SPDX-License-Identifier: Apache-2.0
  11:Generated_Source\PSoC6\pdl\cmsis/include/cmsis_gcc.h ****  *
  12:Generated_Source\PSoC6\pdl\cmsis/include/cmsis_gcc.h ****  * Licensed under the Apache License, Version 2.0 (the License); you may
  13:Generated_Source\PSoC6\pdl\cmsis/include/cmsis_gcc.h ****  * not use this file except in compliance with the License.
  14:Generated_Source\PSoC6\pdl\cmsis/include/cmsis_gcc.h ****  * You may obtain a copy of the License at
  15:Generated_Source\PSoC6\pdl\cmsis/include/cmsis_gcc.h ****  *
  16:Generated_Source\PSoC6\pdl\cmsis/include/cmsis_gcc.h ****  * www.apache.org/licenses/LICENSE-2.0
  17:Generated_Source\PSoC6\pdl\cmsis/include/cmsis_gcc.h ****  *
  18:Generated_Source\PSoC6\pdl\cmsis/include/cmsis_gcc.h ****  * Unless required by applicable law or agreed to in writing, software
  19:Generated_Source\PSoC6\pdl\cmsis/include/cmsis_gcc.h ****  * distributed under the License is distributed on an AS IS BASIS, WITHOUT
  20:Generated_Source\PSoC6\pdl\cmsis/include/cmsis_gcc.h ****  * WARRANTIES OR CONDITIONS OF ANY KIND, either express or implied.
  21:Generated_Source\PSoC6\pdl\cmsis/include/cmsis_gcc.h ****  * See the License for the specific language governing permissions and
  22:Generated_Source\PSoC6\pdl\cmsis/include/cmsis_gcc.h ****  * limitations under the License.
  23:Generated_Source\PSoC6\pdl\cmsis/include/cmsis_gcc.h ****  */
  24:Generated_Source\PSoC6\pdl\cmsis/include/cmsis_gcc.h **** 
  25:Generated_Source\PSoC6\pdl\cmsis/include/cmsis_gcc.h **** #ifndef __CMSIS_GCC_H
  26:Generated_Source\PSoC6\pdl\cmsis/include/cmsis_gcc.h **** #define __CMSIS_GCC_H
  27:Generated_Source\PSoC6\pdl\cmsis/include/cmsis_gcc.h **** 
  28:Generated_Source\PSoC6\pdl\cmsis/include/cmsis_gcc.h **** /* ignore some GCC warnings */
  29:Generated_Source\PSoC6\pdl\cmsis/include/cmsis_gcc.h **** #pragma GCC diagnostic push
  30:Generated_Source\PSoC6\pdl\cmsis/include/cmsis_gcc.h **** #pragma GCC diagnostic ignored "-Wsign-conversion"
  31:Generated_Source\PSoC6\pdl\cmsis/include/cmsis_gcc.h **** #pragma GCC diagnostic ignored "-Wconversion"
  32:Generated_Source\PSoC6\pdl\cmsis/include/cmsis_gcc.h **** #pragma GCC diagnostic ignored "-Wunused-parameter"
  33:Generated_Source\PSoC6\pdl\cmsis/include/cmsis_gcc.h **** 
  34:Generated_Source\PSoC6\pdl\cmsis/include/cmsis_gcc.h **** /* Fallback for __has_builtin */
  35:Generated_Source\PSoC6\pdl\cmsis/include/cmsis_gcc.h **** #ifndef __has_builtin
  36:Generated_Source\PSoC6\pdl\cmsis/include/cmsis_gcc.h ****   #define __has_builtin(x) (0)
  37:Generated_Source\PSoC6\pdl\cmsis/include/cmsis_gcc.h **** #endif
  38:Generated_Source\PSoC6\pdl\cmsis/include/cmsis_gcc.h **** 
  39:Generated_Source\PSoC6\pdl\cmsis/include/cmsis_gcc.h **** /* CMSIS compiler specific defines */
  40:Generated_Source\PSoC6\pdl\cmsis/include/cmsis_gcc.h **** #ifndef   __ASM
  41:Generated_Source\PSoC6\pdl\cmsis/include/cmsis_gcc.h ****   #define __ASM                                  __asm
  42:Generated_Source\PSoC6\pdl\cmsis/include/cmsis_gcc.h **** #endif
  43:Generated_Source\PSoC6\pdl\cmsis/include/cmsis_gcc.h **** #ifndef   __INLINE
  44:Generated_Source\PSoC6\pdl\cmsis/include/cmsis_gcc.h ****   #define __INLINE                               inline
  45:Generated_Source\PSoC6\pdl\cmsis/include/cmsis_gcc.h **** #endif
  46:Generated_Source\PSoC6\pdl\cmsis/include/cmsis_gcc.h **** #ifndef   __STATIC_INLINE
  47:Generated_Source\PSoC6\pdl\cmsis/include/cmsis_gcc.h ****   #define __STATIC_INLINE                        static inline
  48:Generated_Source\PSoC6\pdl\cmsis/include/cmsis_gcc.h **** #endif
  49:Generated_Source\PSoC6\pdl\cmsis/include/cmsis_gcc.h **** #ifndef   __STATIC_FORCEINLINE                 
  50:Generated_Source\PSoC6\pdl\cmsis/include/cmsis_gcc.h ****   #define __STATIC_FORCEINLINE                   __attribute__((always_inline)) static inline
  51:Generated_Source\PSoC6\pdl\cmsis/include/cmsis_gcc.h **** #endif                                           
  52:Generated_Source\PSoC6\pdl\cmsis/include/cmsis_gcc.h **** #ifndef   __NO_RETURN
  53:Generated_Source\PSoC6\pdl\cmsis/include/cmsis_gcc.h ****   #define __NO_RETURN                            __attribute__((__noreturn__))
  54:Generated_Source\PSoC6\pdl\cmsis/include/cmsis_gcc.h **** #endif
  55:Generated_Source\PSoC6\pdl\cmsis/include/cmsis_gcc.h **** #ifndef   __USED
  56:Generated_Source\PSoC6\pdl\cmsis/include/cmsis_gcc.h ****   #define __USED                                 __attribute__((used))
  57:Generated_Source\PSoC6\pdl\cmsis/include/cmsis_gcc.h **** #endif
  58:Generated_Source\PSoC6\pdl\cmsis/include/cmsis_gcc.h **** #ifndef   __WEAK
  59:Generated_Source\PSoC6\pdl\cmsis/include/cmsis_gcc.h ****   #define __WEAK                                 __attribute__((weak))
  60:Generated_Source\PSoC6\pdl\cmsis/include/cmsis_gcc.h **** #endif
ARM GAS  C:\Users\Austina\AppData\Local\Temp\cc7vF5qy.s 			page 3


  61:Generated_Source\PSoC6\pdl\cmsis/include/cmsis_gcc.h **** #ifndef   __PACKED
  62:Generated_Source\PSoC6\pdl\cmsis/include/cmsis_gcc.h ****   #define __PACKED                               __attribute__((packed, aligned(1)))
  63:Generated_Source\PSoC6\pdl\cmsis/include/cmsis_gcc.h **** #endif
  64:Generated_Source\PSoC6\pdl\cmsis/include/cmsis_gcc.h **** #ifndef   __PACKED_STRUCT
  65:Generated_Source\PSoC6\pdl\cmsis/include/cmsis_gcc.h ****   #define __PACKED_STRUCT                        struct __attribute__((packed, aligned(1)))
  66:Generated_Source\PSoC6\pdl\cmsis/include/cmsis_gcc.h **** #endif
  67:Generated_Source\PSoC6\pdl\cmsis/include/cmsis_gcc.h **** #ifndef   __PACKED_UNION
  68:Generated_Source\PSoC6\pdl\cmsis/include/cmsis_gcc.h ****   #define __PACKED_UNION                         union __attribute__((packed, aligned(1)))
  69:Generated_Source\PSoC6\pdl\cmsis/include/cmsis_gcc.h **** #endif
  70:Generated_Source\PSoC6\pdl\cmsis/include/cmsis_gcc.h **** #ifndef   __UNALIGNED_UINT32        /* deprecated */
  71:Generated_Source\PSoC6\pdl\cmsis/include/cmsis_gcc.h ****   #pragma GCC diagnostic push
  72:Generated_Source\PSoC6\pdl\cmsis/include/cmsis_gcc.h ****   #pragma GCC diagnostic ignored "-Wpacked"
  73:Generated_Source\PSoC6\pdl\cmsis/include/cmsis_gcc.h ****   #pragma GCC diagnostic ignored "-Wattributes"
  74:Generated_Source\PSoC6\pdl\cmsis/include/cmsis_gcc.h ****   struct __attribute__((packed)) T_UINT32 { uint32_t v; };
  75:Generated_Source\PSoC6\pdl\cmsis/include/cmsis_gcc.h ****   #pragma GCC diagnostic pop
  76:Generated_Source\PSoC6\pdl\cmsis/include/cmsis_gcc.h ****   #define __UNALIGNED_UINT32(x)                  (((struct T_UINT32 *)(x))->v)
  77:Generated_Source\PSoC6\pdl\cmsis/include/cmsis_gcc.h **** #endif
  78:Generated_Source\PSoC6\pdl\cmsis/include/cmsis_gcc.h **** #ifndef   __UNALIGNED_UINT16_WRITE
  79:Generated_Source\PSoC6\pdl\cmsis/include/cmsis_gcc.h ****   #pragma GCC diagnostic push
  80:Generated_Source\PSoC6\pdl\cmsis/include/cmsis_gcc.h ****   #pragma GCC diagnostic ignored "-Wpacked"
  81:Generated_Source\PSoC6\pdl\cmsis/include/cmsis_gcc.h ****   #pragma GCC diagnostic ignored "-Wattributes"
  82:Generated_Source\PSoC6\pdl\cmsis/include/cmsis_gcc.h ****   __PACKED_STRUCT T_UINT16_WRITE { uint16_t v; };
  83:Generated_Source\PSoC6\pdl\cmsis/include/cmsis_gcc.h ****   #pragma GCC diagnostic pop
  84:Generated_Source\PSoC6\pdl\cmsis/include/cmsis_gcc.h ****   #define __UNALIGNED_UINT16_WRITE(addr, val)    (void)((((struct T_UINT16_WRITE *)(void *)(addr))-
  85:Generated_Source\PSoC6\pdl\cmsis/include/cmsis_gcc.h **** #endif
  86:Generated_Source\PSoC6\pdl\cmsis/include/cmsis_gcc.h **** #ifndef   __UNALIGNED_UINT16_READ
  87:Generated_Source\PSoC6\pdl\cmsis/include/cmsis_gcc.h ****   #pragma GCC diagnostic push
  88:Generated_Source\PSoC6\pdl\cmsis/include/cmsis_gcc.h ****   #pragma GCC diagnostic ignored "-Wpacked"
  89:Generated_Source\PSoC6\pdl\cmsis/include/cmsis_gcc.h ****   #pragma GCC diagnostic ignored "-Wattributes"
  90:Generated_Source\PSoC6\pdl\cmsis/include/cmsis_gcc.h ****   __PACKED_STRUCT T_UINT16_READ { uint16_t v; };
  91:Generated_Source\PSoC6\pdl\cmsis/include/cmsis_gcc.h ****   #pragma GCC diagnostic pop
  92:Generated_Source\PSoC6\pdl\cmsis/include/cmsis_gcc.h ****   #define __UNALIGNED_UINT16_READ(addr)          (((const struct T_UINT16_READ *)(const void *)(add
  93:Generated_Source\PSoC6\pdl\cmsis/include/cmsis_gcc.h **** #endif
  94:Generated_Source\PSoC6\pdl\cmsis/include/cmsis_gcc.h **** #ifndef   __UNALIGNED_UINT32_WRITE
  95:Generated_Source\PSoC6\pdl\cmsis/include/cmsis_gcc.h ****   #pragma GCC diagnostic push
  96:Generated_Source\PSoC6\pdl\cmsis/include/cmsis_gcc.h ****   #pragma GCC diagnostic ignored "-Wpacked"
  97:Generated_Source\PSoC6\pdl\cmsis/include/cmsis_gcc.h ****   #pragma GCC diagnostic ignored "-Wattributes"
  98:Generated_Source\PSoC6\pdl\cmsis/include/cmsis_gcc.h ****   __PACKED_STRUCT T_UINT32_WRITE { uint32_t v; };
  99:Generated_Source\PSoC6\pdl\cmsis/include/cmsis_gcc.h ****   #pragma GCC diagnostic pop
 100:Generated_Source\PSoC6\pdl\cmsis/include/cmsis_gcc.h ****   #define __UNALIGNED_UINT32_WRITE(addr, val)    (void)((((struct T_UINT32_WRITE *)(void *)(addr))-
 101:Generated_Source\PSoC6\pdl\cmsis/include/cmsis_gcc.h **** #endif
 102:Generated_Source\PSoC6\pdl\cmsis/include/cmsis_gcc.h **** #ifndef   __UNALIGNED_UINT32_READ
 103:Generated_Source\PSoC6\pdl\cmsis/include/cmsis_gcc.h ****   #pragma GCC diagnostic push
 104:Generated_Source\PSoC6\pdl\cmsis/include/cmsis_gcc.h ****   #pragma GCC diagnostic ignored "-Wpacked"
 105:Generated_Source\PSoC6\pdl\cmsis/include/cmsis_gcc.h ****   #pragma GCC diagnostic ignored "-Wattributes"
 106:Generated_Source\PSoC6\pdl\cmsis/include/cmsis_gcc.h ****   __PACKED_STRUCT T_UINT32_READ { uint32_t v; };
 107:Generated_Source\PSoC6\pdl\cmsis/include/cmsis_gcc.h ****   #pragma GCC diagnostic pop
 108:Generated_Source\PSoC6\pdl\cmsis/include/cmsis_gcc.h ****   #define __UNALIGNED_UINT32_READ(addr)          (((const struct T_UINT32_READ *)(const void *)(add
 109:Generated_Source\PSoC6\pdl\cmsis/include/cmsis_gcc.h **** #endif
 110:Generated_Source\PSoC6\pdl\cmsis/include/cmsis_gcc.h **** #ifndef   __ALIGNED
 111:Generated_Source\PSoC6\pdl\cmsis/include/cmsis_gcc.h ****   #define __ALIGNED(x)                           __attribute__((aligned(x)))
 112:Generated_Source\PSoC6\pdl\cmsis/include/cmsis_gcc.h **** #endif
 113:Generated_Source\PSoC6\pdl\cmsis/include/cmsis_gcc.h **** #ifndef   __RESTRICT
 114:Generated_Source\PSoC6\pdl\cmsis/include/cmsis_gcc.h ****   #define __RESTRICT                             __restrict
 115:Generated_Source\PSoC6\pdl\cmsis/include/cmsis_gcc.h **** #endif
 116:Generated_Source\PSoC6\pdl\cmsis/include/cmsis_gcc.h **** 
 117:Generated_Source\PSoC6\pdl\cmsis/include/cmsis_gcc.h **** 
ARM GAS  C:\Users\Austina\AppData\Local\Temp\cc7vF5qy.s 			page 4


 118:Generated_Source\PSoC6\pdl\cmsis/include/cmsis_gcc.h **** /* ###########################  Core Function Access  ########################### */
 119:Generated_Source\PSoC6\pdl\cmsis/include/cmsis_gcc.h **** /** \ingroup  CMSIS_Core_FunctionInterface
 120:Generated_Source\PSoC6\pdl\cmsis/include/cmsis_gcc.h ****     \defgroup CMSIS_Core_RegAccFunctions CMSIS Core Register Access Functions
 121:Generated_Source\PSoC6\pdl\cmsis/include/cmsis_gcc.h ****   @{
 122:Generated_Source\PSoC6\pdl\cmsis/include/cmsis_gcc.h ****  */
 123:Generated_Source\PSoC6\pdl\cmsis/include/cmsis_gcc.h **** 
 124:Generated_Source\PSoC6\pdl\cmsis/include/cmsis_gcc.h **** /**
 125:Generated_Source\PSoC6\pdl\cmsis/include/cmsis_gcc.h ****   \brief   Enable IRQ Interrupts
 126:Generated_Source\PSoC6\pdl\cmsis/include/cmsis_gcc.h ****   \details Enables IRQ interrupts by clearing the I-bit in the CPSR.
 127:Generated_Source\PSoC6\pdl\cmsis/include/cmsis_gcc.h ****            Can only be executed in Privileged modes.
 128:Generated_Source\PSoC6\pdl\cmsis/include/cmsis_gcc.h ****  */
 129:Generated_Source\PSoC6\pdl\cmsis/include/cmsis_gcc.h **** __STATIC_FORCEINLINE void __enable_irq(void)
 130:Generated_Source\PSoC6\pdl\cmsis/include/cmsis_gcc.h **** {
 131:Generated_Source\PSoC6\pdl\cmsis/include/cmsis_gcc.h ****   __ASM volatile ("cpsie i" : : : "memory");
  40              		.loc 2 131 0
  41              		.syntax divided
  42              	@ 131 "Generated_Source\PSoC6\pdl\cmsis/include/cmsis_gcc.h" 1
  43 0002 62B6     		cpsie i
  44              	@ 0 "" 2
  45              		.thumb
  46              		.syntax unified
  47              	.LBE5:
  48              	.LBE4:
  16:main_cm0p.c   ****     __enable_irq(); /* Enable global interrupts. */
  17:main_cm0p.c   ****     /* Enable CM4.  CY_CORTEX_M4_APPL_ADDR must be updated if CM4 memory layout is changed. */
  18:main_cm0p.c   ****     
  19:main_cm0p.c   ****     Cy_BLE_Start(0);
  49              		.loc 1 19 0
  50 0004 0020     		movs	r0, #0
  51 0006 FFF7FEFF 		bl	Cy_BLE_Start
  52              	.LVL0:
  20:main_cm0p.c   ****     
  21:main_cm0p.c   ****     Cy_SysEnableCM4(CY_CORTEX_M4_APPL_ADDR); 
  53              		.loc 1 21 0
  54 000a 0348     		ldr	r0, .L3
  55 000c FFF7FEFF 		bl	Cy_SysEnableCM4
  56              	.LVL1:
  57              	.L2:
  22:main_cm0p.c   **** 
  23:main_cm0p.c   ****     /* Place your initialization/startup code here (e.g. MyInst_Start()) */
  24:main_cm0p.c   **** 
  25:main_cm0p.c   ****     for(;;)
  26:main_cm0p.c   ****     {
  27:main_cm0p.c   ****         Cy_BLE_ProcessEvents();
  58              		.loc 1 27 0 discriminator 1
  59 0010 FFF7FEFF 		bl	Cy_BLE_ProcessEvents
  60              	.LVL2:
  61 0014 FCE7     		b	.L2
  62              	.L4:
  63 0016 C046     		.align	2
  64              	.L3:
  65 0018 00000810 		.word	268959744
  66              		.cfi_endproc
  67              	.LFE426:
  68              		.size	main, .-main
  69              		.text
  70              	.Letext0:
ARM GAS  C:\Users\Austina\AppData\Local\Temp\cc7vF5qy.s 			page 5


  71              		.file 3 "c:\\program files (x86)\\cypress\\psoc creator\\4.4\\psoc creator\\import\\gnu\\arm\\5.4.
  72              		.file 4 "c:\\program files (x86)\\cypress\\psoc creator\\4.4\\psoc creator\\import\\gnu\\arm\\5.4.
  73              		.file 5 "Generated_Source\\PSoC6\\pdl\\drivers/peripheral/device/cy_device.h"
  74              		.file 6 "Generated_Source\\PSoC6\\pdl\\drivers/peripheral/scb/cy_scb_i2c.h"
  75              		.file 7 "Generated_Source\\PSoC6\\pdl\\drivers/peripheral/scb/cy_scb_uart.h"
  76              		.file 8 "Generated_Source\\PSoC6/UART.h"
  77              		.file 9 "Generated_Source\\PSoC6/I2C_1.h"
  78              		.file 10 "Generated_Source\\PSoC6/BLE.h"
  79              		.file 11 "./system_psoc6.h"
  80              		.file 12 "Generated_Source\\PSoC6\\pdl\\middleware/ble/cy_ble_stack.h"
  81              		.section	.debug_info,"",%progbits
  82              	.Ldebug_info0:
  83 0000 36080000 		.4byte	0x836
  84 0004 0400     		.2byte	0x4
  85 0006 00000000 		.4byte	.Ldebug_abbrev0
  86 000a 04       		.byte	0x4
  87 000b 01       		.uleb128 0x1
  88 000c 99070000 		.4byte	.LASF160
  89 0010 0C       		.byte	0xc
  90 0011 88000000 		.4byte	.LASF161
  91 0015 D7000000 		.4byte	.LASF162
  92 0019 00000000 		.4byte	.Ldebug_ranges0+0
  93 001d 00000000 		.4byte	0
  94 0021 00000000 		.4byte	.Ldebug_line0
  95 0025 02       		.uleb128 0x2
  96 0026 02       		.byte	0x2
  97 0027 05       		.byte	0x5
  98 0028 C5060000 		.4byte	.LASF0
  99 002c 02       		.uleb128 0x2
 100 002d 01       		.byte	0x1
 101 002e 08       		.byte	0x8
 102 002f 7A060000 		.4byte	.LASF1
 103 0033 02       		.uleb128 0x2
 104 0034 01       		.byte	0x1
 105 0035 06       		.byte	0x6
 106 0036 11020000 		.4byte	.LASF2
 107 003a 03       		.uleb128 0x3
 108 003b B0000000 		.4byte	.LASF3
 109 003f 03       		.byte	0x3
 110 0040 1D       		.byte	0x1d
 111 0041 2C000000 		.4byte	0x2c
 112 0045 03       		.uleb128 0x3
 113 0046 5E030000 		.4byte	.LASF4
 114 004a 03       		.byte	0x3
 115 004b 29       		.byte	0x29
 116 004c 25000000 		.4byte	0x25
 117 0050 03       		.uleb128 0x3
 118 0051 50080000 		.4byte	.LASF5
 119 0055 03       		.byte	0x3
 120 0056 2B       		.byte	0x2b
 121 0057 5B000000 		.4byte	0x5b
 122 005b 02       		.uleb128 0x2
 123 005c 02       		.byte	0x2
 124 005d 07       		.byte	0x7
 125 005e A9080000 		.4byte	.LASF6
 126 0062 02       		.uleb128 0x2
 127 0063 04       		.byte	0x4
ARM GAS  C:\Users\Austina\AppData\Local\Temp\cc7vF5qy.s 			page 6


 128 0064 05       		.byte	0x5
 129 0065 8F020000 		.4byte	.LASF7
 130 0069 03       		.uleb128 0x3
 131 006a 43030000 		.4byte	.LASF8
 132 006e 03       		.byte	0x3
 133 006f 41       		.byte	0x41
 134 0070 74000000 		.4byte	0x74
 135 0074 02       		.uleb128 0x2
 136 0075 04       		.byte	0x4
 137 0076 07       		.byte	0x7
 138 0077 0F040000 		.4byte	.LASF9
 139 007b 02       		.uleb128 0x2
 140 007c 08       		.byte	0x8
 141 007d 05       		.byte	0x5
 142 007e 03020000 		.4byte	.LASF10
 143 0082 02       		.uleb128 0x2
 144 0083 08       		.byte	0x8
 145 0084 07       		.byte	0x7
 146 0085 52010000 		.4byte	.LASF11
 147 0089 04       		.uleb128 0x4
 148 008a 04       		.byte	0x4
 149 008b 05       		.byte	0x5
 150 008c 696E7400 		.ascii	"int\000"
 151 0090 02       		.uleb128 0x2
 152 0091 04       		.byte	0x4
 153 0092 07       		.byte	0x7
 154 0093 CF030000 		.4byte	.LASF12
 155 0097 03       		.uleb128 0x3
 156 0098 90090000 		.4byte	.LASF13
 157 009c 04       		.byte	0x4
 158 009d 18       		.byte	0x18
 159 009e 3A000000 		.4byte	0x3a
 160 00a2 03       		.uleb128 0x3
 161 00a3 FB010000 		.4byte	.LASF14
 162 00a7 04       		.byte	0x4
 163 00a8 20       		.byte	0x20
 164 00a9 45000000 		.4byte	0x45
 165 00ad 03       		.uleb128 0x3
 166 00ae DB020000 		.4byte	.LASF15
 167 00b2 04       		.byte	0x4
 168 00b3 24       		.byte	0x24
 169 00b4 50000000 		.4byte	0x50
 170 00b8 03       		.uleb128 0x3
 171 00b9 2B0A0000 		.4byte	.LASF16
 172 00bd 04       		.byte	0x4
 173 00be 30       		.byte	0x30
 174 00bf 69000000 		.4byte	0x69
 175 00c3 02       		.uleb128 0x2
 176 00c4 04       		.byte	0x4
 177 00c5 07       		.byte	0x7
 178 00c6 4C050000 		.4byte	.LASF17
 179 00ca 05       		.uleb128 0x5
 180 00cb B8000000 		.4byte	0xb8
 181 00cf 02       		.uleb128 0x2
 182 00d0 08       		.byte	0x8
 183 00d1 04       		.byte	0x4
 184 00d2 2B080000 		.4byte	.LASF18
ARM GAS  C:\Users\Austina\AppData\Local\Temp\cc7vF5qy.s 			page 7


 185 00d6 06       		.uleb128 0x6
 186 00d7 B8       		.byte	0xb8
 187 00d8 05       		.byte	0x5
 188 00d9 34       		.byte	0x34
 189 00da E7040000 		.4byte	0x4e7
 190 00de 07       		.uleb128 0x7
 191 00df 39010000 		.4byte	.LASF19
 192 00e3 05       		.byte	0x5
 193 00e4 37       		.byte	0x37
 194 00e5 B8000000 		.4byte	0xb8
 195 00e9 00       		.byte	0
 196 00ea 07       		.uleb128 0x7
 197 00eb 38030000 		.4byte	.LASF20
 198 00ef 05       		.byte	0x5
 199 00f0 38       		.byte	0x38
 200 00f1 B8000000 		.4byte	0xb8
 201 00f5 04       		.byte	0x4
 202 00f6 07       		.uleb128 0x7
 203 00f7 C1020000 		.4byte	.LASF21
 204 00fb 05       		.byte	0x5
 205 00fc 39       		.byte	0x39
 206 00fd B8000000 		.4byte	0xb8
 207 0101 08       		.byte	0x8
 208 0102 07       		.uleb128 0x7
 209 0103 5D060000 		.4byte	.LASF22
 210 0107 05       		.byte	0x5
 211 0108 3A       		.byte	0x3a
 212 0109 B8000000 		.4byte	0xb8
 213 010d 0C       		.byte	0xc
 214 010e 07       		.uleb128 0x7
 215 010f E5040000 		.4byte	.LASF23
 216 0113 05       		.byte	0x5
 217 0114 3B       		.byte	0x3b
 218 0115 B8000000 		.4byte	0xb8
 219 0119 10       		.byte	0x10
 220 011a 07       		.uleb128 0x7
 221 011b 61020000 		.4byte	.LASF24
 222 011f 05       		.byte	0x5
 223 0120 3C       		.byte	0x3c
 224 0121 B8000000 		.4byte	0xb8
 225 0125 14       		.byte	0x14
 226 0126 07       		.uleb128 0x7
 227 0127 EA080000 		.4byte	.LASF25
 228 012b 05       		.byte	0x5
 229 012c 3D       		.byte	0x3d
 230 012d B8000000 		.4byte	0xb8
 231 0131 18       		.byte	0x18
 232 0132 07       		.uleb128 0x7
 233 0133 7F000000 		.4byte	.LASF26
 234 0137 05       		.byte	0x5
 235 0138 3E       		.byte	0x3e
 236 0139 B8000000 		.4byte	0xb8
 237 013d 1C       		.byte	0x1c
 238 013e 07       		.uleb128 0x7
 239 013f F9090000 		.4byte	.LASF27
 240 0143 05       		.byte	0x5
 241 0144 3F       		.byte	0x3f
ARM GAS  C:\Users\Austina\AppData\Local\Temp\cc7vF5qy.s 			page 8


 242 0145 B8000000 		.4byte	0xb8
 243 0149 20       		.byte	0x20
 244 014a 07       		.uleb128 0x7
 245 014b 29050000 		.4byte	.LASF28
 246 014f 05       		.byte	0x5
 247 0150 40       		.byte	0x40
 248 0151 B8000000 		.4byte	0xb8
 249 0155 24       		.byte	0x24
 250 0156 07       		.uleb128 0x7
 251 0157 1E0A0000 		.4byte	.LASF29
 252 015b 05       		.byte	0x5
 253 015c 43       		.byte	0x43
 254 015d 97000000 		.4byte	0x97
 255 0161 28       		.byte	0x28
 256 0162 07       		.uleb128 0x7
 257 0163 65000000 		.4byte	.LASF30
 258 0167 05       		.byte	0x5
 259 0168 44       		.byte	0x44
 260 0169 97000000 		.4byte	0x97
 261 016d 29       		.byte	0x29
 262 016e 07       		.uleb128 0x7
 263 016f EF090000 		.4byte	.LASF31
 264 0173 05       		.byte	0x5
 265 0174 45       		.byte	0x45
 266 0175 97000000 		.4byte	0x97
 267 0179 2A       		.byte	0x2a
 268 017a 07       		.uleb128 0x7
 269 017b C4050000 		.4byte	.LASF32
 270 017f 05       		.byte	0x5
 271 0180 46       		.byte	0x46
 272 0181 97000000 		.4byte	0x97
 273 0185 2B       		.byte	0x2b
 274 0186 07       		.uleb128 0x7
 275 0187 C9040000 		.4byte	.LASF33
 276 018b 05       		.byte	0x5
 277 018c 47       		.byte	0x47
 278 018d 97000000 		.4byte	0x97
 279 0191 2C       		.byte	0x2c
 280 0192 07       		.uleb128 0x7
 281 0193 6E080000 		.4byte	.LASF34
 282 0197 05       		.byte	0x5
 283 0198 48       		.byte	0x48
 284 0199 97000000 		.4byte	0x97
 285 019d 2D       		.byte	0x2d
 286 019e 07       		.uleb128 0x7
 287 019f 32020000 		.4byte	.LASF35
 288 01a3 05       		.byte	0x5
 289 01a4 49       		.byte	0x49
 290 01a5 97000000 		.4byte	0x97
 291 01a9 2E       		.byte	0x2e
 292 01aa 07       		.uleb128 0x7
 293 01ab FD050000 		.4byte	.LASF36
 294 01af 05       		.byte	0x5
 295 01b0 4A       		.byte	0x4a
 296 01b1 97000000 		.4byte	0x97
 297 01b5 2F       		.byte	0x2f
 298 01b6 07       		.uleb128 0x7
ARM GAS  C:\Users\Austina\AppData\Local\Temp\cc7vF5qy.s 			page 9


 299 01b7 93050000 		.4byte	.LASF37
 300 01bb 05       		.byte	0x5
 301 01bc 4B       		.byte	0x4b
 302 01bd 97000000 		.4byte	0x97
 303 01c1 30       		.byte	0x30
 304 01c2 07       		.uleb128 0x7
 305 01c3 4D040000 		.4byte	.LASF38
 306 01c7 05       		.byte	0x5
 307 01c8 4E       		.byte	0x4e
 308 01c9 97000000 		.4byte	0x97
 309 01cd 31       		.byte	0x31
 310 01ce 07       		.uleb128 0x7
 311 01cf A2000000 		.4byte	.LASF39
 312 01d3 05       		.byte	0x5
 313 01d4 4F       		.byte	0x4f
 314 01d5 97000000 		.4byte	0x97
 315 01d9 32       		.byte	0x32
 316 01da 07       		.uleb128 0x7
 317 01db 58040000 		.4byte	.LASF40
 318 01df 05       		.byte	0x5
 319 01e0 50       		.byte	0x50
 320 01e1 97000000 		.4byte	0x97
 321 01e5 33       		.byte	0x33
 322 01e6 07       		.uleb128 0x7
 323 01e7 C6000000 		.4byte	.LASF41
 324 01eb 05       		.byte	0x5
 325 01ec 51       		.byte	0x51
 326 01ed 97000000 		.4byte	0x97
 327 01f1 34       		.byte	0x34
 328 01f2 07       		.uleb128 0x7
 329 01f3 DD080000 		.4byte	.LASF42
 330 01f7 05       		.byte	0x5
 331 01f8 52       		.byte	0x52
 332 01f9 A2000000 		.4byte	0xa2
 333 01fd 36       		.byte	0x36
 334 01fe 07       		.uleb128 0x7
 335 01ff 5A070000 		.4byte	.LASF43
 336 0203 05       		.byte	0x5
 337 0204 53       		.byte	0x53
 338 0205 A2000000 		.4byte	0xa2
 339 0209 38       		.byte	0x38
 340 020a 07       		.uleb128 0x7
 341 020b 56090000 		.4byte	.LASF44
 342 020f 05       		.byte	0x5
 343 0210 54       		.byte	0x54
 344 0211 A2000000 		.4byte	0xa2
 345 0215 3A       		.byte	0x3a
 346 0216 07       		.uleb128 0x7
 347 0217 52020000 		.4byte	.LASF45
 348 021b 05       		.byte	0x5
 349 021c 55       		.byte	0x55
 350 021d 97000000 		.4byte	0x97
 351 0221 3C       		.byte	0x3c
 352 0222 07       		.uleb128 0x7
 353 0223 00030000 		.4byte	.LASF46
 354 0227 05       		.byte	0x5
 355 0228 56       		.byte	0x56
ARM GAS  C:\Users\Austina\AppData\Local\Temp\cc7vF5qy.s 			page 10


 356 0229 97000000 		.4byte	0x97
 357 022d 3D       		.byte	0x3d
 358 022e 07       		.uleb128 0x7
 359 022f 3B090000 		.4byte	.LASF47
 360 0233 05       		.byte	0x5
 361 0234 57       		.byte	0x57
 362 0235 97000000 		.4byte	0x97
 363 0239 3E       		.byte	0x3e
 364 023a 07       		.uleb128 0x7
 365 023b 73000000 		.4byte	.LASF48
 366 023f 05       		.byte	0x5
 367 0240 58       		.byte	0x58
 368 0241 97000000 		.4byte	0x97
 369 0245 3F       		.byte	0x3f
 370 0246 07       		.uleb128 0x7
 371 0247 D2050000 		.4byte	.LASF49
 372 024b 05       		.byte	0x5
 373 024c 59       		.byte	0x59
 374 024d 97000000 		.4byte	0x97
 375 0251 40       		.byte	0x40
 376 0252 07       		.uleb128 0x7
 377 0253 4E030000 		.4byte	.LASF50
 378 0257 05       		.byte	0x5
 379 0258 5A       		.byte	0x5a
 380 0259 97000000 		.4byte	0x97
 381 025d 41       		.byte	0x41
 382 025e 07       		.uleb128 0x7
 383 025f 87050000 		.4byte	.LASF51
 384 0263 05       		.byte	0x5
 385 0264 5B       		.byte	0x5b
 386 0265 97000000 		.4byte	0x97
 387 0269 42       		.byte	0x42
 388 026a 07       		.uleb128 0x7
 389 026b B0050000 		.4byte	.LASF52
 390 026f 05       		.byte	0x5
 391 0270 5C       		.byte	0x5c
 392 0271 97000000 		.4byte	0x97
 393 0275 43       		.byte	0x43
 394 0276 07       		.uleb128 0x7
 395 0277 CA020000 		.4byte	.LASF53
 396 027b 05       		.byte	0x5
 397 027c 5D       		.byte	0x5d
 398 027d 97000000 		.4byte	0x97
 399 0281 44       		.byte	0x44
 400 0282 07       		.uleb128 0x7
 401 0283 00000000 		.4byte	.LASF54
 402 0287 05       		.byte	0x5
 403 0288 5E       		.byte	0x5e
 404 0289 B8000000 		.4byte	0xb8
 405 028d 48       		.byte	0x48
 406 028e 07       		.uleb128 0x7
 407 028f B3020000 		.4byte	.LASF55
 408 0293 05       		.byte	0x5
 409 0294 5F       		.byte	0x5f
 410 0295 B8000000 		.4byte	0xb8
 411 0299 4C       		.byte	0x4c
 412 029a 07       		.uleb128 0x7
ARM GAS  C:\Users\Austina\AppData\Local\Temp\cc7vF5qy.s 			page 11


 413 029b 340A0000 		.4byte	.LASF56
 414 029f 05       		.byte	0x5
 415 02a0 60       		.byte	0x60
 416 02a1 97000000 		.4byte	0x97
 417 02a5 50       		.byte	0x50
 418 02a6 07       		.uleb128 0x7
 419 02a7 AC010000 		.4byte	.LASF57
 420 02ab 05       		.byte	0x5
 421 02ac 61       		.byte	0x61
 422 02ad 97000000 		.4byte	0x97
 423 02b1 51       		.byte	0x51
 424 02b2 07       		.uleb128 0x7
 425 02b3 80090000 		.4byte	.LASF58
 426 02b7 05       		.byte	0x5
 427 02b8 62       		.byte	0x62
 428 02b9 97000000 		.4byte	0x97
 429 02bd 52       		.byte	0x52
 430 02be 07       		.uleb128 0x7
 431 02bf 7B080000 		.4byte	.LASF59
 432 02c3 05       		.byte	0x5
 433 02c4 63       		.byte	0x63
 434 02c5 97000000 		.4byte	0x97
 435 02c9 53       		.byte	0x53
 436 02ca 07       		.uleb128 0x7
 437 02cb 4A070000 		.4byte	.LASF60
 438 02cf 05       		.byte	0x5
 439 02d0 64       		.byte	0x64
 440 02d1 97000000 		.4byte	0x97
 441 02d5 54       		.byte	0x54
 442 02d6 07       		.uleb128 0x7
 443 02d7 E7010000 		.4byte	.LASF61
 444 02db 05       		.byte	0x5
 445 02dc 65       		.byte	0x65
 446 02dd 97000000 		.4byte	0x97
 447 02e1 55       		.byte	0x55
 448 02e2 07       		.uleb128 0x7
 449 02e3 3C080000 		.4byte	.LASF62
 450 02e7 05       		.byte	0x5
 451 02e8 66       		.byte	0x66
 452 02e9 97000000 		.4byte	0x97
 453 02ed 56       		.byte	0x56
 454 02ee 07       		.uleb128 0x7
 455 02ef 64040000 		.4byte	.LASF63
 456 02f3 05       		.byte	0x5
 457 02f4 67       		.byte	0x67
 458 02f5 97000000 		.4byte	0x97
 459 02f9 57       		.byte	0x57
 460 02fa 07       		.uleb128 0x7
 461 02fb 31000000 		.4byte	.LASF64
 462 02ff 05       		.byte	0x5
 463 0300 68       		.byte	0x68
 464 0301 97000000 		.4byte	0x97
 465 0305 58       		.byte	0x58
 466 0306 07       		.uleb128 0x7
 467 0307 88060000 		.4byte	.LASF65
 468 030b 05       		.byte	0x5
 469 030c 69       		.byte	0x69
ARM GAS  C:\Users\Austina\AppData\Local\Temp\cc7vF5qy.s 			page 12


 470 030d 97000000 		.4byte	0x97
 471 0311 59       		.byte	0x59
 472 0312 07       		.uleb128 0x7
 473 0313 55050000 		.4byte	.LASF66
 474 0317 05       		.byte	0x5
 475 0318 6E       		.byte	0x6e
 476 0319 AD000000 		.4byte	0xad
 477 031d 5A       		.byte	0x5a
 478 031e 07       		.uleb128 0x7
 479 031f BC080000 		.4byte	.LASF67
 480 0323 05       		.byte	0x5
 481 0324 6F       		.byte	0x6f
 482 0325 AD000000 		.4byte	0xad
 483 0329 5C       		.byte	0x5c
 484 032a 07       		.uleb128 0x7
 485 032b 43010000 		.4byte	.LASF68
 486 032f 05       		.byte	0x5
 487 0330 70       		.byte	0x70
 488 0331 97000000 		.4byte	0x97
 489 0335 5E       		.byte	0x5e
 490 0336 07       		.uleb128 0x7
 491 0337 36060000 		.4byte	.LASF69
 492 033b 05       		.byte	0x5
 493 033c 71       		.byte	0x71
 494 033d 97000000 		.4byte	0x97
 495 0341 5F       		.byte	0x5f
 496 0342 07       		.uleb128 0x7
 497 0343 9F050000 		.4byte	.LASF70
 498 0347 05       		.byte	0x5
 499 0348 72       		.byte	0x72
 500 0349 97000000 		.4byte	0x97
 501 034d 60       		.byte	0x60
 502 034e 07       		.uleb128 0x7
 503 034f 0F060000 		.4byte	.LASF71
 504 0353 05       		.byte	0x5
 505 0354 73       		.byte	0x73
 506 0355 B8000000 		.4byte	0xb8
 507 0359 64       		.byte	0x64
 508 035a 07       		.uleb128 0x7
 509 035b 69010000 		.4byte	.LASF72
 510 035f 05       		.byte	0x5
 511 0360 76       		.byte	0x76
 512 0361 AD000000 		.4byte	0xad
 513 0365 68       		.byte	0x68
 514 0366 07       		.uleb128 0x7
 515 0367 FD030000 		.4byte	.LASF73
 516 036b 05       		.byte	0x5
 517 036c 77       		.byte	0x77
 518 036d AD000000 		.4byte	0xad
 519 0371 6A       		.byte	0x6a
 520 0372 07       		.uleb128 0x7
 521 0373 82040000 		.4byte	.LASF74
 522 0377 05       		.byte	0x5
 523 0378 78       		.byte	0x78
 524 0379 AD000000 		.4byte	0xad
 525 037d 6C       		.byte	0x6c
 526 037e 07       		.uleb128 0x7
ARM GAS  C:\Users\Austina\AppData\Local\Temp\cc7vF5qy.s 			page 13


 527 037f 65070000 		.4byte	.LASF75
 528 0383 05       		.byte	0x5
 529 0384 79       		.byte	0x79
 530 0385 AD000000 		.4byte	0xad
 531 0389 6E       		.byte	0x6e
 532 038a 07       		.uleb128 0x7
 533 038b EE060000 		.4byte	.LASF76
 534 038f 05       		.byte	0x5
 535 0390 7B       		.byte	0x7b
 536 0391 97000000 		.4byte	0x97
 537 0395 70       		.byte	0x70
 538 0396 07       		.uleb128 0x7
 539 0397 1D020000 		.4byte	.LASF77
 540 039b 05       		.byte	0x5
 541 039c 7C       		.byte	0x7c
 542 039d 97000000 		.4byte	0x97
 543 03a1 71       		.byte	0x71
 544 03a2 07       		.uleb128 0x7
 545 03a3 71030000 		.4byte	.LASF78
 546 03a7 05       		.byte	0x5
 547 03a8 7D       		.byte	0x7d
 548 03a9 97000000 		.4byte	0x97
 549 03ad 72       		.byte	0x72
 550 03ae 07       		.uleb128 0x7
 551 03af 70050000 		.4byte	.LASF79
 552 03b3 05       		.byte	0x5
 553 03b4 7E       		.byte	0x7e
 554 03b5 97000000 		.4byte	0x97
 555 03b9 73       		.byte	0x73
 556 03ba 07       		.uleb128 0x7
 557 03bb 0B030000 		.4byte	.LASF80
 558 03bf 05       		.byte	0x5
 559 03c0 80       		.byte	0x80
 560 03c1 AD000000 		.4byte	0xad
 561 03c5 74       		.byte	0x74
 562 03c6 07       		.uleb128 0x7
 563 03c7 5B080000 		.4byte	.LASF81
 564 03cb 05       		.byte	0x5
 565 03cc 81       		.byte	0x81
 566 03cd AD000000 		.4byte	0xad
 567 03d1 76       		.byte	0x76
 568 03d2 07       		.uleb128 0x7
 569 03d3 EB020000 		.4byte	.LASF82
 570 03d7 05       		.byte	0x5
 571 03d8 82       		.byte	0x82
 572 03d9 AD000000 		.4byte	0xad
 573 03dd 78       		.byte	0x78
 574 03de 07       		.uleb128 0x7
 575 03df B0060000 		.4byte	.LASF83
 576 03e3 05       		.byte	0x5
 577 03e4 83       		.byte	0x83
 578 03e5 AD000000 		.4byte	0xad
 579 03e9 7A       		.byte	0x7a
 580 03ea 07       		.uleb128 0x7
 581 03eb AD090000 		.4byte	.LASF84
 582 03ef 05       		.byte	0x5
 583 03f0 86       		.byte	0x86
ARM GAS  C:\Users\Austina\AppData\Local\Temp\cc7vF5qy.s 			page 14


 584 03f1 97000000 		.4byte	0x97
 585 03f5 7C       		.byte	0x7c
 586 03f6 07       		.uleb128 0x7
 587 03f7 A8040000 		.4byte	.LASF85
 588 03fb 05       		.byte	0x5
 589 03fc 87       		.byte	0x87
 590 03fd 97000000 		.4byte	0x97
 591 0401 7D       		.byte	0x7d
 592 0402 07       		.uleb128 0x7
 593 0403 45000000 		.4byte	.LASF86
 594 0407 05       		.byte	0x5
 595 0408 88       		.byte	0x88
 596 0409 97000000 		.4byte	0x97
 597 040d 7E       		.byte	0x7e
 598 040e 07       		.uleb128 0x7
 599 040f 1D030000 		.4byte	.LASF87
 600 0413 05       		.byte	0x5
 601 0414 89       		.byte	0x89
 602 0415 97000000 		.4byte	0x97
 603 0419 7F       		.byte	0x7f
 604 041a 07       		.uleb128 0x7
 605 041b A6030000 		.4byte	.LASF88
 606 041f 05       		.byte	0x5
 607 0420 8A       		.byte	0x8a
 608 0421 97000000 		.4byte	0x97
 609 0425 80       		.byte	0x80
 610 0426 07       		.uleb128 0x7
 611 0427 12050000 		.4byte	.LASF89
 612 042b 05       		.byte	0x5
 613 042c 8D       		.byte	0x8d
 614 042d B8000000 		.4byte	0xb8
 615 0431 84       		.byte	0x84
 616 0432 07       		.uleb128 0x7
 617 0433 22010000 		.4byte	.LASF90
 618 0437 05       		.byte	0x5
 619 0438 8E       		.byte	0x8e
 620 0439 B8000000 		.4byte	0xb8
 621 043d 88       		.byte	0x88
 622 043e 07       		.uleb128 0x7
 623 043f 98090000 		.4byte	.LASF91
 624 0443 05       		.byte	0x5
 625 0444 8F       		.byte	0x8f
 626 0445 B8000000 		.4byte	0xb8
 627 0449 8C       		.byte	0x8c
 628 044a 07       		.uleb128 0x7
 629 044b BA030000 		.4byte	.LASF92
 630 044f 05       		.byte	0x5
 631 0450 90       		.byte	0x90
 632 0451 B8000000 		.4byte	0xb8
 633 0455 90       		.byte	0x90
 634 0456 07       		.uleb128 0x7
 635 0457 87030000 		.4byte	.LASF93
 636 045b 05       		.byte	0x5
 637 045c 91       		.byte	0x91
 638 045d B8000000 		.4byte	0xb8
 639 0461 94       		.byte	0x94
 640 0462 07       		.uleb128 0x7
ARM GAS  C:\Users\Austina\AppData\Local\Temp\cc7vF5qy.s 			page 15


 641 0463 EE040000 		.4byte	.LASF94
 642 0467 05       		.byte	0x5
 643 0468 92       		.byte	0x92
 644 0469 B8000000 		.4byte	0xb8
 645 046d 98       		.byte	0x98
 646 046e 07       		.uleb128 0x7
 647 046f D0090000 		.4byte	.LASF95
 648 0473 05       		.byte	0x5
 649 0474 93       		.byte	0x93
 650 0475 B8000000 		.4byte	0xb8
 651 0479 9C       		.byte	0x9c
 652 047a 07       		.uleb128 0x7
 653 047b 83010000 		.4byte	.LASF96
 654 047f 05       		.byte	0x5
 655 0480 94       		.byte	0x94
 656 0481 B8000000 		.4byte	0xb8
 657 0485 A0       		.byte	0xa0
 658 0486 07       		.uleb128 0x7
 659 0487 3D020000 		.4byte	.LASF97
 660 048b 05       		.byte	0x5
 661 048c 95       		.byte	0x95
 662 048d AD000000 		.4byte	0xad
 663 0491 A4       		.byte	0xa4
 664 0492 07       		.uleb128 0x7
 665 0493 6B090000 		.4byte	.LASF98
 666 0497 05       		.byte	0x5
 667 0498 96       		.byte	0x96
 668 0499 AD000000 		.4byte	0xad
 669 049d A6       		.byte	0xa6
 670 049e 07       		.uleb128 0x7
 671 049f 2A060000 		.4byte	.LASF99
 672 04a3 05       		.byte	0x5
 673 04a4 97       		.byte	0x97
 674 04a5 AD000000 		.4byte	0xad
 675 04a9 A8       		.byte	0xa8
 676 04aa 07       		.uleb128 0x7
 677 04ab CF060000 		.4byte	.LASF100
 678 04af 05       		.byte	0x5
 679 04b0 98       		.byte	0x98
 680 04b1 AD000000 		.4byte	0xad
 681 04b5 AA       		.byte	0xaa
 682 04b6 07       		.uleb128 0x7
 683 04b7 91040000 		.4byte	.LASF101
 684 04bb 05       		.byte	0x5
 685 04bc 99       		.byte	0x99
 686 04bd AD000000 		.4byte	0xad
 687 04c1 AC       		.byte	0xac
 688 04c2 07       		.uleb128 0x7
 689 04c3 94000000 		.4byte	.LASF102
 690 04c7 05       		.byte	0x5
 691 04c8 9A       		.byte	0x9a
 692 04c9 AD000000 		.4byte	0xad
 693 04cd AE       		.byte	0xae
 694 04ce 07       		.uleb128 0x7
 695 04cf C5080000 		.4byte	.LASF103
 696 04d3 05       		.byte	0x5
 697 04d4 9D       		.byte	0x9d
ARM GAS  C:\Users\Austina\AppData\Local\Temp\cc7vF5qy.s 			page 16


 698 04d5 AD000000 		.4byte	0xad
 699 04d9 B0       		.byte	0xb0
 700 04da 07       		.uleb128 0x7
 701 04db 9C060000 		.4byte	.LASF104
 702 04df 05       		.byte	0x5
 703 04e0 9E       		.byte	0x9e
 704 04e1 B8000000 		.4byte	0xb8
 705 04e5 B4       		.byte	0xb4
 706 04e6 00       		.byte	0
 707 04e7 03       		.uleb128 0x3
 708 04e8 D5040000 		.4byte	.LASF105
 709 04ec 05       		.byte	0x5
 710 04ed 9F       		.byte	0x9f
 711 04ee D6000000 		.4byte	0xd6
 712 04f2 02       		.uleb128 0x2
 713 04f3 01       		.byte	0x1
 714 04f4 08       		.byte	0x8
 715 04f5 37080000 		.4byte	.LASF106
 716 04f9 02       		.uleb128 0x2
 717 04fa 04       		.byte	0x4
 718 04fb 04       		.byte	0x4
 719 04fc 09060000 		.4byte	.LASF107
 720 0500 02       		.uleb128 0x2
 721 0501 08       		.byte	0x8
 722 0502 04       		.byte	0x4
 723 0503 E4020000 		.4byte	.LASF108
 724 0507 08       		.uleb128 0x8
 725 0508 04       		.byte	0x4
 726 0509 02       		.uleb128 0x2
 727 050a 01       		.byte	0x1
 728 050b 02       		.byte	0x2
 729 050c 74060000 		.4byte	.LASF109
 730 0510 09       		.uleb128 0x9
 731 0511 01       		.byte	0x1
 732 0512 2C000000 		.4byte	0x2c
 733 0516 06       		.byte	0x6
 734 0517 2402     		.2byte	0x224
 735 0519 2A050000 		.4byte	0x52a
 736 051d 0A       		.uleb128 0xa
 737 051e 65060000 		.4byte	.LASF110
 738 0522 00       		.byte	0
 739 0523 0A       		.uleb128 0xa
 740 0524 A4020000 		.4byte	.LASF111
 741 0528 01       		.byte	0x1
 742 0529 00       		.byte	0
 743 052a 0B       		.uleb128 0xb
 744 052b 34050000 		.4byte	.LASF112
 745 052f 06       		.byte	0x6
 746 0530 2702     		.2byte	0x227
 747 0532 10050000 		.4byte	0x510
 748 0536 0B       		.uleb128 0xb
 749 0537 71020000 		.4byte	.LASF113
 750 053b 06       		.byte	0x6
 751 053c 3902     		.2byte	0x239
 752 053e 42050000 		.4byte	0x542
 753 0542 0C       		.uleb128 0xc
 754 0543 04       		.byte	0x4
ARM GAS  C:\Users\Austina\AppData\Local\Temp\cc7vF5qy.s 			page 17


 755 0544 48050000 		.4byte	0x548
 756 0548 0D       		.uleb128 0xd
 757 0549 53050000 		.4byte	0x553
 758 054d 0E       		.uleb128 0xe
 759 054e B8000000 		.4byte	0xb8
 760 0552 00       		.byte	0
 761 0553 0B       		.uleb128 0xb
 762 0554 0E070000 		.4byte	.LASF114
 763 0558 06       		.byte	0x6
 764 0559 4402     		.2byte	0x244
 765 055b 5F050000 		.4byte	0x55f
 766 055f 0C       		.uleb128 0xc
 767 0560 04       		.byte	0x4
 768 0561 65050000 		.4byte	0x565
 769 0565 0F       		.uleb128 0xf
 770 0566 2A050000 		.4byte	0x52a
 771 056a 74050000 		.4byte	0x574
 772 056e 0E       		.uleb128 0xe
 773 056f B8000000 		.4byte	0xb8
 774 0573 00       		.byte	0
 775 0574 10       		.uleb128 0x10
 776 0575 D0010000 		.4byte	.LASF138
 777 0579 4C       		.byte	0x4c
 778 057a 06       		.byte	0x6
 779 057b C302     		.2byte	0x2c3
 780 057d 93060000 		.4byte	0x693
 781 0581 11       		.uleb128 0x11
 782 0582 D3080000 		.4byte	.LASF115
 783 0586 06       		.byte	0x6
 784 0587 C602     		.2byte	0x2c6
 785 0589 09050000 		.4byte	0x509
 786 058d 00       		.byte	0
 787 058e 11       		.uleb128 0x11
 788 058f 78040000 		.4byte	.LASF116
 789 0593 06       		.byte	0x6
 790 0594 C702     		.2byte	0x2c7
 791 0596 09050000 		.4byte	0x509
 792 059a 01       		.byte	0x1
 793 059b 11       		.uleb128 0x11
 794 059c 6B020000 		.4byte	.LASF117
 795 05a0 06       		.byte	0x6
 796 05a1 C902     		.2byte	0x2c9
 797 05a3 CA000000 		.4byte	0xca
 798 05a7 04       		.byte	0x4
 799 05a8 11       		.uleb128 0x11
 800 05a9 99010000 		.4byte	.LASF118
 801 05ad 06       		.byte	0x6
 802 05ae CB02     		.2byte	0x2cb
 803 05b0 CA000000 		.4byte	0xca
 804 05b4 08       		.byte	0x8
 805 05b5 11       		.uleb128 0x11
 806 05b6 02070000 		.4byte	.LASF119
 807 05ba 06       		.byte	0x6
 808 05bb CC02     		.2byte	0x2cc
 809 05bd 09050000 		.4byte	0x509
 810 05c1 0C       		.byte	0xc
 811 05c2 11       		.uleb128 0x11
ARM GAS  C:\Users\Austina\AppData\Local\Temp\cc7vF5qy.s 			page 18


 812 05c3 98020000 		.4byte	.LASF120
 813 05c7 06       		.byte	0x6
 814 05c8 CD02     		.2byte	0x2cd
 815 05ca 09050000 		.4byte	0x509
 816 05ce 0D       		.byte	0xd
 817 05cf 11       		.uleb128 0x11
 818 05d0 58000000 		.4byte	.LASF121
 819 05d4 06       		.byte	0x6
 820 05d5 CF02     		.2byte	0x2cf
 821 05d7 93060000 		.4byte	0x693
 822 05db 10       		.byte	0x10
 823 05dc 11       		.uleb128 0x11
 824 05dd DD060000 		.4byte	.LASF122
 825 05e1 06       		.byte	0x6
 826 05e2 D002     		.2byte	0x2d0
 827 05e4 B8000000 		.4byte	0xb8
 828 05e8 14       		.byte	0x14
 829 05e9 11       		.uleb128 0x11
 830 05ea 60050000 		.4byte	.LASF123
 831 05ee 06       		.byte	0x6
 832 05ef D102     		.2byte	0x2d1
 833 05f1 CA000000 		.4byte	0xca
 834 05f5 18       		.byte	0x18
 835 05f6 11       		.uleb128 0x11
 836 05f7 2A070000 		.4byte	.LASF124
 837 05fb 06       		.byte	0x6
 838 05fc D202     		.2byte	0x2d2
 839 05fe CA000000 		.4byte	0xca
 840 0602 1C       		.byte	0x1c
 841 0603 11       		.uleb128 0x11
 842 0604 BA000000 		.4byte	.LASF125
 843 0608 06       		.byte	0x6
 844 0609 D402     		.2byte	0x2d4
 845 060b CA000000 		.4byte	0xca
 846 060f 20       		.byte	0x20
 847 0610 11       		.uleb128 0x11
 848 0611 ED030000 		.4byte	.LASF126
 849 0615 06       		.byte	0x6
 850 0616 D502     		.2byte	0x2d5
 851 0618 99060000 		.4byte	0x699
 852 061c 24       		.byte	0x24
 853 061d 11       		.uleb128 0x11
 854 061e 01090000 		.4byte	.LASF127
 855 0622 06       		.byte	0x6
 856 0623 D702     		.2byte	0x2d7
 857 0625 93060000 		.4byte	0x693
 858 0629 28       		.byte	0x28
 859 062a 11       		.uleb128 0x11
 860 062b 0F090000 		.4byte	.LASF128
 861 062f 06       		.byte	0x6
 862 0630 D802     		.2byte	0x2d8
 863 0632 B8000000 		.4byte	0xb8
 864 0636 2C       		.byte	0x2c
 865 0637 11       		.uleb128 0x11
 866 0638 DC030000 		.4byte	.LASF129
 867 063c 06       		.byte	0x6
 868 063d D902     		.2byte	0x2d9
ARM GAS  C:\Users\Austina\AppData\Local\Temp\cc7vF5qy.s 			page 19


 869 063f CA000000 		.4byte	0xca
 870 0643 30       		.byte	0x30
 871 0644 11       		.uleb128 0x11
 872 0645 39070000 		.4byte	.LASF130
 873 0649 06       		.byte	0x6
 874 064a DA02     		.2byte	0x2da
 875 064c CA000000 		.4byte	0xca
 876 0650 34       		.byte	0x34
 877 0651 11       		.uleb128 0x11
 878 0652 04050000 		.4byte	.LASF131
 879 0656 06       		.byte	0x6
 880 0657 DC02     		.2byte	0x2dc
 881 0659 93060000 		.4byte	0x693
 882 065d 38       		.byte	0x38
 883 065e 11       		.uleb128 0x11
 884 065f BE010000 		.4byte	.LASF132
 885 0663 06       		.byte	0x6
 886 0664 DD02     		.2byte	0x2dd
 887 0666 B8000000 		.4byte	0xb8
 888 066a 3C       		.byte	0x3c
 889 066b 11       		.uleb128 0x11
 890 066c EC050000 		.4byte	.LASF133
 891 0670 06       		.byte	0x6
 892 0671 DE02     		.2byte	0x2de
 893 0673 CA000000 		.4byte	0xca
 894 0677 40       		.byte	0x40
 895 0678 11       		.uleb128 0x11
 896 0679 9F040000 		.4byte	.LASF134
 897 067d 06       		.byte	0x6
 898 067e E402     		.2byte	0x2e4
 899 0680 36050000 		.4byte	0x536
 900 0684 44       		.byte	0x44
 901 0685 11       		.uleb128 0x11
 902 0686 31030000 		.4byte	.LASF135
 903 068a 06       		.byte	0x6
 904 068b EB02     		.2byte	0x2eb
 905 068d 53050000 		.4byte	0x553
 906 0691 48       		.byte	0x48
 907 0692 00       		.byte	0
 908 0693 0C       		.uleb128 0xc
 909 0694 04       		.byte	0x4
 910 0695 97000000 		.4byte	0x97
 911 0699 05       		.uleb128 0x5
 912 069a 09050000 		.4byte	0x509
 913 069e 0B       		.uleb128 0xb
 914 069f 80070000 		.4byte	.LASF136
 915 06a3 06       		.byte	0x6
 916 06a4 EE02     		.2byte	0x2ee
 917 06a6 74050000 		.4byte	0x574
 918 06aa 0B       		.uleb128 0xb
 919 06ab 21040000 		.4byte	.LASF137
 920 06af 07       		.byte	0x7
 921 06b0 D901     		.2byte	0x1d9
 922 06b2 42050000 		.4byte	0x542
 923 06b6 10       		.uleb128 0x10
 924 06b7 060A0000 		.4byte	.LASF139
 925 06bb 38       		.byte	0x38
ARM GAS  C:\Users\Austina\AppData\Local\Temp\cc7vF5qy.s 			page 20


 926 06bc 07       		.byte	0x7
 927 06bd 7502     		.2byte	0x275
 928 06bf 7A070000 		.4byte	0x77a
 929 06c3 11       		.uleb128 0x11
 930 06c4 E6090000 		.4byte	.LASF140
 931 06c8 07       		.byte	0x7
 932 06c9 7802     		.2byte	0x278
 933 06cb CA000000 		.4byte	0xca
 934 06cf 00       		.byte	0
 935 06d0 11       		.uleb128 0x11
 936 06d1 BB050000 		.4byte	.LASF141
 937 06d5 07       		.byte	0x7
 938 06d6 7902     		.2byte	0x279
 939 06d8 CA000000 		.4byte	0xca
 940 06dc 04       		.byte	0x4
 941 06dd 11       		.uleb128 0x11
 942 06de 79010000 		.4byte	.LASF142
 943 06e2 07       		.byte	0x7
 944 06e3 7B02     		.2byte	0x27b
 945 06e5 07050000 		.4byte	0x507
 946 06e9 08       		.byte	0x8
 947 06ea 11       		.uleb128 0x11
 948 06eb 9B080000 		.4byte	.LASF143
 949 06ef 07       		.byte	0x7
 950 06f0 7C02     		.2byte	0x27c
 951 06f2 B8000000 		.4byte	0xb8
 952 06f6 0C       		.byte	0xc
 953 06f7 11       		.uleb128 0x11
 954 06f8 8D080000 		.4byte	.LASF144
 955 06fc 07       		.byte	0x7
 956 06fd 7D02     		.2byte	0x27d
 957 06ff CA000000 		.4byte	0xca
 958 0703 10       		.byte	0x10
 959 0704 11       		.uleb128 0x11
 960 0705 C2090000 		.4byte	.LASF145
 961 0709 07       		.byte	0x7
 962 070a 7E02     		.2byte	0x27e
 963 070c CA000000 		.4byte	0xca
 964 0710 14       		.byte	0x14
 965 0711 11       		.uleb128 0x11
 966 0712 FB080000 		.4byte	.LASF146
 967 0716 07       		.byte	0x7
 968 0717 8002     		.2byte	0x280
 969 0719 07050000 		.4byte	0x507
 970 071d 18       		.byte	0x18
 971 071e 11       		.uleb128 0x11
 972 071f 27000000 		.4byte	.LASF147
 973 0723 07       		.byte	0x7
 974 0724 8102     		.2byte	0x281
 975 0726 B8000000 		.4byte	0xb8
 976 072a 1C       		.byte	0x1c
 977 072b 11       		.uleb128 0x11
 978 072c 68030000 		.4byte	.LASF148
 979 0730 07       		.byte	0x7
 980 0731 8202     		.2byte	0x282
 981 0733 CA000000 		.4byte	0xca
 982 0737 20       		.byte	0x20
ARM GAS  C:\Users\Austina\AppData\Local\Temp\cc7vF5qy.s 			page 21


 983 0738 11       		.uleb128 0x11
 984 0739 A6010000 		.4byte	.LASF149
 985 073d 07       		.byte	0x7
 986 073e 8402     		.2byte	0x284
 987 0740 07050000 		.4byte	0x507
 988 0744 24       		.byte	0x24
 989 0745 11       		.uleb128 0x11
 990 0746 9C030000 		.4byte	.LASF150
 991 074a 07       		.byte	0x7
 992 074b 8502     		.2byte	0x285
 993 074d B8000000 		.4byte	0xb8
 994 0751 28       		.byte	0x28
 995 0752 11       		.uleb128 0x11
 996 0753 4C060000 		.4byte	.LASF151
 997 0757 07       		.byte	0x7
 998 0758 8602     		.2byte	0x286
 999 075a CA000000 		.4byte	0xca
 1000 075e 2C       		.byte	0x2c
 1001 075f 11       		.uleb128 0x11
 1002 0760 9F040000 		.4byte	.LASF134
 1003 0764 07       		.byte	0x7
 1004 0765 8B02     		.2byte	0x28b
 1005 0767 AA060000 		.4byte	0x6aa
 1006 076b 30       		.byte	0x30
 1007 076c 11       		.uleb128 0x11
 1008 076d F3080000 		.4byte	.LASF152
 1009 0771 07       		.byte	0x7
 1010 0772 8E02     		.2byte	0x28e
 1011 0774 B8000000 		.4byte	0xb8
 1012 0778 34       		.byte	0x34
 1013 0779 00       		.byte	0
 1014 077a 0B       		.uleb128 0xb
 1015 077b 21090000 		.4byte	.LASF153
 1016 077f 07       		.byte	0x7
 1017 0780 9102     		.2byte	0x291
 1018 0782 B6060000 		.4byte	0x6b6
 1019 0786 12       		.uleb128 0x12
 1020 0787 DF050000 		.4byte	.LASF163
 1021 078b 02       		.byte	0x2
 1022 078c 81       		.byte	0x81
 1023 078d 03       		.byte	0x3
 1024 078e 13       		.uleb128 0x13
 1025 078f 010A0000 		.4byte	.LASF164
 1026 0793 01       		.byte	0x1
 1027 0794 0E       		.byte	0xe
 1028 0795 89000000 		.4byte	0x89
 1029 0799 00000000 		.4byte	.LFB426
 1030 079d 1C000000 		.4byte	.LFE426-.LFB426
 1031 07a1 01       		.uleb128 0x1
 1032 07a2 9C       		.byte	0x9c
 1033 07a3 EA070000 		.4byte	0x7ea
 1034 07a7 14       		.uleb128 0x14
 1035 07a8 86070000 		.4byte	0x786
 1036 07ac 02000000 		.4byte	.LBB4
 1037 07b0 02000000 		.4byte	.LBE4-.LBB4
 1038 07b4 01       		.byte	0x1
 1039 07b5 10       		.byte	0x10
ARM GAS  C:\Users\Austina\AppData\Local\Temp\cc7vF5qy.s 			page 22


 1040 07b6 15       		.uleb128 0x15
 1041 07b7 0A000000 		.4byte	.LVL0
 1042 07bb 16080000 		.4byte	0x816
 1043 07bf C9070000 		.4byte	0x7c9
 1044 07c3 16       		.uleb128 0x16
 1045 07c4 01       		.uleb128 0x1
 1046 07c5 50       		.byte	0x50
 1047 07c6 01       		.uleb128 0x1
 1048 07c7 30       		.byte	0x30
 1049 07c8 00       		.byte	0
 1050 07c9 15       		.uleb128 0x15
 1051 07ca 10000000 		.4byte	.LVL1
 1052 07ce 21080000 		.4byte	0x821
 1053 07d2 E0070000 		.4byte	0x7e0
 1054 07d6 16       		.uleb128 0x16
 1055 07d7 01       		.uleb128 0x1
 1056 07d8 50       		.byte	0x50
 1057 07d9 05       		.uleb128 0x5
 1058 07da 0C       		.byte	0xc
 1059 07db 00000810 		.4byte	0x10080000
 1060 07df 00       		.byte	0
 1061 07e0 17       		.uleb128 0x17
 1062 07e1 14000000 		.4byte	.LVL2
 1063 07e5 2D080000 		.4byte	0x82d
 1064 07e9 00       		.byte	0
 1065 07ea 18       		.uleb128 0x18
 1066 07eb 20060000 		.4byte	.LASF154
 1067 07ef 05       		.byte	0x5
 1068 07f0 A7       		.byte	0xa7
 1069 07f1 F5070000 		.4byte	0x7f5
 1070 07f5 0C       		.uleb128 0xc
 1071 07f6 04       		.byte	0x4
 1072 07f7 FB070000 		.4byte	0x7fb
 1073 07fb 19       		.uleb128 0x19
 1074 07fc E7040000 		.4byte	0x4e7
 1075 0800 18       		.uleb128 0x18
 1076 0801 40040000 		.4byte	.LASF155
 1077 0805 08       		.byte	0x8
 1078 0806 87       		.byte	0x87
 1079 0807 7A070000 		.4byte	0x77a
 1080 080b 18       		.uleb128 0x18
 1081 080c 72070000 		.4byte	.LASF156
 1082 0810 09       		.byte	0x9
 1083 0811 7F       		.byte	0x7f
 1084 0812 9E060000 		.4byte	0x69e
 1085 0816 1A       		.uleb128 0x1a
 1086 0817 49090000 		.4byte	.LASF157
 1087 081b 49090000 		.4byte	.LASF157
 1088 081f 0A       		.byte	0xa
 1089 0820 24       		.byte	0x24
 1090 0821 1B       		.uleb128 0x1b
 1091 0822 B9040000 		.4byte	.LASF158
 1092 0826 B9040000 		.4byte	.LASF158
 1093 082a 0B       		.byte	0xb
 1094 082b 2502     		.2byte	0x225
 1095 082d 1B       		.uleb128 0x1b
 1096 082e 12000000 		.4byte	.LASF159
ARM GAS  C:\Users\Austina\AppData\Local\Temp\cc7vF5qy.s 			page 23


 1097 0832 12000000 		.4byte	.LASF159
 1098 0836 0C       		.byte	0xc
 1099 0837 CC08     		.2byte	0x8cc
 1100 0839 00       		.byte	0
 1101              		.section	.debug_abbrev,"",%progbits
 1102              	.Ldebug_abbrev0:
 1103 0000 01       		.uleb128 0x1
 1104 0001 11       		.uleb128 0x11
 1105 0002 01       		.byte	0x1
 1106 0003 25       		.uleb128 0x25
 1107 0004 0E       		.uleb128 0xe
 1108 0005 13       		.uleb128 0x13
 1109 0006 0B       		.uleb128 0xb
 1110 0007 03       		.uleb128 0x3
 1111 0008 0E       		.uleb128 0xe
 1112 0009 1B       		.uleb128 0x1b
 1113 000a 0E       		.uleb128 0xe
 1114 000b 55       		.uleb128 0x55
 1115 000c 17       		.uleb128 0x17
 1116 000d 11       		.uleb128 0x11
 1117 000e 01       		.uleb128 0x1
 1118 000f 10       		.uleb128 0x10
 1119 0010 17       		.uleb128 0x17
 1120 0011 00       		.byte	0
 1121 0012 00       		.byte	0
 1122 0013 02       		.uleb128 0x2
 1123 0014 24       		.uleb128 0x24
 1124 0015 00       		.byte	0
 1125 0016 0B       		.uleb128 0xb
 1126 0017 0B       		.uleb128 0xb
 1127 0018 3E       		.uleb128 0x3e
 1128 0019 0B       		.uleb128 0xb
 1129 001a 03       		.uleb128 0x3
 1130 001b 0E       		.uleb128 0xe
 1131 001c 00       		.byte	0
 1132 001d 00       		.byte	0
 1133 001e 03       		.uleb128 0x3
 1134 001f 16       		.uleb128 0x16
 1135 0020 00       		.byte	0
 1136 0021 03       		.uleb128 0x3
 1137 0022 0E       		.uleb128 0xe
 1138 0023 3A       		.uleb128 0x3a
 1139 0024 0B       		.uleb128 0xb
 1140 0025 3B       		.uleb128 0x3b
 1141 0026 0B       		.uleb128 0xb
 1142 0027 49       		.uleb128 0x49
 1143 0028 13       		.uleb128 0x13
 1144 0029 00       		.byte	0
 1145 002a 00       		.byte	0
 1146 002b 04       		.uleb128 0x4
 1147 002c 24       		.uleb128 0x24
 1148 002d 00       		.byte	0
 1149 002e 0B       		.uleb128 0xb
 1150 002f 0B       		.uleb128 0xb
 1151 0030 3E       		.uleb128 0x3e
 1152 0031 0B       		.uleb128 0xb
 1153 0032 03       		.uleb128 0x3
ARM GAS  C:\Users\Austina\AppData\Local\Temp\cc7vF5qy.s 			page 24


 1154 0033 08       		.uleb128 0x8
 1155 0034 00       		.byte	0
 1156 0035 00       		.byte	0
 1157 0036 05       		.uleb128 0x5
 1158 0037 35       		.uleb128 0x35
 1159 0038 00       		.byte	0
 1160 0039 49       		.uleb128 0x49
 1161 003a 13       		.uleb128 0x13
 1162 003b 00       		.byte	0
 1163 003c 00       		.byte	0
 1164 003d 06       		.uleb128 0x6
 1165 003e 13       		.uleb128 0x13
 1166 003f 01       		.byte	0x1
 1167 0040 0B       		.uleb128 0xb
 1168 0041 0B       		.uleb128 0xb
 1169 0042 3A       		.uleb128 0x3a
 1170 0043 0B       		.uleb128 0xb
 1171 0044 3B       		.uleb128 0x3b
 1172 0045 0B       		.uleb128 0xb
 1173 0046 01       		.uleb128 0x1
 1174 0047 13       		.uleb128 0x13
 1175 0048 00       		.byte	0
 1176 0049 00       		.byte	0
 1177 004a 07       		.uleb128 0x7
 1178 004b 0D       		.uleb128 0xd
 1179 004c 00       		.byte	0
 1180 004d 03       		.uleb128 0x3
 1181 004e 0E       		.uleb128 0xe
 1182 004f 3A       		.uleb128 0x3a
 1183 0050 0B       		.uleb128 0xb
 1184 0051 3B       		.uleb128 0x3b
 1185 0052 0B       		.uleb128 0xb
 1186 0053 49       		.uleb128 0x49
 1187 0054 13       		.uleb128 0x13
 1188 0055 38       		.uleb128 0x38
 1189 0056 0B       		.uleb128 0xb
 1190 0057 00       		.byte	0
 1191 0058 00       		.byte	0
 1192 0059 08       		.uleb128 0x8
 1193 005a 0F       		.uleb128 0xf
 1194 005b 00       		.byte	0
 1195 005c 0B       		.uleb128 0xb
 1196 005d 0B       		.uleb128 0xb
 1197 005e 00       		.byte	0
 1198 005f 00       		.byte	0
 1199 0060 09       		.uleb128 0x9
 1200 0061 04       		.uleb128 0x4
 1201 0062 01       		.byte	0x1
 1202 0063 0B       		.uleb128 0xb
 1203 0064 0B       		.uleb128 0xb
 1204 0065 49       		.uleb128 0x49
 1205 0066 13       		.uleb128 0x13
 1206 0067 3A       		.uleb128 0x3a
 1207 0068 0B       		.uleb128 0xb
 1208 0069 3B       		.uleb128 0x3b
 1209 006a 05       		.uleb128 0x5
 1210 006b 01       		.uleb128 0x1
ARM GAS  C:\Users\Austina\AppData\Local\Temp\cc7vF5qy.s 			page 25


 1211 006c 13       		.uleb128 0x13
 1212 006d 00       		.byte	0
 1213 006e 00       		.byte	0
 1214 006f 0A       		.uleb128 0xa
 1215 0070 28       		.uleb128 0x28
 1216 0071 00       		.byte	0
 1217 0072 03       		.uleb128 0x3
 1218 0073 0E       		.uleb128 0xe
 1219 0074 1C       		.uleb128 0x1c
 1220 0075 0B       		.uleb128 0xb
 1221 0076 00       		.byte	0
 1222 0077 00       		.byte	0
 1223 0078 0B       		.uleb128 0xb
 1224 0079 16       		.uleb128 0x16
 1225 007a 00       		.byte	0
 1226 007b 03       		.uleb128 0x3
 1227 007c 0E       		.uleb128 0xe
 1228 007d 3A       		.uleb128 0x3a
 1229 007e 0B       		.uleb128 0xb
 1230 007f 3B       		.uleb128 0x3b
 1231 0080 05       		.uleb128 0x5
 1232 0081 49       		.uleb128 0x49
 1233 0082 13       		.uleb128 0x13
 1234 0083 00       		.byte	0
 1235 0084 00       		.byte	0
 1236 0085 0C       		.uleb128 0xc
 1237 0086 0F       		.uleb128 0xf
 1238 0087 00       		.byte	0
 1239 0088 0B       		.uleb128 0xb
 1240 0089 0B       		.uleb128 0xb
 1241 008a 49       		.uleb128 0x49
 1242 008b 13       		.uleb128 0x13
 1243 008c 00       		.byte	0
 1244 008d 00       		.byte	0
 1245 008e 0D       		.uleb128 0xd
 1246 008f 15       		.uleb128 0x15
 1247 0090 01       		.byte	0x1
 1248 0091 27       		.uleb128 0x27
 1249 0092 19       		.uleb128 0x19
 1250 0093 01       		.uleb128 0x1
 1251 0094 13       		.uleb128 0x13
 1252 0095 00       		.byte	0
 1253 0096 00       		.byte	0
 1254 0097 0E       		.uleb128 0xe
 1255 0098 05       		.uleb128 0x5
 1256 0099 00       		.byte	0
 1257 009a 49       		.uleb128 0x49
 1258 009b 13       		.uleb128 0x13
 1259 009c 00       		.byte	0
 1260 009d 00       		.byte	0
 1261 009e 0F       		.uleb128 0xf
 1262 009f 15       		.uleb128 0x15
 1263 00a0 01       		.byte	0x1
 1264 00a1 27       		.uleb128 0x27
 1265 00a2 19       		.uleb128 0x19
 1266 00a3 49       		.uleb128 0x49
 1267 00a4 13       		.uleb128 0x13
ARM GAS  C:\Users\Austina\AppData\Local\Temp\cc7vF5qy.s 			page 26


 1268 00a5 01       		.uleb128 0x1
 1269 00a6 13       		.uleb128 0x13
 1270 00a7 00       		.byte	0
 1271 00a8 00       		.byte	0
 1272 00a9 10       		.uleb128 0x10
 1273 00aa 13       		.uleb128 0x13
 1274 00ab 01       		.byte	0x1
 1275 00ac 03       		.uleb128 0x3
 1276 00ad 0E       		.uleb128 0xe
 1277 00ae 0B       		.uleb128 0xb
 1278 00af 0B       		.uleb128 0xb
 1279 00b0 3A       		.uleb128 0x3a
 1280 00b1 0B       		.uleb128 0xb
 1281 00b2 3B       		.uleb128 0x3b
 1282 00b3 05       		.uleb128 0x5
 1283 00b4 01       		.uleb128 0x1
 1284 00b5 13       		.uleb128 0x13
 1285 00b6 00       		.byte	0
 1286 00b7 00       		.byte	0
 1287 00b8 11       		.uleb128 0x11
 1288 00b9 0D       		.uleb128 0xd
 1289 00ba 00       		.byte	0
 1290 00bb 03       		.uleb128 0x3
 1291 00bc 0E       		.uleb128 0xe
 1292 00bd 3A       		.uleb128 0x3a
 1293 00be 0B       		.uleb128 0xb
 1294 00bf 3B       		.uleb128 0x3b
 1295 00c0 05       		.uleb128 0x5
 1296 00c1 49       		.uleb128 0x49
 1297 00c2 13       		.uleb128 0x13
 1298 00c3 38       		.uleb128 0x38
 1299 00c4 0B       		.uleb128 0xb
 1300 00c5 00       		.byte	0
 1301 00c6 00       		.byte	0
 1302 00c7 12       		.uleb128 0x12
 1303 00c8 2E       		.uleb128 0x2e
 1304 00c9 00       		.byte	0
 1305 00ca 03       		.uleb128 0x3
 1306 00cb 0E       		.uleb128 0xe
 1307 00cc 3A       		.uleb128 0x3a
 1308 00cd 0B       		.uleb128 0xb
 1309 00ce 3B       		.uleb128 0x3b
 1310 00cf 0B       		.uleb128 0xb
 1311 00d0 27       		.uleb128 0x27
 1312 00d1 19       		.uleb128 0x19
 1313 00d2 20       		.uleb128 0x20
 1314 00d3 0B       		.uleb128 0xb
 1315 00d4 00       		.byte	0
 1316 00d5 00       		.byte	0
 1317 00d6 13       		.uleb128 0x13
 1318 00d7 2E       		.uleb128 0x2e
 1319 00d8 01       		.byte	0x1
 1320 00d9 3F       		.uleb128 0x3f
 1321 00da 19       		.uleb128 0x19
 1322 00db 03       		.uleb128 0x3
 1323 00dc 0E       		.uleb128 0xe
 1324 00dd 3A       		.uleb128 0x3a
ARM GAS  C:\Users\Austina\AppData\Local\Temp\cc7vF5qy.s 			page 27


 1325 00de 0B       		.uleb128 0xb
 1326 00df 3B       		.uleb128 0x3b
 1327 00e0 0B       		.uleb128 0xb
 1328 00e1 27       		.uleb128 0x27
 1329 00e2 19       		.uleb128 0x19
 1330 00e3 49       		.uleb128 0x49
 1331 00e4 13       		.uleb128 0x13
 1332 00e5 8701     		.uleb128 0x87
 1333 00e7 19       		.uleb128 0x19
 1334 00e8 11       		.uleb128 0x11
 1335 00e9 01       		.uleb128 0x1
 1336 00ea 12       		.uleb128 0x12
 1337 00eb 06       		.uleb128 0x6
 1338 00ec 40       		.uleb128 0x40
 1339 00ed 18       		.uleb128 0x18
 1340 00ee 9742     		.uleb128 0x2117
 1341 00f0 19       		.uleb128 0x19
 1342 00f1 01       		.uleb128 0x1
 1343 00f2 13       		.uleb128 0x13
 1344 00f3 00       		.byte	0
 1345 00f4 00       		.byte	0
 1346 00f5 14       		.uleb128 0x14
 1347 00f6 1D       		.uleb128 0x1d
 1348 00f7 00       		.byte	0
 1349 00f8 31       		.uleb128 0x31
 1350 00f9 13       		.uleb128 0x13
 1351 00fa 11       		.uleb128 0x11
 1352 00fb 01       		.uleb128 0x1
 1353 00fc 12       		.uleb128 0x12
 1354 00fd 06       		.uleb128 0x6
 1355 00fe 58       		.uleb128 0x58
 1356 00ff 0B       		.uleb128 0xb
 1357 0100 59       		.uleb128 0x59
 1358 0101 0B       		.uleb128 0xb
 1359 0102 00       		.byte	0
 1360 0103 00       		.byte	0
 1361 0104 15       		.uleb128 0x15
 1362 0105 898201   		.uleb128 0x4109
 1363 0108 01       		.byte	0x1
 1364 0109 11       		.uleb128 0x11
 1365 010a 01       		.uleb128 0x1
 1366 010b 31       		.uleb128 0x31
 1367 010c 13       		.uleb128 0x13
 1368 010d 01       		.uleb128 0x1
 1369 010e 13       		.uleb128 0x13
 1370 010f 00       		.byte	0
 1371 0110 00       		.byte	0
 1372 0111 16       		.uleb128 0x16
 1373 0112 8A8201   		.uleb128 0x410a
 1374 0115 00       		.byte	0
 1375 0116 02       		.uleb128 0x2
 1376 0117 18       		.uleb128 0x18
 1377 0118 9142     		.uleb128 0x2111
 1378 011a 18       		.uleb128 0x18
 1379 011b 00       		.byte	0
 1380 011c 00       		.byte	0
 1381 011d 17       		.uleb128 0x17
ARM GAS  C:\Users\Austina\AppData\Local\Temp\cc7vF5qy.s 			page 28


 1382 011e 898201   		.uleb128 0x4109
 1383 0121 00       		.byte	0
 1384 0122 11       		.uleb128 0x11
 1385 0123 01       		.uleb128 0x1
 1386 0124 31       		.uleb128 0x31
 1387 0125 13       		.uleb128 0x13
 1388 0126 00       		.byte	0
 1389 0127 00       		.byte	0
 1390 0128 18       		.uleb128 0x18
 1391 0129 34       		.uleb128 0x34
 1392 012a 00       		.byte	0
 1393 012b 03       		.uleb128 0x3
 1394 012c 0E       		.uleb128 0xe
 1395 012d 3A       		.uleb128 0x3a
 1396 012e 0B       		.uleb128 0xb
 1397 012f 3B       		.uleb128 0x3b
 1398 0130 0B       		.uleb128 0xb
 1399 0131 49       		.uleb128 0x49
 1400 0132 13       		.uleb128 0x13
 1401 0133 3F       		.uleb128 0x3f
 1402 0134 19       		.uleb128 0x19
 1403 0135 3C       		.uleb128 0x3c
 1404 0136 19       		.uleb128 0x19
 1405 0137 00       		.byte	0
 1406 0138 00       		.byte	0
 1407 0139 19       		.uleb128 0x19
 1408 013a 26       		.uleb128 0x26
 1409 013b 00       		.byte	0
 1410 013c 49       		.uleb128 0x49
 1411 013d 13       		.uleb128 0x13
 1412 013e 00       		.byte	0
 1413 013f 00       		.byte	0
 1414 0140 1A       		.uleb128 0x1a
 1415 0141 2E       		.uleb128 0x2e
 1416 0142 00       		.byte	0
 1417 0143 3F       		.uleb128 0x3f
 1418 0144 19       		.uleb128 0x19
 1419 0145 3C       		.uleb128 0x3c
 1420 0146 19       		.uleb128 0x19
 1421 0147 6E       		.uleb128 0x6e
 1422 0148 0E       		.uleb128 0xe
 1423 0149 03       		.uleb128 0x3
 1424 014a 0E       		.uleb128 0xe
 1425 014b 3A       		.uleb128 0x3a
 1426 014c 0B       		.uleb128 0xb
 1427 014d 3B       		.uleb128 0x3b
 1428 014e 0B       		.uleb128 0xb
 1429 014f 00       		.byte	0
 1430 0150 00       		.byte	0
 1431 0151 1B       		.uleb128 0x1b
 1432 0152 2E       		.uleb128 0x2e
 1433 0153 00       		.byte	0
 1434 0154 3F       		.uleb128 0x3f
 1435 0155 19       		.uleb128 0x19
 1436 0156 3C       		.uleb128 0x3c
 1437 0157 19       		.uleb128 0x19
 1438 0158 6E       		.uleb128 0x6e
ARM GAS  C:\Users\Austina\AppData\Local\Temp\cc7vF5qy.s 			page 29


 1439 0159 0E       		.uleb128 0xe
 1440 015a 03       		.uleb128 0x3
 1441 015b 0E       		.uleb128 0xe
 1442 015c 3A       		.uleb128 0x3a
 1443 015d 0B       		.uleb128 0xb
 1444 015e 3B       		.uleb128 0x3b
 1445 015f 05       		.uleb128 0x5
 1446 0160 00       		.byte	0
 1447 0161 00       		.byte	0
 1448 0162 00       		.byte	0
 1449              		.section	.debug_aranges,"",%progbits
 1450 0000 1C000000 		.4byte	0x1c
 1451 0004 0200     		.2byte	0x2
 1452 0006 00000000 		.4byte	.Ldebug_info0
 1453 000a 04       		.byte	0x4
 1454 000b 00       		.byte	0
 1455 000c 0000     		.2byte	0
 1456 000e 0000     		.2byte	0
 1457 0010 00000000 		.4byte	.LFB426
 1458 0014 1C000000 		.4byte	.LFE426-.LFB426
 1459 0018 00000000 		.4byte	0
 1460 001c 00000000 		.4byte	0
 1461              		.section	.debug_ranges,"",%progbits
 1462              	.Ldebug_ranges0:
 1463 0000 00000000 		.4byte	.LFB426
 1464 0004 1C000000 		.4byte	.LFE426
 1465 0008 00000000 		.4byte	0
 1466 000c 00000000 		.4byte	0
 1467              		.section	.debug_line,"",%progbits
 1468              	.Ldebug_line0:
 1469 0000 9A020000 		.section	.debug_str,"MS",%progbits,1
 1469      02007302 
 1469      00000201 
 1469      FB0E0D00 
 1469      01010101 
 1470              	.LASF54:
 1471 0000 70726F74 		.ascii	"protBusMasterMask\000"
 1471      4275734D 
 1471      61737465 
 1471      724D6173 
 1471      6B00
 1472              	.LASF159:
 1473 0012 43795F42 		.ascii	"Cy_BLE_ProcessEvents\000"
 1473      4C455F50 
 1473      726F6365 
 1473      73734576 
 1473      656E7473 
 1474              	.LASF147:
 1475 0027 72784275 		.ascii	"rxBufSize\000"
 1475      6653697A 
 1475      6500
 1476              	.LASF64:
 1477 0031 666C6173 		.ascii	"flashCtlMainWs3Freq\000"
 1477      6843746C 
 1477      4D61696E 
 1477      57733346 
 1477      72657100 
ARM GAS  C:\Users\Austina\AppData\Local\Temp\cc7vF5qy.s 			page 30


 1478              	.LASF86:
 1479 0045 6770696F 		.ascii	"gpioPrtCfgInOffset\000"
 1479      50727443 
 1479      6667496E 
 1479      4F666673 
 1479      657400
 1480              	.LASF121:
 1481 0058 6D617374 		.ascii	"masterBuffer\000"
 1481      65724275 
 1481      66666572 
 1481      00
 1482              	.LASF30:
 1483 0065 63727970 		.ascii	"cryptoVersion\000"
 1483      746F5665 
 1483      7273696F 
 1483      6E00
 1484              	.LASF48:
 1485 0073 70657269 		.ascii	"periClockNr\000"
 1485      436C6F63 
 1485      6B4E7200 
 1486              	.LASF26:
 1487 007f 70617373 		.ascii	"passBase\000"
 1487      42617365 
 1487      00
 1488              	.LASF161:
 1489 0088 6D61696E 		.ascii	"main_cm0p.c\000"
 1489      5F636D30 
 1489      702E6300 
 1490              	.LASF102:
 1491 0094 63707573 		.ascii	"cpussRam2Ctl0\000"
 1491      7352616D 
 1491      3243746C 
 1491      3000
 1492              	.LASF39:
 1493 00a2 63707573 		.ascii	"cpussIpcIrqNr\000"
 1493      73497063 
 1493      4972714E 
 1493      7200
 1494              	.LASF3:
 1495 00b0 5F5F7569 		.ascii	"__uint8_t\000"
 1495      6E74385F 
 1495      7400
 1496              	.LASF125:
 1497 00ba 736C6176 		.ascii	"slaveStatus\000"
 1497      65537461 
 1497      74757300 
 1498              	.LASF41:
 1499 00c6 63707573 		.ascii	"cpussFlashPaSize\000"
 1499      73466C61 
 1499      73685061 
 1499      53697A65 
 1499      00
 1500              	.LASF162:
 1501 00d7 433A5C41 		.ascii	"C:\\Alen\\GitHub_Denzerek\\PSoC-6-BLE-ARM\\MainProj"
 1501      6C656E5C 
 1501      47697448 
 1501      75625F44 
ARM GAS  C:\Users\Austina\AppData\Local\Temp\cc7vF5qy.s 			page 31


 1501      656E7A65 
 1502 0106 6563745C 		.ascii	"ect\\BT_Central_Remote.cydsn\000"
 1502      42545F43 
 1502      656E7472 
 1502      616C5F52 
 1502      656D6F74 
 1503              	.LASF90:
 1504 0122 63707573 		.ascii	"cpussCm4ClockCtlOffset\000"
 1504      73436D34 
 1504      436C6F63 
 1504      6B43746C 
 1504      4F666673 
 1505              	.LASF19:
 1506 0139 63707573 		.ascii	"cpussBase\000"
 1506      73426173 
 1506      6500
 1507              	.LASF68:
 1508 0143 64774368 		.ascii	"dwChCtlPrioPos\000"
 1508      43746C50 
 1508      72696F50 
 1508      6F7300
 1509              	.LASF11:
 1510 0152 6C6F6E67 		.ascii	"long long unsigned int\000"
 1510      206C6F6E 
 1510      6720756E 
 1510      7369676E 
 1510      65642069 
 1511              	.LASF72:
 1512 0169 70657269 		.ascii	"periTrCmdOffset\000"
 1512      5472436D 
 1512      644F6666 
 1512      73657400 
 1513              	.LASF142:
 1514 0179 72785269 		.ascii	"rxRingBuf\000"
 1514      6E674275 
 1514      6600
 1515              	.LASF96:
 1516 0183 63707573 		.ascii	"cpussSysTickCtlOffset\000"
 1516      73537973 
 1516      5469636B 
 1516      43746C4F 
 1516      66667365 
 1517              	.LASF118:
 1518 0199 6D617374 		.ascii	"masterStatus\000"
 1518      65725374 
 1518      61747573 
 1518      00
 1519              	.LASF149:
 1520 01a6 74784275 		.ascii	"txBuf\000"
 1520      6600
 1521              	.LASF57:
 1522 01ac 666C6173 		.ascii	"flashPipeRequired\000"
 1522      68506970 
 1522      65526571 
 1522      75697265 
 1522      6400
 1523              	.LASF132:
ARM GAS  C:\Users\Austina\AppData\Local\Temp\cc7vF5qy.s 			page 32


 1524 01be 736C6176 		.ascii	"slaveRxBufferSize\000"
 1524      65527842 
 1524      75666665 
 1524      7253697A 
 1524      6500
 1525              	.LASF138:
 1526 01d0 63795F73 		.ascii	"cy_stc_scb_i2c_context\000"
 1526      74635F73 
 1526      63625F69 
 1526      32635F63 
 1526      6F6E7465 
 1527              	.LASF61:
 1528 01e7 666C6173 		.ascii	"flashCtlMainWs0Freq\000"
 1528      6843746C 
 1528      4D61696E 
 1528      57733046 
 1528      72657100 
 1529              	.LASF14:
 1530 01fb 696E7431 		.ascii	"int16_t\000"
 1530      365F7400 
 1531              	.LASF10:
 1532 0203 6C6F6E67 		.ascii	"long long int\000"
 1532      206C6F6E 
 1532      6720696E 
 1532      7400
 1533              	.LASF2:
 1534 0211 7369676E 		.ascii	"signed char\000"
 1534      65642063 
 1534      68617200 
 1535              	.LASF77:
 1536 021d 70657269 		.ascii	"periDivCmdTypeSelPos\000"
 1536      44697643 
 1536      6D645479 
 1536      70655365 
 1536      6C506F73 
 1537              	.LASF35:
 1538 0232 69706356 		.ascii	"ipcVersion\000"
 1538      65727369 
 1538      6F6E00
 1539              	.LASF97:
 1540 023d 63707573 		.ascii	"cpussCm0NmiCtlOffset\000"
 1540      73436D30 
 1540      4E6D6943 
 1540      746C4F66 
 1540      66736574 
 1541              	.LASF45:
 1542 0252 73727373 		.ascii	"srssNumClkpath\000"
 1542      4E756D43 
 1542      6C6B7061 
 1542      746800
 1543              	.LASF24:
 1544 0261 6873696F 		.ascii	"hsiomBase\000"
 1544      6D426173 
 1544      6500
 1545              	.LASF117:
 1546 026b 73746174 		.ascii	"state\000"
 1546      6500
ARM GAS  C:\Users\Austina\AppData\Local\Temp\cc7vF5qy.s 			page 33


 1547              	.LASF113:
 1548 0271 63795F63 		.ascii	"cy_cb_scb_i2c_handle_events_t\000"
 1548      625F7363 
 1548      625F6932 
 1548      635F6861 
 1548      6E646C65 
 1549              	.LASF7:
 1550 028f 6C6F6E67 		.ascii	"long int\000"
 1550      20696E74 
 1550      00
 1551              	.LASF120:
 1552 0298 6D617374 		.ascii	"masterRdDir\000"
 1552      65725264 
 1552      44697200 
 1553              	.LASF111:
 1554 02a4 43595F53 		.ascii	"CY_SCB_I2C_NAK\000"
 1554      43425F49 
 1554      32435F4E 
 1554      414B00
 1555              	.LASF55:
 1556 02b3 63727970 		.ascii	"cryptoMemSize\000"
 1556      746F4D65 
 1556      6D53697A 
 1556      6500
 1557              	.LASF21:
 1558 02c1 70657269 		.ascii	"periBase\000"
 1558      42617365 
 1558      00
 1559              	.LASF53:
 1560 02ca 73797350 		.ascii	"sysPmSimoPresent\000"
 1560      6D53696D 
 1560      6F507265 
 1560      73656E74 
 1560      00
 1561              	.LASF15:
 1562 02db 75696E74 		.ascii	"uint16_t\000"
 1562      31365F74 
 1562      00
 1563              	.LASF108:
 1564 02e4 646F7562 		.ascii	"double\000"
 1564      6C6500
 1565              	.LASF82:
 1566 02eb 70657269 		.ascii	"periDiv16_5CtlOffset\000"
 1566      44697631 
 1566      365F3543 
 1566      746C4F66 
 1566      66736574 
 1567              	.LASF46:
 1568 0300 73727373 		.ascii	"srssNumPll\000"
 1568      4E756D50 
 1568      6C6C00
 1569              	.LASF80:
 1570 030b 70657269 		.ascii	"periDiv8CtlOffset\000"
 1570      44697638 
 1570      43746C4F 
 1570      66667365 
 1570      7400
ARM GAS  C:\Users\Austina\AppData\Local\Temp\cc7vF5qy.s 			page 34


 1571              	.LASF87:
 1572 031d 6770696F 		.ascii	"gpioPrtCfgOutOffset\000"
 1572      50727443 
 1572      66674F75 
 1572      744F6666 
 1572      73657400 
 1573              	.LASF135:
 1574 0331 63624164 		.ascii	"cbAddr\000"
 1574      647200
 1575              	.LASF20:
 1576 0338 666C6173 		.ascii	"flashcBase\000"
 1576      68634261 
 1576      736500
 1577              	.LASF8:
 1578 0343 5F5F7569 		.ascii	"__uint32_t\000"
 1578      6E743332 
 1578      5F7400
 1579              	.LASF50:
 1580 034e 70617373 		.ascii	"passSarChannels\000"
 1580      53617243 
 1580      68616E6E 
 1580      656C7300 
 1581              	.LASF4:
 1582 035e 5F5F696E 		.ascii	"__int16_t\000"
 1582      7431365F 
 1582      7400
 1583              	.LASF148:
 1584 0368 72784275 		.ascii	"rxBufIdx\000"
 1584      66496478 
 1584      00
 1585              	.LASF78:
 1586 0371 70657269 		.ascii	"periDivCmdPaDivSelPos\000"
 1586      44697643 
 1586      6D645061 
 1586      44697653 
 1586      656C506F 
 1587              	.LASF93:
 1588 0387 63707573 		.ascii	"cpussCm4PwrCtlOffset\000"
 1588      73436D34 
 1588      50777243 
 1588      746C4F66 
 1588      66736574 
 1589              	.LASF150:
 1590 039c 74784275 		.ascii	"txBufSize\000"
 1590      6653697A 
 1590      6500
 1591              	.LASF88:
 1592 03a6 6770696F 		.ascii	"gpioPrtCfgSioOffset\000"
 1592      50727443 
 1592      66675369 
 1592      6F4F6666 
 1592      73657400 
 1593              	.LASF92:
 1594 03ba 63707573 		.ascii	"cpussCm0StatusOffset\000"
 1594      73436D30 
 1594      53746174 
 1594      75734F66 
ARM GAS  C:\Users\Austina\AppData\Local\Temp\cc7vF5qy.s 			page 35


 1594      66736574 
 1595              	.LASF12:
 1596 03cf 756E7369 		.ascii	"unsigned int\000"
 1596      676E6564 
 1596      20696E74 
 1596      00
 1597              	.LASF129:
 1598 03dc 736C6176 		.ascii	"slaveTxBufferIdx\000"
 1598      65547842 
 1598      75666665 
 1598      72496478 
 1598      00
 1599              	.LASF126:
 1600 03ed 736C6176 		.ascii	"slaveRdBufEmpty\000"
 1600      65526442 
 1600      7566456D 
 1600      70747900 
 1601              	.LASF73:
 1602 03fd 70657269 		.ascii	"periTrCmdGrSelMsk\000"
 1602      5472436D 
 1602      64477253 
 1602      656C4D73 
 1602      6B00
 1603              	.LASF9:
 1604 040f 6C6F6E67 		.ascii	"long unsigned int\000"
 1604      20756E73 
 1604      69676E65 
 1604      6420696E 
 1604      7400
 1605              	.LASF137:
 1606 0421 63795F63 		.ascii	"cy_cb_scb_uart_handle_events_t\000"
 1606      625F7363 
 1606      625F7561 
 1606      72745F68 
 1606      616E646C 
 1607              	.LASF155:
 1608 0440 55415254 		.ascii	"UART_context\000"
 1608      5F636F6E 
 1608      74657874 
 1608      00
 1609              	.LASF38:
 1610 044d 63707573 		.ascii	"cpussIpcNr\000"
 1610      73497063 
 1610      4E7200
 1611              	.LASF40:
 1612 0458 63707573 		.ascii	"cpussDwChNr\000"
 1612      73447743 
 1612      684E7200 
 1613              	.LASF63:
 1614 0464 666C6173 		.ascii	"flashCtlMainWs2Freq\000"
 1614      6843746C 
 1614      4D61696E 
 1614      57733246 
 1614      72657100 
 1615              	.LASF116:
 1616 0478 75736554 		.ascii	"useTxFifo\000"
 1616      78466966 
ARM GAS  C:\Users\Austina\AppData\Local\Temp\cc7vF5qy.s 			page 36


 1616      6F00
 1617              	.LASF74:
 1618 0482 70657269 		.ascii	"periTrGrOffset\000"
 1618      54724772 
 1618      4F666673 
 1618      657400
 1619              	.LASF101:
 1620 0491 63707573 		.ascii	"cpussRam1Ctl0\000"
 1620      7352616D 
 1620      3143746C 
 1620      3000
 1621              	.LASF134:
 1622 049f 63624576 		.ascii	"cbEvents\000"
 1622      656E7473 
 1622      00
 1623              	.LASF85:
 1624 04a8 6770696F 		.ascii	"gpioPrtCfgOffset\000"
 1624      50727443 
 1624      66674F66 
 1624      66736574 
 1624      00
 1625              	.LASF158:
 1626 04b9 43795F53 		.ascii	"Cy_SysEnableCM4\000"
 1626      7973456E 
 1626      61626C65 
 1626      434D3400 
 1627              	.LASF33:
 1628 04c9 6770696F 		.ascii	"gpioVersion\000"
 1628      56657273 
 1628      696F6E00 
 1629              	.LASF105:
 1630 04d5 63795F73 		.ascii	"cy_stc_device_t\000"
 1630      74635F64 
 1630      65766963 
 1630      655F7400 
 1631              	.LASF23:
 1632 04e5 70726F74 		.ascii	"protBase\000"
 1632      42617365 
 1632      00
 1633              	.LASF94:
 1634 04ee 63707573 		.ascii	"cpussTrimRamCtlOffset\000"
 1634      73547269 
 1634      6D52616D 
 1634      43746C4F 
 1634      66667365 
 1635              	.LASF131:
 1636 0504 736C6176 		.ascii	"slaveRxBuffer\000"
 1636      65527842 
 1636      75666665 
 1636      7200
 1637              	.LASF89:
 1638 0512 63707573 		.ascii	"cpussCm0ClockCtlOffset\000"
 1638      73436D30 
 1638      436C6F63 
 1638      6B43746C 
 1638      4F666673 
 1639              	.LASF28:
ARM GAS  C:\Users\Austina\AppData\Local\Temp\cc7vF5qy.s 			page 37


 1640 0529 63727970 		.ascii	"cryptoBase\000"
 1640      746F4261 
 1640      736500
 1641              	.LASF112:
 1642 0534 63795F65 		.ascii	"cy_en_scb_i2c_command_t\000"
 1642      6E5F7363 
 1642      625F6932 
 1642      635F636F 
 1642      6D6D616E 
 1643              	.LASF17:
 1644 054c 73697A65 		.ascii	"sizetype\000"
 1644      74797065 
 1644      00
 1645              	.LASF66:
 1646 0555 64774368 		.ascii	"dwChOffset\000"
 1646      4F666673 
 1646      657400
 1647              	.LASF123:
 1648 0560 6D617374 		.ascii	"masterBufferIdx\000"
 1648      65724275 
 1648      66666572 
 1648      49647800 
 1649              	.LASF79:
 1650 0570 70657269 		.ascii	"periDivCmdPaTypeSelPos\000"
 1650      44697643 
 1650      6D645061 
 1650      54797065 
 1650      53656C50 
 1651              	.LASF51:
 1652 0587 65704D6F 		.ascii	"epMonitorNr\000"
 1652      6E69746F 
 1652      724E7200 
 1653              	.LASF37:
 1654 0593 70726F74 		.ascii	"protVersion\000"
 1654      56657273 
 1654      696F6E00 
 1655              	.LASF70:
 1656 059f 64775374 		.ascii	"dwStatusChIdxPos\000"
 1656      61747573 
 1656      43684964 
 1656      78506F73 
 1656      00
 1657              	.LASF52:
 1658 05b0 75646250 		.ascii	"udbPresent\000"
 1658      72657365 
 1658      6E7400
 1659              	.LASF141:
 1660 05bb 72785374 		.ascii	"rxStatus\000"
 1660      61747573 
 1660      00
 1661              	.LASF32:
 1662 05c4 666C6173 		.ascii	"flashcVersion\000"
 1662      68635665 
 1662      7273696F 
 1662      6E00
 1663              	.LASF49:
 1664 05d2 736D6966 		.ascii	"smifDeviceNr\000"
ARM GAS  C:\Users\Austina\AppData\Local\Temp\cc7vF5qy.s 			page 38


 1664      44657669 
 1664      63654E72 
 1664      00
 1665              	.LASF163:
 1666 05df 5F5F656E 		.ascii	"__enable_irq\000"
 1666      61626C65 
 1666      5F697271 
 1666      00
 1667              	.LASF133:
 1668 05ec 736C6176 		.ascii	"slaveRxBufferIdx\000"
 1668      65527842 
 1668      75666665 
 1668      72496478 
 1668      00
 1669              	.LASF36:
 1670 05fd 70657269 		.ascii	"periVersion\000"
 1670      56657273 
 1670      696F6E00 
 1671              	.LASF107:
 1672 0609 666C6F61 		.ascii	"float\000"
 1672      7400
 1673              	.LASF71:
 1674 060f 64775374 		.ascii	"dwStatusChIdxMsk\000"
 1674      61747573 
 1674      43684964 
 1674      784D736B 
 1674      00
 1675              	.LASF154:
 1676 0620 63795F64 		.ascii	"cy_device\000"
 1676      65766963 
 1676      6500
 1677              	.LASF99:
 1678 062a 63707573 		.ascii	"cpussRomCtl\000"
 1678      73526F6D 
 1678      43746C00 
 1679              	.LASF69:
 1680 0636 64774368 		.ascii	"dwChCtlPreemptablePos\000"
 1680      43746C50 
 1680      7265656D 
 1680      70746162 
 1680      6C65506F 
 1681              	.LASF151:
 1682 064c 74784C65 		.ascii	"txLeftToTransmit\000"
 1682      6674546F 
 1682      5472616E 
 1682      736D6974 
 1682      00
 1683              	.LASF22:
 1684 065d 75646242 		.ascii	"udbBase\000"
 1684      61736500 
 1685              	.LASF110:
 1686 0665 43595F53 		.ascii	"CY_SCB_I2C_ACK\000"
 1686      43425F49 
 1686      32435F41 
 1686      434B00
 1687              	.LASF109:
 1688 0674 5F426F6F 		.ascii	"_Bool\000"
ARM GAS  C:\Users\Austina\AppData\Local\Temp\cc7vF5qy.s 			page 39


 1688      6C00
 1689              	.LASF1:
 1690 067a 756E7369 		.ascii	"unsigned char\000"
 1690      676E6564 
 1690      20636861 
 1690      7200
 1691              	.LASF65:
 1692 0688 666C6173 		.ascii	"flashCtlMainWs4Freq\000"
 1692      6843746C 
 1692      4D61696E 
 1692      57733446 
 1692      72657100 
 1693              	.LASF104:
 1694 069c 6970634C 		.ascii	"ipcLockStatusOffset\000"
 1694      6F636B53 
 1694      74617475 
 1694      734F6666 
 1694      73657400 
 1695              	.LASF83:
 1696 06b0 70657269 		.ascii	"periDiv24_5CtlOffset\000"
 1696      44697632 
 1696      345F3543 
 1696      746C4F66 
 1696      66736574 
 1697              	.LASF0:
 1698 06c5 73686F72 		.ascii	"short int\000"
 1698      7420696E 
 1698      7400
 1699              	.LASF100:
 1700 06cf 63707573 		.ascii	"cpussRam0Ctl0\000"
 1700      7352616D 
 1700      3043746C 
 1700      3000
 1701              	.LASF122:
 1702 06dd 6D617374 		.ascii	"masterBufferSize\000"
 1702      65724275 
 1702      66666572 
 1702      53697A65 
 1702      00
 1703              	.LASF76:
 1704 06ee 70657269 		.ascii	"periDivCmdDivSelMsk\000"
 1704      44697643 
 1704      6D644469 
 1704      7653656C 
 1704      4D736B00 
 1705              	.LASF119:
 1706 0702 6D617374 		.ascii	"masterPause\000"
 1706      65725061 
 1706      75736500 
 1707              	.LASF114:
 1708 070e 63795F63 		.ascii	"cy_cb_scb_i2c_handle_addr_t\000"
 1708      625F7363 
 1708      625F6932 
 1708      635F6861 
 1708      6E646C65 
 1709              	.LASF124:
 1710 072a 6D617374 		.ascii	"masterNumBytes\000"
ARM GAS  C:\Users\Austina\AppData\Local\Temp\cc7vF5qy.s 			page 40


 1710      65724E75 
 1710      6D427974 
 1710      657300
 1711              	.LASF130:
 1712 0739 736C6176 		.ascii	"slaveTxBufferCnt\000"
 1712      65547842 
 1712      75666665 
 1712      72436E74 
 1712      00
 1713              	.LASF60:
 1714 074a 666C6173 		.ascii	"flashEraseDelay\000"
 1714      68457261 
 1714      73654465 
 1714      6C617900 
 1715              	.LASF43:
 1716 075a 63707573 		.ascii	"cpussFmIrq\000"
 1716      73466D49 
 1716      727100
 1717              	.LASF75:
 1718 0765 70657269 		.ascii	"periTrGrSize\000"
 1718      54724772 
 1718      53697A65 
 1718      00
 1719              	.LASF156:
 1720 0772 4932435F 		.ascii	"I2C_1_context\000"
 1720      315F636F 
 1720      6E746578 
 1720      7400
 1721              	.LASF136:
 1722 0780 63795F73 		.ascii	"cy_stc_scb_i2c_context_t\000"
 1722      74635F73 
 1722      63625F69 
 1722      32635F63 
 1722      6F6E7465 
 1723              	.LASF160:
 1724 0799 474E5520 		.ascii	"GNU C11 5.4.1 20160609 (release) [ARM/embedded-5-br"
 1724      43313120 
 1724      352E342E 
 1724      31203230 
 1724      31363036 
 1725 07cc 616E6368 		.ascii	"anch revision 237715] -mcpu=cortex-m0plus -mthumb -"
 1725      20726576 
 1725      6973696F 
 1725      6E203233 
 1725      37373135 
 1726 07ff 67202D4F 		.ascii	"g -Og -ffunction-sections -ffat-lto-objects\000"
 1726      67202D66 
 1726      66756E63 
 1726      74696F6E 
 1726      2D736563 
 1727              	.LASF18:
 1728 082b 6C6F6E67 		.ascii	"long double\000"
 1728      20646F75 
 1728      626C6500 
 1729              	.LASF106:
 1730 0837 63686172 		.ascii	"char\000"
 1730      00
ARM GAS  C:\Users\Austina\AppData\Local\Temp\cc7vF5qy.s 			page 41


 1731              	.LASF62:
 1732 083c 666C6173 		.ascii	"flashCtlMainWs1Freq\000"
 1732      6843746C 
 1732      4D61696E 
 1732      57733146 
 1732      72657100 
 1733              	.LASF5:
 1734 0850 5F5F7569 		.ascii	"__uint16_t\000"
 1734      6E743136 
 1734      5F7400
 1735              	.LASF81:
 1736 085b 70657269 		.ascii	"periDiv16CtlOffset\000"
 1736      44697631 
 1736      3643746C 
 1736      4F666673 
 1736      657400
 1737              	.LASF34:
 1738 086e 6873696F 		.ascii	"hsiomVersion\000"
 1738      6D566572 
 1738      73696F6E 
 1738      00
 1739              	.LASF59:
 1740 087b 666C6173 		.ascii	"flashProgramDelay\000"
 1740      6850726F 
 1740      6772616D 
 1740      44656C61 
 1740      7900
 1741              	.LASF144:
 1742 088d 72785269 		.ascii	"rxRingBufHead\000"
 1742      6E674275 
 1742      66486561 
 1742      6400
 1743              	.LASF143:
 1744 089b 72785269 		.ascii	"rxRingBufSize\000"
 1744      6E674275 
 1744      6653697A 
 1744      6500
 1745              	.LASF6:
 1746 08a9 73686F72 		.ascii	"short unsigned int\000"
 1746      7420756E 
 1746      7369676E 
 1746      65642069 
 1746      6E7400
 1747              	.LASF67:
 1748 08bc 64774368 		.ascii	"dwChSize\000"
 1748      53697A65 
 1748      00
 1749              	.LASF103:
 1750 08c5 69706353 		.ascii	"ipcStructSize\000"
 1750      74727563 
 1750      7453697A 
 1750      6500
 1751              	.LASF115:
 1752 08d3 75736552 		.ascii	"useRxFifo\000"
 1752      78466966 
 1752      6F00
 1753              	.LASF42:
ARM GAS  C:\Users\Austina\AppData\Local\Temp\cc7vF5qy.s 			page 42


 1754 08dd 63707573 		.ascii	"cpussIpc0Irq\000"
 1754      73497063 
 1754      30497271 
 1754      00
 1755              	.LASF25:
 1756 08ea 6770696F 		.ascii	"gpioBase\000"
 1756      42617365 
 1756      00
 1757              	.LASF152:
 1758 08f3 696E6974 		.ascii	"initKey\000"
 1758      4B657900 
 1759              	.LASF146:
 1760 08fb 72784275 		.ascii	"rxBuf\000"
 1760      6600
 1761              	.LASF127:
 1762 0901 736C6176 		.ascii	"slaveTxBuffer\000"
 1762      65547842 
 1762      75666665 
 1762      7200
 1763              	.LASF128:
 1764 090f 736C6176 		.ascii	"slaveTxBufferSize\000"
 1764      65547842 
 1764      75666665 
 1764      7253697A 
 1764      6500
 1765              	.LASF153:
 1766 0921 63795F73 		.ascii	"cy_stc_scb_uart_context_t\000"
 1766      74635F73 
 1766      63625F75 
 1766      6172745F 
 1766      636F6E74 
 1767              	.LASF47:
 1768 093b 73727373 		.ascii	"srssNumHfroot\000"
 1768      4E756D48 
 1768      66726F6F 
 1768      7400
 1769              	.LASF157:
 1770 0949 43795F42 		.ascii	"Cy_BLE_Start\000"
 1770      4C455F53 
 1770      74617274 
 1770      00
 1771              	.LASF44:
 1772 0956 63707573 		.ascii	"cpussNotConnectedIrq\000"
 1772      734E6F74 
 1772      436F6E6E 
 1772      65637465 
 1772      64497271 
 1773              	.LASF98:
 1774 096b 63707573 		.ascii	"cpussCm4NmiCtlOffset\000"
 1774      73436D34 
 1774      4E6D6943 
 1774      746C4F66 
 1774      66736574 
 1775              	.LASF58:
 1776 0980 666C6173 		.ascii	"flashWriteDelay\000"
 1776      68577269 
 1776      74654465 
ARM GAS  C:\Users\Austina\AppData\Local\Temp\cc7vF5qy.s 			page 43


 1776      6C617900 
 1777              	.LASF13:
 1778 0990 75696E74 		.ascii	"uint8_t\000"
 1778      385F7400 
 1779              	.LASF91:
 1780 0998 63707573 		.ascii	"cpussCm4StatusOffset\000"
 1780      73436D34 
 1780      53746174 
 1780      75734F66 
 1780      66736574 
 1781              	.LASF84:
 1782 09ad 6770696F 		.ascii	"gpioPrtIntrCfgOffset\000"
 1782      50727449 
 1782      6E747243 
 1782      66674F66 
 1782      66736574 
 1783              	.LASF145:
 1784 09c2 72785269 		.ascii	"rxRingBufTail\000"
 1784      6E674275 
 1784      66546169 
 1784      6C00
 1785              	.LASF95:
 1786 09d0 63707573 		.ascii	"cpussTrimRomCtlOffset\000"
 1786      73547269 
 1786      6D526F6D 
 1786      43746C4F 
 1786      66667365 
 1787              	.LASF140:
 1788 09e6 74785374 		.ascii	"txStatus\000"
 1788      61747573 
 1788      00
 1789              	.LASF31:
 1790 09ef 64775665 		.ascii	"dwVersion\000"
 1790      7273696F 
 1790      6E00
 1791              	.LASF27:
 1792 09f9 69706342 		.ascii	"ipcBase\000"
 1792      61736500 
 1793              	.LASF164:
 1794 0a01 6D61696E 		.ascii	"main\000"
 1794      00
 1795              	.LASF139:
 1796 0a06 63795F73 		.ascii	"cy_stc_scb_uart_context\000"
 1796      74635F73 
 1796      63625F75 
 1796      6172745F 
 1796      636F6E74 
 1797              	.LASF29:
 1798 0a1e 63707573 		.ascii	"cpussVersion\000"
 1798      73566572 
 1798      73696F6E 
 1798      00
 1799              	.LASF16:
 1800 0a2b 75696E74 		.ascii	"uint32_t\000"
 1800      33325F74 
 1800      00
 1801              	.LASF56:
ARM GAS  C:\Users\Austina\AppData\Local\Temp\cc7vF5qy.s 			page 44


 1802 0a34 666C6173 		.ascii	"flashRwwRequired\000"
 1802      68527777 
 1802      52657175 
 1802      69726564 
 1802      00
 1803              		.ident	"GCC: (GNU Tools for ARM Embedded Processors) 5.4.1 20160609 (release) [ARM/embedded-5-bran
